{
  "started_at": "2026-06-20T22:11:18.050006Z",
  "params": {
    "profile": "conservative",
    "threshold": 0.62,
    "max_entry_price": 0.75,
    "stake_usd": 5.0,
    "stop_loss_pct": 0.0,
    "exit_before_sec": 5,
    "min_entry_seconds_left": 60,
    "entry_timeout_min": 5,
    "poll_sec": 2.0,
    "close_retry_max": 30,
    "close_retry_delay_sec": 2.0,
    "execute": true
  },
  "attempts": [
    {
      "ts": "2026-06-20T22:11:18.476548Z",
      "slug": "xrp-updown-5m-1781993400",
      "status": "heartbeat",
      "gamma_up": 0.48,
      "gamma_down": 0.52,
      "clob_up_ask": 0.09,
      "clob_down_ask": 0.92,
      "seconds_left": 221.90791702270508,
      "min_spread": 0.009999999999999995
    },
    {
      "ts": "2026-06-20T22:11:18.476559Z",
      "slug": "xrp-updown-5m-1781993400",
      "status": "skip_price_outside_band",
      "threshold": 0.62,
      "max_entry_price": 0.75,
      "clob_up_ask": 0.09,
      "clob_down_ask": 0.92,
      "seconds_left": 221.90791702270508
    },
    {
      "ts": "2026-06-20T22:11:20.930922Z",
      "slug": "xrp-updown-5m-1781993400",
      "status": "heartbeat",
      "gamma_up": 0.48,
      "gamma_down": 0.52,
      "clob_up_ask": 0.09,
      "clob_down_ask": 0.92,
      "seconds_left": 219.46463012695312,
      "min_spread": 0.009999999999999995
    },
    {
      "ts": "2026-06-20T22:11:20.930950Z",
      "slug": "xrp-updown-5m-1781993400",
      "status": "skip_price_outside_band",
      "threshold": 0.62,
      "max_entry_price": 0.75,
      "clob_up_ask": 0.09,
      "clob_down_ask": 0.92,
      "seconds_left": 219.46463012695312
    },
    {
      "ts": "2026-06-20T22:11:23.411982Z",
      "slug": "xrp-updown-5m-1781993400",
      "status": "heartbeat",
      "gamma_up": 0.48,
      "gamma_down": 0.52,
      "clob_up_ask": 0.1,
      "clob_down_ask": 0.91,
      "seconds_left": 216.93816494941711,
      "min_spread": 0.010000000000000009
    },
    {
      "ts": "2026-06-20T22:11:23.412016Z",
      "slug": "xrp-updown-5m-1781993400",
      "status": "skip_price_outside_band",
      "threshold": 0.62,
      "max_entry_price": 0.75,
      "clob_up_ask": 0.1,
      "clob_down_ask": 0.91,
      "seconds_left": 216.93816494941711
    },
    {
      "ts": "2026-06-20T22:11:25.814628Z",
      "slug": "xrp-updown-5m-1781993400",
      "status": "heartbeat",
      "gamma_up": 0.48,
      "gamma_down": 0.52,
      "clob_up_ask": 0.1,
      "clob_down_ask": 0.91,
      "seconds_left": 214.54939699172974,
      "min_spread": 0.010000000000000009
    },
    {
      "ts": "2026-06-20T22:11:25.814636Z",
      "slug": "xrp-updown-5m-1781993400",
      "status": "skip_price_outside_band",
      "threshold": 0.62,
      "max_entry_price": 0.75,
      "clob_up_ask": 0.1,
      "clob_down_ask": 0.91,
      "seconds_left": 214.54939699172974
    },
    {
      "ts": "2026-06-20T22:11:28.269601Z",
      "slug": "xrp-updown-5m-1781993400",
      "status": "heartbeat",
      "gamma_up": 0.48,
      "gamma_down": 0.52,
      "clob_up_ask": 0.09,
      "clob_down_ask": 0.92,
      "seconds_left": 212.1226291656494,
      "min_spread": 0.009999999999999995
    },
    {
      "ts": "2026-06-20T22:11:28.269627Z",
      "slug": "xrp-updown-5m-1781993400",
      "status": "skip_price_outside_band",
      "threshold": 0.62,
      "max_entry_price": 0.75,
      "clob_up_ask": 0.09,
      "clob_down_ask": 0.92,
      "seconds_left": 212.1226291656494
    },
    {
      "ts": "2026-06-20T22:11:30.742248Z",
      "slug": "xrp-updown-5m-1781993400",
      "status": "heartbeat",
      "gamma_up": 0.48,
      "gamma_down": 0.52,
      "clob_up_ask": 0.09,
      "clob_down_ask": 0.92,
      "seconds_left": 209.58825302124023,
      "min_spread": 0.009999999999999995
    },
    {
      "ts": "2026-06-20T22:11:30.742265Z",
      "slug": "xrp-updown-5m-1781993400",
      "status": "skip_price_outside_band",
      "threshold": 0.62,
      "max_entry_price": 0.75,
      "clob_up_ask": 0.09,
      "clob_down_ask": 0.92,
      "seconds_left": 209.58825302124023
    },
    {
      "ts": "2026-06-20T22:11:33.150014Z",
      "slug": "xrp-updown-5m-1781993400",
      "status": "heartbeat",
      "gamma_up": 0.48,
      "gamma_down": 0.52,
      "clob_up_ask": 0.09,
      "clob_down_ask": 0.92,
      "seconds_left": 207.2040638923645,
      "min_spread": 0.009999999999999995
    },
    {
      "ts": "2026-06-20T22:11:33.150038Z",
      "slug": "xrp-updown-5m-1781993400",
      "status": "skip_price_outside_band",
      "threshold": 0.62,
      "max_entry_price": 0.75,
      "clob_up_ask": 0.09,
      "clob_down_ask": 0.92,
      "seconds_left": 207.2040638923645
    },
    {
      "ts": "2026-06-20T22:11:35.523288Z",
      "slug": "xrp-updown-5m-1781993400",
      "status": "heartbeat",
      "gamma_up": 0.48,
      "gamma_down": 0.52,
      "clob_up_ask": 0.09,
      "clob_down_ask": 0.92,
      "seconds_left": 204.80437707901,
      "min_spread": 0.009999999999999995
    },
    {
      "ts": "2026-06-20T22:11:35.523298Z",
      "slug": "xrp-updown-5m-1781993400",
      "status": "skip_price_outside_band",
      "threshold": 0.62,
      "max_entry_price": 0.75,
      "clob_up_ask": 0.09,
      "clob_down_ask": 0.92,
      "seconds_left": 204.80437707901
    },
    {
      "ts": "2026-06-20T22:11:37.912786Z",
      "slug": "xrp-updown-5m-1781993400",
      "status": "heartbeat",
      "gamma_up": 0.48,
      "gamma_down": 0.52,
      "clob_up_ask": 0.09,
      "clob_down_ask": 0.92,
      "seconds_left": 202.4136040210724,
      "min_spread": 0.009999999999999995
    },
    {
      "ts": "2026-06-20T22:11:37.912805Z",
      "slug": "xrp-updown-5m-1781993400",
      "status": "skip_price_outside_band",
      "threshold": 0.62,
      "max_entry_price": 0.75,
      "clob_up_ask": 0.09,
      "clob_down_ask": 0.92,
      "seconds_left": 202.4136040210724
    },
    {
      "ts": "2026-06-20T22:11:40.327274Z",
      "slug": "xrp-updown-5m-1781993400",
      "status": "heartbeat",
      "gamma_up": 0.48,
      "gamma_down": 0.52,
      "clob_up_ask": 0.09,
      "clob_down_ask": 0.92,
      "seconds_left": 200.0219841003418,
      "min_spread": 0.009999999999999995
    },
    {
      "ts": "2026-06-20T22:11:40.327288Z",
      "slug": "xrp-updown-5m-1781993400",
      "status": "skip_price_outside_band",
      "threshold": 0.62,
      "max_entry_price": 0.75,
      "clob_up_ask": 0.09,
      "clob_down_ask": 0.92,
      "seconds_left": 200.0219841003418
    },
    {
      "ts": "2026-06-20T22:11:42.796168Z",
      "slug": "xrp-updown-5m-1781993400",
      "status": "heartbeat",
      "gamma_up": 0.48,
      "gamma_down": 0.52,
      "clob_up_ask": 0.09,
      "clob_down_ask": 0.92,
      "seconds_left": 197.5324511528015,
      "min_spread": 0.009999999999999995
    },
    {
      "ts": "2026-06-20T22:11:42.796211Z",
      "slug": "xrp-updown-5m-1781993400",
      "status": "skip_price_outside_band",
      "threshold": 0.62,
      "max_entry_price": 0.75,
      "clob_up_ask": 0.09,
      "clob_down_ask": 0.92,
      "seconds_left": 197.5324511528015
    },
    {
      "ts": "2026-06-20T22:11:45.208787Z",
      "slug": "xrp-updown-5m-1781993400",
      "status": "heartbeat",
      "gamma_up": 0.48,
      "gamma_down": 0.52,
      "clob_up_ask": 0.09,
      "clob_down_ask": 0.92,
      "seconds_left": 195.14016699790955,
      "min_spread": 0.009999999999999995
    },
    {
      "ts": "2026-06-20T22:11:45.208794Z",
      "slug": "xrp-updown-5m-1781993400",
      "status": "skip_price_outside_band",
      "threshold": 0.62,
      "max_entry_price": 0.75,
      "clob_up_ask": 0.09,
      "clob_down_ask": 0.92,
      "seconds_left": 195.14016699790955
    },
    {
      "ts": "2026-06-20T22:11:47.579066Z",
      "slug": "xrp-updown-5m-1781993400",
      "status": "heartbeat",
      "gamma_up": 0.48,
      "gamma_down": 0.52,
      "clob_up_ask": 0.09,
      "clob_down_ask": 0.92,
      "seconds_left": 192.74890112876892,
      "min_spread": 0.009999999999999995
    },
    {
      "ts": "2026-06-20T22:11:47.579075Z",
      "slug": "xrp-updown-5m-1781993400",
      "status": "skip_price_outside_band",
      "threshold": 0.62,
      "max_entry_price": 0.75,
      "clob_up_ask": 0.09,
      "clob_down_ask": 0.92,
      "seconds_left": 192.74890112876892
    },
    {
      "ts": "2026-06-20T22:11:49.960229Z",
      "slug": "xrp-updown-5m-1781993400",
      "status": "heartbeat",
      "gamma_up": 0.48,
      "gamma_down": 0.52,
      "clob_up_ask": 0.08,
      "clob_down_ask": 0.94,
      "seconds_left": 190.37491607666016,
      "min_spread": 0.019999999999999907
    },
    {
      "ts": "2026-06-20T22:11:49.960239Z",
      "slug": "xrp-updown-5m-1781993400",
      "status": "skip_price_outside_band",
      "threshold": 0.62,
      "max_entry_price": 0.75,
      "clob_up_ask": 0.08,
      "clob_down_ask": 0.94,
      "seconds_left": 190.37491607666016
    },
    {
      "ts": "2026-06-20T22:11:52.386452Z",
      "slug": "xrp-updown-5m-1781993400",
      "status": "heartbeat",
      "gamma_up": 0.48,
      "gamma_down": 0.52,
      "clob_up_ask": 0.08,
      "clob_down_ask": 0.94,
      "seconds_left": 187.98721885681152,
      "min_spread": 0.019999999999999907
    },
    {
      "ts": "2026-06-20T22:11:52.386463Z",
      "slug": "xrp-updown-5m-1781993400",
      "status": "skip_price_outside_band",
      "threshold": 0.62,
      "max_entry_price": 0.75,
      "clob_up_ask": 0.08,
      "clob_down_ask": 0.94,
      "seconds_left": 187.98721885681152
    },
    {
      "ts": "2026-06-20T22:11:55.019849Z",
      "slug": "xrp-updown-5m-1781993400",
      "status": "heartbeat",
      "gamma_up": 0.085,
      "gamma_down": 0.915,
      "clob_up_ask": 0.08,
      "clob_down_ask": 0.94,
      "seconds_left": 185.31514596939087,
      "min_spread": 0.019999999999999907
    },
    {
      "ts": "2026-06-20T22:11:55.019865Z",
      "slug": "xrp-updown-5m-1781993400",
      "status": "skip_price_outside_band",
      "threshold": 0.62,
      "max_entry_price": 0.75,
      "clob_up_ask": 0.08,
      "clob_down_ask": 0.94,
      "seconds_left": 185.31514596939087
    },
    {
      "ts": "2026-06-20T22:11:57.482740Z",
      "slug": "xrp-updown-5m-1781993400",
      "status": "heartbeat",
      "gamma_up": 0.085,
      "gamma_down": 0.915,
      "clob_up_ask": 0.07,
      "clob_down_ask": 0.94,
      "seconds_left": 182.84967184066772,
      "min_spread": 0.009999999999999898
    },
    {
      "ts": "2026-06-20T22:11:57.482754Z",
      "slug": "xrp-updown-5m-1781993400",
      "status": "skip_price_outside_band",
      "threshold": 0.62,
      "max_entry_price": 0.75,
      "clob_up_ask": 0.07,
      "clob_down_ask": 0.94,
      "seconds_left": 182.84967184066772
    },
    {
      "ts": "2026-06-20T22:11:59.886760Z",
      "slug": "xrp-updown-5m-1781993400",
      "status": "heartbeat",
      "gamma_up": 0.085,
      "gamma_down": 0.915,
      "clob_up_ask": 0.07,
      "clob_down_ask": 0.94,
      "seconds_left": 180.46292996406555,
      "min_spread": 0.009999999999999898
    },
    {
      "ts": "2026-06-20T22:11:59.886777Z",
      "slug": "xrp-updown-5m-1781993400",
      "status": "skip_price_outside_band",
      "threshold": 0.62,
      "max_entry_price": 0.75,
      "clob_up_ask": 0.07,
      "clob_down_ask": 0.94,
      "seconds_left": 180.46292996406555
    },
    {
      "ts": "2026-06-20T22:12:02.348973Z",
      "slug": "xrp-updown-5m-1781993400",
      "status": "heartbeat",
      "gamma_up": 0.085,
      "gamma_down": 0.915,
      "clob_up_ask": 0.07,
      "clob_down_ask": 0.94,
      "seconds_left": 178.04745388031006,
      "min_spread": 0.009999999999999898
    },
    {
      "ts": "2026-06-20T22:12:02.348998Z",
      "slug": "xrp-updown-5m-1781993400",
      "status": "skip_price_outside_band",
      "threshold": 0.62,
      "max_entry_price": 0.75,
      "clob_up_ask": 0.07,
      "clob_down_ask": 0.94,
      "seconds_left": 178.04745388031006
    },
    {
      "ts": "2026-06-20T22:12:04.826464Z",
      "slug": "xrp-updown-5m-1781993400",
      "status": "heartbeat",
      "gamma_up": 0.085,
      "gamma_down": 0.915,
      "clob_up_ask": 0.19,
      "clob_down_ask": 0.87,
      "seconds_left": 175.50761198997498,
      "min_spread": 0.050000000000000044
    },
    {
      "ts": "2026-06-20T22:12:04.826493Z",
      "slug": "xrp-updown-5m-1781993400",
      "status": "skip_price_outside_band",
      "threshold": 0.62,
      "max_entry_price": 0.75,
      "clob_up_ask": 0.19,
      "clob_down_ask": 0.87,
      "seconds_left": 175.50761198997498
    },
    {
      "ts": "2026-06-20T22:12:07.232614Z",
      "slug": "xrp-updown-5m-1781993400",
      "status": "heartbeat",
      "gamma_up": 0.085,
      "gamma_down": 0.915,
      "clob_up_ask": 0.23,
      "clob_down_ask": 0.79,
      "seconds_left": 173.12227988243103,
      "min_spread": 0.020000000000000018
    },
    {
      "ts": "2026-06-20T22:12:07.232632Z",
      "slug": "xrp-updown-5m-1781993400",
      "status": "skip_price_outside_band",
      "threshold": 0.62,
      "max_entry_price": 0.75,
      "clob_up_ask": 0.23,
      "clob_down_ask": 0.79,
      "seconds_left": 173.12227988243103
    },
    {
      "ts": "2026-06-20T22:12:09.688423Z",
      "slug": "xrp-updown-5m-1781993400",
      "status": "heartbeat",
      "gamma_up": 0.085,
      "gamma_down": 0.915,
      "clob_up_ask": 0.24,
      "clob_down_ask": 0.78,
      "seconds_left": 170.7145390510559,
      "min_spread": 0.01999999999999999
    },
    {
      "ts": "2026-06-20T22:12:09.688446Z",
      "slug": "xrp-updown-5m-1781993400",
      "status": "skip_price_outside_band",
      "threshold": 0.62,
      "max_entry_price": 0.75,
      "clob_up_ask": 0.24,
      "clob_down_ask": 0.78,
      "seconds_left": 170.7145390510559
    },
    {
      "ts": "2026-06-20T22:12:12.164765Z",
      "slug": "xrp-updown-5m-1781993400",
      "status": "heartbeat",
      "gamma_up": 0.085,
      "gamma_down": 0.915,
      "clob_up_ask": 0.24,
      "clob_down_ask": 0.78,
      "seconds_left": 168.16675996780396,
      "min_spread": 0.01999999999999999
    },
    {
      "ts": "2026-06-20T22:12:12.164782Z",
      "slug": "xrp-updown-5m-1781993400",
      "status": "skip_price_outside_band",
      "threshold": 0.62,
      "max_entry_price": 0.75,
      "clob_up_ask": 0.24,
      "clob_down_ask": 0.78,
      "seconds_left": 168.16675996780396
    },
    {
      "ts": "2026-06-20T22:12:14.569993Z",
      "slug": "xrp-updown-5m-1781993400",
      "status": "heartbeat",
      "gamma_up": 0.085,
      "gamma_down": 0.915,
      "clob_up_ask": 0.23,
      "clob_down_ask": 0.78,
      "seconds_left": 165.77979397773743,
      "min_spread": 0.010000000000000009
    },
    {
      "ts": "2026-06-20T22:12:14.570025Z",
      "slug": "xrp-updown-5m-1781993400",
      "status": "skip_price_outside_band",
      "threshold": 0.62,
      "max_entry_price": 0.75,
      "clob_up_ask": 0.23,
      "clob_down_ask": 0.78,
      "seconds_left": 165.77979397773743
    },
    {
      "ts": "2026-06-20T22:12:17.029060Z",
      "slug": "xrp-updown-5m-1781993400",
      "status": "heartbeat",
      "gamma_up": 0.085,
      "gamma_down": 0.915,
      "clob_up_ask": 0.25,
      "clob_down_ask": 0.77,
      "seconds_left": 163.37223982810974,
      "min_spread": 0.01999999999999999
    },
    {
      "ts": "2026-06-20T22:12:17.029084Z",
      "slug": "xrp-updown-5m-1781993400",
      "status": "skip_price_outside_band",
      "threshold": 0.62,
      "max_entry_price": 0.75,
      "clob_up_ask": 0.25,
      "clob_down_ask": 0.77,
      "seconds_left": 163.37223982810974
    },
    {
      "ts": "2026-06-20T22:12:19.491141Z",
      "slug": "xrp-updown-5m-1781993400",
      "status": "heartbeat",
      "gamma_up": 0.085,
      "gamma_down": 0.915,
      "clob_up_ask": 0.25,
      "clob_down_ask": 0.77,
      "seconds_left": 160.83258605003357,
      "min_spread": 0.01999999999999999
    },
    {
      "ts": "2026-06-20T22:12:19.491153Z",
      "slug": "xrp-updown-5m-1781993400",
      "status": "skip_price_outside_band",
      "threshold": 0.62,
      "max_entry_price": 0.75,
      "clob_up_ask": 0.25,
      "clob_down_ask": 0.77,
      "seconds_left": 160.83258605003357
    },
    {
      "ts": "2026-06-20T22:12:21.910280Z",
      "slug": "xrp-updown-5m-1781993400",
      "status": "heartbeat",
      "gamma_up": 0.085,
      "gamma_down": 0.915,
      "clob_up_ask": 0.24,
      "clob_down_ask": 0.77,
      "seconds_left": 158.4478678703308,
      "min_spread": 0.009999999999999981
    },
    {
      "ts": "2026-06-20T22:12:21.910293Z",
      "slug": "xrp-updown-5m-1781993400",
      "status": "skip_price_outside_band",
      "threshold": 0.62,
      "max_entry_price": 0.75,
      "clob_up_ask": 0.24,
      "clob_down_ask": 0.77,
      "seconds_left": 158.4478678703308
    },
    {
      "ts": "2026-06-20T22:12:24.369573Z",
      "slug": "xrp-updown-5m-1781993400",
      "status": "heartbeat",
      "gamma_up": 0.085,
      "gamma_down": 0.915,
      "clob_up_ask": 0.24,
      "clob_down_ask": 0.77,
      "seconds_left": 156.04551911354065,
      "min_spread": 0.009999999999999981
    },
    {
      "ts": "2026-06-20T22:12:24.369599Z",
      "slug": "xrp-updown-5m-1781993400",
      "status": "skip_price_outside_band",
      "threshold": 0.62,
      "max_entry_price": 0.75,
      "clob_up_ask": 0.24,
      "clob_down_ask": 0.77,
      "seconds_left": 156.04551911354065
    },
    {
      "ts": "2026-06-20T22:12:26.840748Z",
      "slug": "xrp-updown-5m-1781993400",
      "status": "heartbeat",
      "gamma_up": 0.085,
      "gamma_down": 0.915,
      "clob_up_ask": 0.32,
      "clob_down_ask": 0.69,
      "seconds_left": 153.50017404556274,
      "min_spread": 0.009999999999999898
    }
  ],
  "balance_errors": [],
  "open_raw": "{\"order_post_result\": {\"errorMsg\": \"\", \"orderID\": \"0xb56657b2db7758501c2a0d7b46125e3f331a135a746992b80710fd27f0049956\", \"takingAmount\": \"8.389829\", \"makingAmount\": \"4.949999\", \"status\": \"matched\", \"transactionsHashes\": [\"0xd1fc5db3270d8e7fc0aa19669cb1ddfc3878c1d814f958cc5bb976164d4d19e1\"], \"success\": true}, \"entry_price\": 0.5899999868888864, \"market_slug\": \"xrp-updown-5m-1781993400\", \"token_id\": \"88976379778750157623718720830614816480175796760604861679976133334549029126220\", \"side\": \"DOWN\", \"best_bid\": 0.01, \"best_ask\": 0.99, \"price\": 0.99, \"size\": 5.0, \"budget_usd\": 5.0, \"min_order_size\": 5.0, \"neg_risk\": false, \"execute\": true}\n\n",
  "opened": {
    "opened_at": "2026-06-20T22:12:30.659290Z",
    "market_slug": "xrp-updown-5m-1781993400",
    "market_end_iso": "2026-06-20T22:15:00Z",
    "side": "DOWN",
    "token_id": "88976379778750157623718720830614816480175796760604861679976133334549029126220",
    "entry_price": 0.6069323939737031,
    "shares": 8.389829,
    "shares_requested": 8.389829,
    "cost_usdc": 5.092059,
    "cost_requested_usdc": 4.949999,
    "ctf_balance_after_open": 8.389829,
    "pusd_balance_after_open": 40.407419,
    "settle_wait_sec": 1.58,
    "balance_unconfirmed": false,
    "open_order_id": "0xb56657b2db7758501c2a0d7b46125e3f331a135a746992b80710fd27f0049956",
    "open_tx": "0xd1fc5db3270d8e7fc0aa19669cb1ddfc3878c1d814f958cc5bb976164d4d19e1"
  },
  "stop_loss_price": null,
  "close_debug": [
    {
      "ts": "2026-06-20T22:16:38.154665Z",
      "mode": "hold_to_settlement",
      "redeem_wait_sec": 97.03,
      "ctf_remaining": 0.0
    }
  ],
  "closed": {
    "close_reason": "held_to_settlement",
    "closed_at": "2026-06-20T22:16:38.154646Z",
    "close_success": true,
    "close_status": "redeemed",
    "close_order_id": null,
    "close_tx": null,
    "close_shares": 8.389829,
    "close_shares_requested": 8.389829,
    "close_usdc": 0.0,
    "close_usdc_requested": 0.0,
    "ctf_remaining": 0.0,
    "pusd_balance_after_close": 38.269519,
    "position_closed_on_chain": true,
    "close_settle_wait_sec": 97.03,
    "close_skipped": ""
  },
  "realized_cashflow_pnl_usdc": -7.229959,
  "finished_at": "2026-06-20T22:16:38.154670Z",
  "result": "done"
}
