{
  "started_at": "2026-06-20T21:15:39.767791Z",
  "params": {
    "profile": "conservative",
    "threshold": 0.62,
    "max_entry_price": 0.75,
    "stake_usd": 5.0,
    "stop_loss_pct": 0.0,
    "exit_before_sec": 5,
    "min_entry_seconds_left": 60,
    "entry_timeout_min": 5,
    "poll_sec": 2.0,
    "close_retry_max": 30,
    "close_retry_delay_sec": 2.0,
    "execute": true
  },
  "attempts": [
    {
      "ts": "2026-06-20T21:15:40.244311Z",
      "slug": "xrp-updown-5m-1781990100",
      "status": "heartbeat",
      "gamma_up": 0.5,
      "gamma_down": 0.5,
      "clob_up_ask": 0.49,
      "clob_down_ask": 0.52,
      "seconds_left": 260.19010305404663,
      "min_spread": 0.010000000000000009
    },
    {
      "ts": "2026-06-20T21:15:40.244330Z",
      "slug": "xrp-updown-5m-1781990100",
      "status": "skip_price_outside_band",
      "threshold": 0.62,
      "max_entry_price": 0.75,
      "clob_up_ask": 0.49,
      "clob_down_ask": 0.52,
      "seconds_left": 260.19010305404663
    },
    {
      "ts": "2026-06-20T21:15:42.705316Z",
      "slug": "xrp-updown-5m-1781990100",
      "status": "heartbeat",
      "gamma_up": 0.5,
      "gamma_down": 0.5,
      "clob_up_ask": 0.49,
      "clob_down_ask": 0.52,
      "seconds_left": 257.63136196136475,
      "min_spread": 0.010000000000000009
    },
    {
      "ts": "2026-06-20T21:15:42.705347Z",
      "slug": "xrp-updown-5m-1781990100",
      "status": "skip_price_outside_band",
      "threshold": 0.62,
      "max_entry_price": 0.75,
      "clob_up_ask": 0.49,
      "clob_down_ask": 0.52,
      "seconds_left": 257.63136196136475
    },
    {
      "ts": "2026-06-20T21:15:45.131590Z",
      "slug": "xrp-updown-5m-1781990100",
      "status": "heartbeat",
      "gamma_up": 0.5,
      "gamma_down": 0.5,
      "clob_up_ask": 0.46,
      "clob_down_ask": 0.55,
      "seconds_left": 255.233717918396,
      "min_spread": 0.010000000000000009
    },
    {
      "ts": "2026-06-20T21:15:45.131616Z",
      "slug": "xrp-updown-5m-1781990100",
      "status": "skip_price_outside_band",
      "threshold": 0.62,
      "max_entry_price": 0.75,
      "clob_up_ask": 0.46,
      "clob_down_ask": 0.55,
      "seconds_left": 255.233717918396
    },
    {
      "ts": "2026-06-20T21:15:47.569176Z",
      "slug": "xrp-updown-5m-1781990100",
      "status": "heartbeat",
      "gamma_up": 0.5,
      "gamma_down": 0.5,
      "clob_up_ask": 0.46,
      "clob_down_ask": 0.55,
      "seconds_left": 252.79464197158813,
      "min_spread": 0.010000000000000009
    },
    {
      "ts": "2026-06-20T21:15:47.569219Z",
      "slug": "xrp-updown-5m-1781990100",
      "status": "skip_price_outside_band",
      "threshold": 0.62,
      "max_entry_price": 0.75,
      "clob_up_ask": 0.46,
      "clob_down_ask": 0.55,
      "seconds_left": 252.79464197158813
    },
    {
      "ts": "2026-06-20T21:15:50.304860Z",
      "slug": "xrp-updown-5m-1781990100",
      "status": "heartbeat",
      "gamma_up": 0.5,
      "gamma_down": 0.5,
      "clob_up_ask": 0.44,
      "clob_down_ask": 0.57,
      "seconds_left": 250.2989649772644,
      "min_spread": 0.009999999999999898
    },
    {
      "ts": "2026-06-20T21:15:50.304869Z",
      "slug": "xrp-updown-5m-1781990100",
      "status": "skip_price_outside_band",
      "threshold": 0.62,
      "max_entry_price": 0.75,
      "clob_up_ask": 0.44,
      "clob_down_ask": 0.57,
      "seconds_left": 250.2989649772644
    },
    {
      "ts": "2026-06-20T21:15:52.694113Z",
      "slug": "xrp-updown-5m-1781990100",
      "status": "heartbeat",
      "gamma_up": 0.5,
      "gamma_down": 0.5,
      "clob_up_ask": 0.42,
      "clob_down_ask": 0.59,
      "seconds_left": 247.63388800621033,
      "min_spread": 0.010000000000000009
    },
    {
      "ts": "2026-06-20T21:15:52.694145Z",
      "slug": "xrp-updown-5m-1781990100",
      "status": "skip_price_outside_band",
      "threshold": 0.62,
      "max_entry_price": 0.75,
      "clob_up_ask": 0.42,
      "clob_down_ask": 0.59,
      "seconds_left": 247.63388800621033
    },
    {
      "ts": "2026-06-20T21:15:55.085991Z",
      "slug": "xrp-updown-5m-1781990100",
      "status": "heartbeat",
      "gamma_up": 0.5,
      "gamma_down": 0.5,
      "clob_up_ask": 0.46,
      "clob_down_ask": 0.55,
      "seconds_left": 245.24442100524902,
      "min_spread": 0.010000000000000009
    },
    {
      "ts": "2026-06-20T21:15:55.086032Z",
      "slug": "xrp-updown-5m-1781990100",
      "status": "skip_price_outside_band",
      "threshold": 0.62,
      "max_entry_price": 0.75,
      "clob_up_ask": 0.46,
      "clob_down_ask": 0.55,
      "seconds_left": 245.24442100524902
    },
    {
      "ts": "2026-06-20T21:15:57.527839Z",
      "slug": "xrp-updown-5m-1781990100",
      "status": "heartbeat",
      "gamma_up": 0.5,
      "gamma_down": 0.5,
      "clob_up_ask": 0.44,
      "clob_down_ask": 0.57,
      "seconds_left": 242.85729098320007,
      "min_spread": 0.009999999999999898
    },
    {
      "ts": "2026-06-20T21:15:57.527868Z",
      "slug": "xrp-updown-5m-1781990100",
      "status": "skip_price_outside_band",
      "threshold": 0.62,
      "max_entry_price": 0.75,
      "clob_up_ask": 0.44,
      "clob_down_ask": 0.57,
      "seconds_left": 242.85729098320007
    },
    {
      "ts": "2026-06-20T21:16:00.007748Z",
      "slug": "xrp-updown-5m-1781990100",
      "status": "heartbeat",
      "gamma_up": 0.5,
      "gamma_down": 0.5,
      "clob_up_ask": 0.44,
      "clob_down_ask": 0.57,
      "seconds_left": 240.33573293685913,
      "min_spread": 0.009999999999999898
    },
    {
      "ts": "2026-06-20T21:16:00.007765Z",
      "slug": "xrp-updown-5m-1781990100",
      "status": "skip_price_outside_band",
      "threshold": 0.62,
      "max_entry_price": 0.75,
      "clob_up_ask": 0.44,
      "clob_down_ask": 0.57,
      "seconds_left": 240.33573293685913
    },
    {
      "ts": "2026-06-20T21:16:02.410544Z",
      "slug": "xrp-updown-5m-1781990100",
      "status": "heartbeat",
      "gamma_up": 0.5,
      "gamma_down": 0.5,
      "clob_up_ask": 0.43,
      "clob_down_ask": 0.58,
      "seconds_left": 237.95679306983948,
      "min_spread": 0.010000000000000009
    },
    {
      "ts": "2026-06-20T21:16:02.410557Z",
      "slug": "xrp-updown-5m-1781990100",
      "status": "skip_price_outside_band",
      "threshold": 0.62,
      "max_entry_price": 0.75,
      "clob_up_ask": 0.43,
      "clob_down_ask": 0.58,
      "seconds_left": 237.95679306983948
    },
    {
      "ts": "2026-06-20T21:16:04.867823Z",
      "slug": "xrp-updown-5m-1781990100",
      "status": "heartbeat",
      "gamma_up": 0.5,
      "gamma_down": 0.5,
      "clob_up_ask": 0.44,
      "clob_down_ask": 0.57,
      "seconds_left": 235.53300094604492,
      "min_spread": 0.009999999999999898
    },
    {
      "ts": "2026-06-20T21:16:04.867853Z",
      "slug": "xrp-updown-5m-1781990100",
      "status": "skip_price_outside_band",
      "threshold": 0.62,
      "max_entry_price": 0.75,
      "clob_up_ask": 0.44,
      "clob_down_ask": 0.57,
      "seconds_left": 235.53300094604492
    },
    {
      "ts": "2026-06-20T21:16:07.343856Z",
      "slug": "xrp-updown-5m-1781990100",
      "status": "heartbeat",
      "gamma_up": 0.5,
      "gamma_down": 0.5,
      "clob_up_ask": 0.46,
      "clob_down_ask": 0.55,
      "seconds_left": 232.9956259727478,
      "min_spread": 0.010000000000000009
    },
    {
      "ts": "2026-06-20T21:16:07.343893Z",
      "slug": "xrp-updown-5m-1781990100",
      "status": "skip_price_outside_band",
      "threshold": 0.62,
      "max_entry_price": 0.75,
      "clob_up_ask": 0.46,
      "clob_down_ask": 0.55,
      "seconds_left": 232.9956259727478
    },
    {
      "ts": "2026-06-20T21:16:09.758027Z",
      "slug": "xrp-updown-5m-1781990100",
      "status": "heartbeat",
      "gamma_up": 0.5,
      "gamma_down": 0.5,
      "clob_up_ask": 0.46,
      "clob_down_ask": 0.55,
      "seconds_left": 230.60971593856812,
      "min_spread": 0.010000000000000009
    },
    {
      "ts": "2026-06-20T21:16:09.758056Z",
      "slug": "xrp-updown-5m-1781990100",
      "status": "skip_price_outside_band",
      "threshold": 0.62,
      "max_entry_price": 0.75,
      "clob_up_ask": 0.46,
      "clob_down_ask": 0.55,
      "seconds_left": 230.60971593856812
    },
    {
      "ts": "2026-06-20T21:16:12.206116Z",
      "slug": "xrp-updown-5m-1781990100",
      "status": "heartbeat",
      "gamma_up": 0.5,
      "gamma_down": 0.5,
      "clob_up_ask": 0.43,
      "clob_down_ask": 0.58,
      "seconds_left": 228.19255709648132,
      "min_spread": 0.010000000000000009
    },
    {
      "ts": "2026-06-20T21:16:12.206125Z",
      "slug": "xrp-updown-5m-1781990100",
      "status": "skip_price_outside_band",
      "threshold": 0.62,
      "max_entry_price": 0.75,
      "clob_up_ask": 0.43,
      "clob_down_ask": 0.58,
      "seconds_left": 228.19255709648132
    },
    {
      "ts": "2026-06-20T21:16:14.828872Z",
      "slug": "xrp-updown-5m-1781990100",
      "status": "heartbeat",
      "gamma_up": 0.5,
      "gamma_down": 0.5,
      "clob_up_ask": 0.43,
      "clob_down_ask": 0.58,
      "seconds_left": 225.65281200408936,
      "min_spread": 0.010000000000000009
    },
    {
      "ts": "2026-06-20T21:16:14.828891Z",
      "slug": "xrp-updown-5m-1781990100",
      "status": "skip_price_outside_band",
      "threshold": 0.62,
      "max_entry_price": 0.75,
      "clob_up_ask": 0.43,
      "clob_down_ask": 0.58,
      "seconds_left": 225.65281200408936
    },
    {
      "ts": "2026-06-20T21:16:17.288365Z",
      "slug": "xrp-updown-5m-1781990100",
      "status": "heartbeat",
      "gamma_up": 0.5,
      "gamma_down": 0.5,
      "clob_up_ask": 0.43,
      "clob_down_ask": 0.58,
      "seconds_left": 223.04240679740906,
      "min_spread": 0.010000000000000009
    },
    {
      "ts": "2026-06-20T21:16:17.288393Z",
      "slug": "xrp-updown-5m-1781990100",
      "status": "skip_price_outside_band",
      "threshold": 0.62,
      "max_entry_price": 0.75,
      "clob_up_ask": 0.43,
      "clob_down_ask": 0.58,
      "seconds_left": 223.04240679740906
    },
    {
      "ts": "2026-06-20T21:16:19.703230Z",
      "slug": "xrp-updown-5m-1781990100",
      "status": "heartbeat",
      "gamma_up": 0.5,
      "gamma_down": 0.5,
      "clob_up_ask": 0.43,
      "clob_down_ask": 0.58,
      "seconds_left": 220.6550600528717,
      "min_spread": 0.010000000000000009
    },
    {
      "ts": "2026-06-20T21:16:19.703244Z",
      "slug": "xrp-updown-5m-1781990100",
      "status": "skip_price_outside_band",
      "threshold": 0.62,
      "max_entry_price": 0.75,
      "clob_up_ask": 0.43,
      "clob_down_ask": 0.58,
      "seconds_left": 220.6550600528717
    },
    {
      "ts": "2026-06-20T21:16:22.158517Z",
      "slug": "xrp-updown-5m-1781990100",
      "status": "heartbeat",
      "gamma_up": 0.5,
      "gamma_down": 0.5,
      "clob_up_ask": 0.43,
      "clob_down_ask": 0.58,
      "seconds_left": 218.2473850250244,
      "min_spread": 0.010000000000000009
    },
    {
      "ts": "2026-06-20T21:16:22.158526Z",
      "slug": "xrp-updown-5m-1781990100",
      "status": "skip_price_outside_band",
      "threshold": 0.62,
      "max_entry_price": 0.75,
      "clob_up_ask": 0.43,
      "clob_down_ask": 0.58,
      "seconds_left": 218.2473850250244
    },
    {
      "ts": "2026-06-20T21:16:24.630856Z",
      "slug": "xrp-updown-5m-1781990100",
      "status": "heartbeat",
      "gamma_up": 0.5,
      "gamma_down": 0.5,
      "clob_up_ask": 0.43,
      "clob_down_ask": 0.58,
      "seconds_left": 215.70637392997742,
      "min_spread": 0.010000000000000009
    },
    {
      "ts": "2026-06-20T21:16:24.630892Z",
      "slug": "xrp-updown-5m-1781990100",
      "status": "skip_price_outside_band",
      "threshold": 0.62,
      "max_entry_price": 0.75,
      "clob_up_ask": 0.43,
      "clob_down_ask": 0.58,
      "seconds_left": 215.70637392997742
    },
    {
      "ts": "2026-06-20T21:16:27.044072Z",
      "slug": "xrp-updown-5m-1781990100",
      "status": "heartbeat",
      "gamma_up": 0.5,
      "gamma_down": 0.5,
      "clob_up_ask": 0.43,
      "clob_down_ask": 0.58,
      "seconds_left": 213.32325887680054,
      "min_spread": 0.010000000000000009
    },
    {
      "ts": "2026-06-20T21:16:27.044081Z",
      "slug": "xrp-updown-5m-1781990100",
      "status": "skip_price_outside_band",
      "threshold": 0.62,
      "max_entry_price": 0.75,
      "clob_up_ask": 0.43,
      "clob_down_ask": 0.58,
      "seconds_left": 213.32325887680054
    },
    {
      "ts": "2026-06-20T21:16:29.490941Z",
      "slug": "xrp-updown-5m-1781990100",
      "status": "heartbeat",
      "gamma_up": 0.5,
      "gamma_down": 0.5,
      "clob_up_ask": 0.41,
      "clob_down_ask": 0.6,
      "seconds_left": 210.8927390575409,
      "min_spread": 0.009999999999999953
    },
    {
      "ts": "2026-06-20T21:16:29.490954Z",
      "slug": "xrp-updown-5m-1781990100",
      "status": "skip_price_outside_band",
      "threshold": 0.62,
      "max_entry_price": 0.75,
      "clob_up_ask": 0.41,
      "clob_down_ask": 0.6,
      "seconds_left": 210.8927390575409
    },
    {
      "ts": "2026-06-20T21:16:31.962309Z",
      "slug": "xrp-updown-5m-1781990100",
      "status": "heartbeat",
      "gamma_up": 0.5,
      "gamma_down": 0.5,
      "clob_up_ask": 0.41,
      "clob_down_ask": 0.6,
      "seconds_left": 208.36769008636475,
      "min_spread": 0.009999999999999953
    },
    {
      "ts": "2026-06-20T21:16:31.962325Z",
      "slug": "xrp-updown-5m-1781990100",
      "status": "skip_price_outside_band",
      "threshold": 0.62,
      "max_entry_price": 0.75,
      "clob_up_ask": 0.41,
      "clob_down_ask": 0.6,
      "seconds_left": 208.36769008636475
    },
    {
      "ts": "2026-06-20T21:16:34.368241Z",
      "slug": "xrp-updown-5m-1781990100",
      "status": "heartbeat",
      "gamma_up": 0.5,
      "gamma_down": 0.5,
      "clob_up_ask": 0.41,
      "clob_down_ask": 0.6,
      "seconds_left": 205.98624897003174,
      "min_spread": 0.009999999999999953
    },
    {
      "ts": "2026-06-20T21:16:34.368256Z",
      "slug": "xrp-updown-5m-1781990100",
      "status": "skip_price_outside_band",
      "threshold": 0.62,
      "max_entry_price": 0.75,
      "clob_up_ask": 0.41,
      "clob_down_ask": 0.6,
      "seconds_left": 205.98624897003174
    },
    {
      "ts": "2026-06-20T21:16:36.825718Z",
      "slug": "xrp-updown-5m-1781990100",
      "status": "heartbeat",
      "gamma_up": 0.5,
      "gamma_down": 0.5,
      "clob_up_ask": 0.41,
      "clob_down_ask": 0.6,
      "seconds_left": 203.57739210128784,
      "min_spread": 0.009999999999999953
    },
    {
      "ts": "2026-06-20T21:16:36.825726Z",
      "slug": "xrp-updown-5m-1781990100",
      "status": "skip_price_outside_band",
      "threshold": 0.62,
      "max_entry_price": 0.75,
      "clob_up_ask": 0.41,
      "clob_down_ask": 0.6,
      "seconds_left": 203.57739210128784
    },
    {
      "ts": "2026-06-20T21:16:39.289278Z",
      "slug": "xrp-updown-5m-1781990100",
      "status": "heartbeat",
      "gamma_up": 0.5,
      "gamma_down": 0.5,
      "clob_up_ask": 0.41,
      "clob_down_ask": 0.6,
      "seconds_left": 201.03894805908203,
      "min_spread": 0.009999999999999953
    },
    {
      "ts": "2026-06-20T21:16:39.289297Z",
      "slug": "xrp-updown-5m-1781990100",
      "status": "skip_price_outside_band",
      "threshold": 0.62,
      "max_entry_price": 0.75,
      "clob_up_ask": 0.41,
      "clob_down_ask": 0.6,
      "seconds_left": 201.03894805908203
    },
    {
      "ts": "2026-06-20T21:16:41.701293Z",
      "slug": "xrp-updown-5m-1781990100",
      "status": "heartbeat",
      "gamma_up": 0.5,
      "gamma_down": 0.5,
      "clob_up_ask": 0.39,
      "clob_down_ask": 0.62,
      "seconds_left": 198.65089797973633,
      "min_spread": 0.010000000000000009
    }
  ],
  "balance_errors": [],
  "open_raw": "{\"order_post_result\": {\"errorMsg\": \"\", \"orderID\": \"0xd69de6186c905bad75762c9fbbc990df72a6e6f5769928ff81b4f2be2a42ba32\", \"takingAmount\": \"7.983868\", \"makingAmount\": \"4.949998\", \"status\": \"matched\", \"transactionsHashes\": [\"0x1182c2a895cccb9a0a72a5621e49209fb607161e4338f6b0d1fdc726d11e5f51\"], \"success\": true}, \"entry_price\": 0.6199999799595884, \"market_slug\": \"xrp-updown-5m-1781990100\", \"token_id\": \"36515392513740729409415062273386312549322833113817954678897667505590969680983\", \"side\": \"DOWN\", \"best_bid\": 0.01, \"best_ask\": 0.99, \"price\": 0.99, \"size\": 5.0, \"budget_usd\": 5.0, \"min_order_size\": 5.0, \"neg_risk\": false, \"execute\": true}\n\n",
  "opened": {
    "opened_at": "2026-06-20T21:16:45.433267Z",
    "market_slug": "xrp-updown-5m-1781990100",
    "market_end_iso": "2026-06-20T21:20:00Z",
    "side": "DOWN",
    "token_id": "36515392513740729409415062273386312549322833113817954678897667505590969680983",
    "entry_price": 0.6364907335642322,
    "shares": 7.983868,
    "shares_requested": 7.983868,
    "cost_usdc": 5.081658,
    "cost_requested_usdc": 4.949998,
    "ctf_balance_after_open": 7.983868,
    "pusd_balance_after_open": 30.833601,
    "settle_wait_sec": 1.56,
    "balance_unconfirmed": false,
    "open_order_id": "0xd69de6186c905bad75762c9fbbc990df72a6e6f5769928ff81b4f2be2a42ba32",
    "open_tx": "0x1182c2a895cccb9a0a72a5621e49209fb607161e4338f6b0d1fdc726d11e5f51"
  },
  "stop_loss_price": null,
  "close_debug": [
    {
      "ts": "2026-06-20T21:21:01.622233Z",
      "mode": "hold_to_settlement",
      "redeem_wait_sec": 59.65,
      "ctf_remaining": 0.0
    }
  ],
  "closed": {
    "close_reason": "held_to_settlement",
    "closed_at": "2026-06-20T21:21:01.622200Z",
    "close_success": true,
    "close_status": "redeemed",
    "close_order_id": null,
    "close_tx": null,
    "close_shares": 7.983868,
    "close_shares_requested": 7.983868,
    "close_usdc": 7.983868,
    "close_usdc_requested": 0.0,
    "ctf_remaining": 0.0,
    "pusd_balance_after_close": 38.817469,
    "position_closed_on_chain": true,
    "close_settle_wait_sec": 59.65,
    "close_skipped": ""
  },
  "realized_cashflow_pnl_usdc": 2.90221,
  "finished_at": "2026-06-20T21:21:01.622242Z",
  "result": "done"
}
