{
  "started_at": "2026-06-20T16:35:10.261010Z",
  "params": {
    "profile": "conservative",
    "threshold": 0.58,
    "max_entry_price": 0.85,
    "stake_usd": 5.0,
    "stop_loss_pct": 0.0,
    "exit_before_sec": 5,
    "min_entry_seconds_left": 60,
    "entry_timeout_min": 5,
    "poll_sec": 2.0,
    "close_retry_max": 30,
    "close_retry_delay_sec": 2.0,
    "execute": true
  },
  "attempts": [
    {
      "ts": "2026-06-20T16:35:10.655258Z",
      "slug": "btc-updown-5m-1781973300",
      "status": "heartbeat",
      "gamma_up": 0.505,
      "gamma_down": 0.495,
      "clob_up_ask": 0.57,
      "clob_down_ask": 0.43,
      "seconds_left": 289.69076204299927,
      "min_spread": 0.009999999999999898
    },
    {
      "ts": "2026-06-20T16:35:10.655295Z",
      "slug": "btc-updown-5m-1781973300",
      "status": "skip_price_outside_band",
      "threshold": 0.58,
      "max_entry_price": 0.85,
      "clob_up_ask": 0.57,
      "clob_down_ask": 0.43,
      "seconds_left": 289.69076204299927
    },
    {
      "ts": "2026-06-20T16:35:13.124990Z",
      "slug": "btc-updown-5m-1781973300",
      "status": "heartbeat",
      "gamma_up": 0.505,
      "gamma_down": 0.495,
      "clob_up_ask": 0.58,
      "clob_down_ask": 0.43,
      "seconds_left": 287.2072420120239,
      "min_spread": 0.010000000000000009
    }
  ],
  "balance_errors": [],
  "open_raw": "{\"order_post_result\": {\"errorMsg\": \"\", \"orderID\": \"0x3dc84c7094567bf8b4fbd2b9bc3f610083003db0de86abe1e1a7027aa9d94303\", \"takingAmount\": \"8.53448\", \"makingAmount\": \"4.949998\", \"status\": \"matched\", \"transactionsHashes\": [\"0xbafe2427d034d9f5014f472ed850da0b9ed691ca20cb7a696bc0ac8812b30f9d\"], \"success\": true}, \"entry_price\": 0.5799999531312979, \"market_slug\": \"btc-updown-5m-1781973300\", \"token_id\": \"6133710340749071888738683586790838129773656230152745027692293279617481494679\", \"side\": \"UP\", \"best_bid\": 0.01, \"best_ask\": 0.99, \"price\": 0.99, \"size\": 5.0, \"budget_usd\": 5.0, \"min_order_size\": 5.0, \"neg_risk\": false, \"execute\": true}\n\n",
  "opened": {
    "opened_at": "2026-06-20T16:35:16.942353Z",
    "market_slug": "btc-updown-5m-1781973300",
    "market_end_iso": "2026-06-20T16:40:00Z",
    "side": "UP",
    "token_id": "6133710340749071888738683586790838129773656230152745027692293279617481494679",
    "entry_price": 0.5970507869255068,
    "shares": 8.53448,
    "shares_requested": 8.53448,
    "cost_usdc": 5.095518,
    "cost_requested_usdc": 4.949998,
    "ctf_balance_after_open": 8.53448,
    "pusd_balance_after_open": 40.305818,
    "settle_wait_sec": 1.8,
    "balance_unconfirmed": false,
    "open_order_id": "0x3dc84c7094567bf8b4fbd2b9bc3f610083003db0de86abe1e1a7027aa9d94303",
    "open_tx": "0xbafe2427d034d9f5014f472ed850da0b9ed691ca20cb7a696bc0ac8812b30f9d"
  },
  "stop_loss_price": null,
  "close_debug": [
    {
      "ts": "2026-06-20T16:39:56.989482Z",
      "attempt": 1,
      "order_type": "FAK",
      "status": "matched",
      "close_skipped": ""
    }
  ],
  "close_raw": "{\"close_skipped\": \"\", \"order_post_result\": {\"errorMsg\": \"\", \"orderID\": \"0x9b7e017e0bed44f81f78649938ab130ac91fabcfd728c28c6ddd031c7584eeb0\", \"takingAmount\": \"8.4348\", \"makingAmount\": \"8.52\", \"status\": \"matched\", \"transactionsHashes\": [\"0xa1e466f9a5b3aae830e3c6362b349dc629e92f9f79e4fe5550e884d892c1b381\"], \"success\": true}, \"market_slug\": \"btc-updown-5m-1781973300\", \"token_id\": \"6133710340749071888738683586790838129773656230152745027692293279617481494679\", \"side\": \"SELL\", \"price\": 0.01, \"size\": 8.53, \"neg_risk\": false, \"execute\": true}\n\n",
  "closed": {
    "close_reason": "time_exit_5s_before_end",
    "closed_at": "2026-06-20T16:39:59.179204Z",
    "close_success": true,
    "close_status": "matched",
    "close_order_id": "0x9b7e017e0bed44f81f78649938ab130ac91fabcfd728c28c6ddd031c7584eeb0",
    "close_tx": "0xa1e466f9a5b3aae830e3c6362b349dc629e92f9f79e4fe5550e884d892c1b381",
    "close_shares": 8.52,
    "close_shares_requested": 8.52,
    "close_usdc": 8.4289,
    "close_usdc_requested": 8.4348,
    "ctf_remaining": 0.01448,
    "pusd_balance_after_close": 48.734718,
    "position_closed_on_chain": false,
    "close_settle_wait_sec": 2.19,
    "close_skipped": ""
  },
  "realized_cashflow_pnl_usdc": 3.333382,
  "finished_at": "2026-06-20T16:39:59.179235Z",
  "result": "done"
}
