{
  "started_at": "2026-06-20T20:01:40.568312Z",
  "params": {
    "profile": "conservative",
    "threshold": 0.62,
    "max_entry_price": 0.75,
    "stake_usd": 8.44,
    "stop_loss_pct": 0.0,
    "exit_before_sec": 5,
    "min_entry_seconds_left": 60,
    "entry_timeout_min": 5,
    "poll_sec": 2.0,
    "close_retry_max": 30,
    "close_retry_delay_sec": 2.0,
    "execute": true
  },
  "attempts": [
    {
      "ts": "2026-06-20T20:01:40.951915Z",
      "slug": "eth-updown-5m-1781985600",
      "status": "heartbeat",
      "gamma_up": 0.505,
      "gamma_down": 0.495,
      "clob_up_ask": 0.83,
      "clob_down_ask": 0.18,
      "seconds_left": 199.38858199119568,
      "min_spread": 0.009999999999999981
    },
    {
      "ts": "2026-06-20T20:01:40.951929Z",
      "slug": "eth-updown-5m-1781985600",
      "status": "skip_price_outside_band",
      "threshold": 0.62,
      "max_entry_price": 0.75,
      "clob_up_ask": 0.83,
      "clob_down_ask": 0.18,
      "seconds_left": 199.38858199119568
    },
    {
      "ts": "2026-06-20T20:01:43.349676Z",
      "slug": "eth-updown-5m-1781985600",
      "status": "heartbeat",
      "gamma_up": 0.505,
      "gamma_down": 0.495,
      "clob_up_ask": 0.83,
      "clob_down_ask": 0.18,
      "seconds_left": 196.99011993408203,
      "min_spread": 0.009999999999999981
    },
    {
      "ts": "2026-06-20T20:01:43.349718Z",
      "slug": "eth-updown-5m-1781985600",
      "status": "skip_price_outside_band",
      "threshold": 0.62,
      "max_entry_price": 0.75,
      "clob_up_ask": 0.83,
      "clob_down_ask": 0.18,
      "seconds_left": 196.99011993408203
    },
    {
      "ts": "2026-06-20T20:01:45.816905Z",
      "slug": "eth-updown-5m-1781985600",
      "status": "heartbeat",
      "gamma_up": 0.505,
      "gamma_down": 0.495,
      "clob_up_ask": 0.84,
      "clob_down_ask": 0.19,
      "seconds_left": 194.50940203666687,
      "min_spread": 0.010000000000000009
    },
    {
      "ts": "2026-06-20T20:01:45.816914Z",
      "slug": "eth-updown-5m-1781985600",
      "status": "skip_price_outside_band",
      "threshold": 0.62,
      "max_entry_price": 0.75,
      "clob_up_ask": 0.84,
      "clob_down_ask": 0.19,
      "seconds_left": 194.50940203666687
    },
    {
      "ts": "2026-06-20T20:01:48.245114Z",
      "slug": "eth-updown-5m-1781985600",
      "status": "heartbeat",
      "gamma_up": 0.505,
      "gamma_down": 0.495,
      "clob_up_ask": 0.81,
      "clob_down_ask": 0.2,
      "seconds_left": 192.12147784233093,
      "min_spread": 0.010000000000000009
    },
    {
      "ts": "2026-06-20T20:01:48.245137Z",
      "slug": "eth-updown-5m-1781985600",
      "status": "skip_price_outside_band",
      "threshold": 0.62,
      "max_entry_price": 0.75,
      "clob_up_ask": 0.81,
      "clob_down_ask": 0.2,
      "seconds_left": 192.12147784233093
    },
    {
      "ts": "2026-06-20T20:01:50.689868Z",
      "slug": "eth-updown-5m-1781985600",
      "status": "heartbeat",
      "gamma_up": 0.505,
      "gamma_down": 0.495,
      "clob_up_ask": 0.78,
      "clob_down_ask": 0.24,
      "seconds_left": 189.69794416427612,
      "min_spread": 0.009999999999999981
    },
    {
      "ts": "2026-06-20T20:01:50.689903Z",
      "slug": "eth-updown-5m-1781985600",
      "status": "skip_price_outside_band",
      "threshold": 0.62,
      "max_entry_price": 0.75,
      "clob_up_ask": 0.78,
      "clob_down_ask": 0.24,
      "seconds_left": 189.69794416427612
    },
    {
      "ts": "2026-06-20T20:01:53.138439Z",
      "slug": "eth-updown-5m-1781985600",
      "status": "heartbeat",
      "gamma_up": 0.505,
      "gamma_down": 0.495,
      "clob_up_ask": 0.81,
      "clob_down_ask": 0.2,
      "seconds_left": 187.18607902526855,
      "min_spread": 0.010000000000000009
    },
    {
      "ts": "2026-06-20T20:01:53.138450Z",
      "slug": "eth-updown-5m-1781985600",
      "status": "skip_price_outside_band",
      "threshold": 0.62,
      "max_entry_price": 0.75,
      "clob_up_ask": 0.81,
      "clob_down_ask": 0.2,
      "seconds_left": 187.18607902526855
    },
    {
      "ts": "2026-06-20T20:01:55.576066Z",
      "slug": "eth-updown-5m-1781985600",
      "status": "heartbeat",
      "gamma_up": 0.505,
      "gamma_down": 0.495,
      "clob_up_ask": 0.81,
      "clob_down_ask": 0.2,
      "seconds_left": 184.79179906845093,
      "min_spread": 0.010000000000000009
    },
    {
      "ts": "2026-06-20T20:01:55.576086Z",
      "slug": "eth-updown-5m-1781985600",
      "status": "skip_price_outside_band",
      "threshold": 0.62,
      "max_entry_price": 0.75,
      "clob_up_ask": 0.81,
      "clob_down_ask": 0.2,
      "seconds_left": 184.79179906845093
    },
    {
      "ts": "2026-06-20T20:01:58.027123Z",
      "slug": "eth-updown-5m-1781985600",
      "status": "heartbeat",
      "gamma_up": 0.505,
      "gamma_down": 0.495,
      "clob_up_ask": 0.87,
      "clob_down_ask": 0.14,
      "seconds_left": 182.3613109588623,
      "min_spread": 0.010000000000000009
    },
    {
      "ts": "2026-06-20T20:01:58.027147Z",
      "slug": "eth-updown-5m-1781985600",
      "status": "skip_price_outside_band",
      "threshold": 0.62,
      "max_entry_price": 0.75,
      "clob_up_ask": 0.87,
      "clob_down_ask": 0.14,
      "seconds_left": 182.3613109588623
    },
    {
      "ts": "2026-06-20T20:02:00.515066Z",
      "slug": "eth-updown-5m-1781985600",
      "status": "heartbeat",
      "gamma_up": 0.505,
      "gamma_down": 0.495,
      "clob_up_ask": 0.87,
      "clob_down_ask": 0.14,
      "seconds_left": 179.82629203796387,
      "min_spread": 0.010000000000000009
    },
    {
      "ts": "2026-06-20T20:02:00.515097Z",
      "slug": "eth-updown-5m-1781985600",
      "status": "skip_price_outside_band",
      "threshold": 0.62,
      "max_entry_price": 0.75,
      "clob_up_ask": 0.87,
      "clob_down_ask": 0.14,
      "seconds_left": 179.82629203796387
    },
    {
      "ts": "2026-06-20T20:02:02.907455Z",
      "slug": "eth-updown-5m-1781985600",
      "status": "heartbeat",
      "gamma_up": 0.505,
      "gamma_down": 0.495,
      "clob_up_ask": 0.86,
      "clob_down_ask": 0.15,
      "seconds_left": 177.44804000854492,
      "min_spread": 0.009999999999999981
    },
    {
      "ts": "2026-06-20T20:02:02.907469Z",
      "slug": "eth-updown-5m-1781985600",
      "status": "skip_price_outside_band",
      "threshold": 0.62,
      "max_entry_price": 0.75,
      "clob_up_ask": 0.86,
      "clob_down_ask": 0.15,
      "seconds_left": 177.44804000854492
    },
    {
      "ts": "2026-06-20T20:02:05.368483Z",
      "slug": "eth-updown-5m-1781985600",
      "status": "heartbeat",
      "gamma_up": 0.505,
      "gamma_down": 0.495,
      "clob_up_ask": 0.86,
      "clob_down_ask": 0.15,
      "seconds_left": 175.03194284439087,
      "min_spread": 0.009999999999999981
    },
    {
      "ts": "2026-06-20T20:02:05.368519Z",
      "slug": "eth-updown-5m-1781985600",
      "status": "skip_price_outside_band",
      "threshold": 0.62,
      "max_entry_price": 0.75,
      "clob_up_ask": 0.86,
      "clob_down_ask": 0.15,
      "seconds_left": 175.03194284439087
    },
    {
      "ts": "2026-06-20T20:02:07.838001Z",
      "slug": "eth-updown-5m-1781985600",
      "status": "heartbeat",
      "gamma_up": 0.505,
      "gamma_down": 0.495,
      "clob_up_ask": 0.84,
      "clob_down_ask": 0.17,
      "seconds_left": 172.49184799194336,
      "min_spread": 0.010000000000000009
    },
    {
      "ts": "2026-06-20T20:02:07.838016Z",
      "slug": "eth-updown-5m-1781985600",
      "status": "skip_price_outside_band",
      "threshold": 0.62,
      "max_entry_price": 0.75,
      "clob_up_ask": 0.84,
      "clob_down_ask": 0.17,
      "seconds_left": 172.49184799194336
    },
    {
      "ts": "2026-06-20T20:02:10.254093Z",
      "slug": "eth-updown-5m-1781985600",
      "status": "heartbeat",
      "gamma_up": 0.505,
      "gamma_down": 0.495,
      "clob_up_ask": 0.85,
      "clob_down_ask": 0.15,
      "seconds_left": 170.0936188697815,
      "min_spread": 0.009999999999999981
    },
    {
      "ts": "2026-06-20T20:02:10.254133Z",
      "slug": "eth-updown-5m-1781985600",
      "status": "skip_price_outside_band",
      "threshold": 0.62,
      "max_entry_price": 0.75,
      "clob_up_ask": 0.85,
      "clob_down_ask": 0.15,
      "seconds_left": 170.0936188697815
    },
    {
      "ts": "2026-06-20T20:02:12.870493Z",
      "slug": "eth-updown-5m-1781985600",
      "status": "heartbeat",
      "gamma_up": 0.505,
      "gamma_down": 0.495,
      "clob_up_ask": 0.86,
      "clob_down_ask": 0.15,
      "seconds_left": 167.64927315711975,
      "min_spread": 0.009999999999999981
    },
    {
      "ts": "2026-06-20T20:02:12.870507Z",
      "slug": "eth-updown-5m-1781985600",
      "status": "skip_price_outside_band",
      "threshold": 0.62,
      "max_entry_price": 0.75,
      "clob_up_ask": 0.86,
      "clob_down_ask": 0.15,
      "seconds_left": 167.64927315711975
    },
    {
      "ts": "2026-06-20T20:02:15.328546Z",
      "slug": "eth-updown-5m-1781985600",
      "status": "heartbeat",
      "gamma_up": 0.505,
      "gamma_down": 0.495,
      "clob_up_ask": 0.86,
      "clob_down_ask": 0.15,
      "seconds_left": 165.05916690826416,
      "min_spread": 0.009999999999999981
    },
    {
      "ts": "2026-06-20T20:02:15.328566Z",
      "slug": "eth-updown-5m-1781985600",
      "status": "skip_price_outside_band",
      "threshold": 0.62,
      "max_entry_price": 0.75,
      "clob_up_ask": 0.86,
      "clob_down_ask": 0.15,
      "seconds_left": 165.05916690826416
    },
    {
      "ts": "2026-06-20T20:02:17.801081Z",
      "slug": "eth-updown-5m-1781985600",
      "status": "heartbeat",
      "gamma_up": 0.505,
      "gamma_down": 0.495,
      "clob_up_ask": 0.86,
      "clob_down_ask": 0.15,
      "seconds_left": 162.53390216827393,
      "min_spread": 0.009999999999999981
    },
    {
      "ts": "2026-06-20T20:02:17.801089Z",
      "slug": "eth-updown-5m-1781985600",
      "status": "skip_price_outside_band",
      "threshold": 0.62,
      "max_entry_price": 0.75,
      "clob_up_ask": 0.86,
      "clob_down_ask": 0.15,
      "seconds_left": 162.53390216827393
    },
    {
      "ts": "2026-06-20T20:02:20.213011Z",
      "slug": "eth-updown-5m-1781985600",
      "status": "heartbeat",
      "gamma_up": 0.505,
      "gamma_down": 0.495,
      "clob_up_ask": 0.86,
      "clob_down_ask": 0.15,
      "seconds_left": 160.13355898857117,
      "min_spread": 0.009999999999999981
    },
    {
      "ts": "2026-06-20T20:02:20.213052Z",
      "slug": "eth-updown-5m-1781985600",
      "status": "skip_price_outside_band",
      "threshold": 0.62,
      "max_entry_price": 0.75,
      "clob_up_ask": 0.86,
      "clob_down_ask": 0.15,
      "seconds_left": 160.13355898857117
    },
    {
      "ts": "2026-06-20T20:02:22.669403Z",
      "slug": "eth-updown-5m-1781985600",
      "status": "heartbeat",
      "gamma_up": 0.505,
      "gamma_down": 0.495,
      "clob_up_ask": 0.87,
      "clob_down_ask": 0.14,
      "seconds_left": 157.71837306022644,
      "min_spread": 0.010000000000000009
    },
    {
      "ts": "2026-06-20T20:02:22.669419Z",
      "slug": "eth-updown-5m-1781985600",
      "status": "skip_price_outside_band",
      "threshold": 0.62,
      "max_entry_price": 0.75,
      "clob_up_ask": 0.87,
      "clob_down_ask": 0.14,
      "seconds_left": 157.71837306022644
    },
    {
      "ts": "2026-06-20T20:02:25.166712Z",
      "slug": "eth-updown-5m-1781985600",
      "status": "heartbeat",
      "gamma_up": 0.505,
      "gamma_down": 0.495,
      "clob_up_ask": 0.87,
      "clob_down_ask": 0.14,
      "seconds_left": 155.18705892562866,
      "min_spread": 0.010000000000000009
    },
    {
      "ts": "2026-06-20T20:02:25.166739Z",
      "slug": "eth-updown-5m-1781985600",
      "status": "skip_price_outside_band",
      "threshold": 0.62,
      "max_entry_price": 0.75,
      "clob_up_ask": 0.87,
      "clob_down_ask": 0.14,
      "seconds_left": 155.18705892562866
    },
    {
      "ts": "2026-06-20T20:02:27.572407Z",
      "slug": "eth-updown-5m-1781985600",
      "status": "heartbeat",
      "gamma_up": 0.505,
      "gamma_down": 0.495,
      "clob_up_ask": 0.87,
      "clob_down_ask": 0.14,
      "seconds_left": 152.76804614067078,
      "min_spread": 0.010000000000000009
    },
    {
      "ts": "2026-06-20T20:02:27.572421Z",
      "slug": "eth-updown-5m-1781985600",
      "status": "skip_price_outside_band",
      "threshold": 0.62,
      "max_entry_price": 0.75,
      "clob_up_ask": 0.87,
      "clob_down_ask": 0.14,
      "seconds_left": 152.76804614067078
    },
    {
      "ts": "2026-06-20T20:02:30.010048Z",
      "slug": "eth-updown-5m-1781985600",
      "status": "heartbeat",
      "gamma_up": 0.505,
      "gamma_down": 0.495,
      "clob_up_ask": 0.85,
      "clob_down_ask": 0.16,
      "seconds_left": 150.36501097679138,
      "min_spread": 0.010000000000000009
    },
    {
      "ts": "2026-06-20T20:02:30.010081Z",
      "slug": "eth-updown-5m-1781985600",
      "status": "skip_price_outside_band",
      "threshold": 0.62,
      "max_entry_price": 0.75,
      "clob_up_ask": 0.85,
      "clob_down_ask": 0.16,
      "seconds_left": 150.36501097679138
    },
    {
      "ts": "2026-06-20T20:02:32.503248Z",
      "slug": "eth-updown-5m-1781985600",
      "status": "heartbeat",
      "gamma_up": 0.505,
      "gamma_down": 0.495,
      "clob_up_ask": 0.85,
      "clob_down_ask": 0.16,
      "seconds_left": 147.84444999694824,
      "min_spread": 0.010000000000000009
    },
    {
      "ts": "2026-06-20T20:02:32.503268Z",
      "slug": "eth-updown-5m-1781985600",
      "status": "skip_price_outside_band",
      "threshold": 0.62,
      "max_entry_price": 0.75,
      "clob_up_ask": 0.85,
      "clob_down_ask": 0.16,
      "seconds_left": 147.84444999694824
    },
    {
      "ts": "2026-06-20T20:02:35.068499Z",
      "slug": "eth-updown-5m-1781985600",
      "status": "heartbeat",
      "gamma_up": 0.845,
      "gamma_down": 0.155,
      "clob_up_ask": 0.85,
      "clob_down_ask": 0.16,
      "seconds_left": 145.27060294151306,
      "min_spread": 0.010000000000000009
    },
    {
      "ts": "2026-06-20T20:02:35.068530Z",
      "slug": "eth-updown-5m-1781985600",
      "status": "skip_price_outside_band",
      "threshold": 0.62,
      "max_entry_price": 0.75,
      "clob_up_ask": 0.85,
      "clob_down_ask": 0.16,
      "seconds_left": 145.27060294151306
    },
    {
      "ts": "2026-06-20T20:02:37.512220Z",
      "slug": "eth-updown-5m-1781985600",
      "status": "heartbeat",
      "gamma_up": 0.845,
      "gamma_down": 0.155,
      "clob_up_ask": 0.85,
      "clob_down_ask": 0.16,
      "seconds_left": 142.87334299087524,
      "min_spread": 0.010000000000000009
    },
    {
      "ts": "2026-06-20T20:02:37.512235Z",
      "slug": "eth-updown-5m-1781985600",
      "status": "skip_price_outside_band",
      "threshold": 0.62,
      "max_entry_price": 0.75,
      "clob_up_ask": 0.85,
      "clob_down_ask": 0.16,
      "seconds_left": 142.87334299087524
    },
    {
      "ts": "2026-06-20T20:02:39.971026Z",
      "slug": "eth-updown-5m-1781985600",
      "status": "heartbeat",
      "gamma_up": 0.845,
      "gamma_down": 0.155,
      "clob_up_ask": 0.73,
      "clob_down_ask": 0.28,
      "seconds_left": 140.42367005348206,
      "min_spread": 0.010000000000000009
    }
  ],
  "balance_errors": [],
  "open_raw": "{\"order_post_result\": {\"errorMsg\": \"\", \"orderID\": \"0x127da025996948b0081c74dfbe0ef1861c4bd1f8ca36a4d04447e69ad5a9be1a\", \"takingAmount\": \"10.849314\", \"makingAmount\": \"7.919999\", \"status\": \"matched\", \"transactionsHashes\": [\"0x116d182253de523e6364e15d5228dc889daa1e8f74b5d826a90af0b711f58f71\"], \"success\": true}, \"entry_price\": 0.7299999797222202, \"market_slug\": \"eth-updown-5m-1781985600\", \"token_id\": \"13162498965206516838610870914669691131602196694625555377227237749521014194667\", \"side\": \"UP\", \"best_bid\": 0.01, \"best_ask\": 0.99, \"price\": 0.99, \"size\": 8.0, \"budget_usd\": 8.44, \"min_order_size\": 5.0, \"neg_risk\": false, \"execute\": true}\n\n",
  "opened": {
    "opened_at": "2026-06-20T20:02:44.164883Z",
    "market_slug": "eth-updown-5m-1781985600",
    "market_end_iso": "2026-06-20T20:05:00Z",
    "side": "UP",
    "token_id": "13162498965206516838610870914669691131602196694625555377227237749521014194667",
    "entry_price": 0.7437962437072059,
    "shares": 10.849314,
    "shares_requested": 10.849314,
    "cost_usdc": 8.069679,
    "cost_requested_usdc": 7.919999,
    "ctf_balance_after_open": 10.849314,
    "pusd_balance_after_open": 22.184337,
    "settle_wait_sec": 2.26,
    "balance_unconfirmed": false,
    "open_order_id": "0x127da025996948b0081c74dfbe0ef1861c4bd1f8ca36a4d04447e69ad5a9be1a",
    "open_tx": "0x116d182253de523e6364e15d5228dc889daa1e8f74b5d826a90af0b711f58f71"
  },
  "stop_loss_price": null,
  "close_debug": [
    {
      "ts": "2026-06-20T20:06:31.070036Z",
      "mode": "hold_to_settlement",
      "redeem_wait_sec": 90.44,
      "ctf_remaining": 10.849314
    }
  ],
  "closed": {
    "close_reason": "held_to_settlement",
    "closed_at": "2026-06-20T20:06:31.070020Z",
    "close_success": false,
    "close_status": "worthless",
    "close_order_id": null,
    "close_tx": null,
    "close_shares": 0.0,
    "close_shares_requested": 10.849314,
    "close_usdc": 0.0,
    "close_usdc_requested": 0.0,
    "ctf_remaining": 10.849314,
    "pusd_balance_after_close": 22.184337,
    "position_closed_on_chain": false,
    "close_settle_wait_sec": 90.44,
    "close_skipped": ""
  },
  "realized_cashflow_pnl_usdc": -8.069679,
  "finished_at": "2026-06-20T20:06:31.070042Z",
  "result": "done"
}
