{
  "started_at": "2026-06-20T16:30:07.119861Z",
  "params": {
    "profile": "conservative",
    "threshold": 0.58,
    "max_entry_price": 0.85,
    "stake_usd": 5.0,
    "stop_loss_pct": 0.0,
    "exit_before_sec": 5,
    "min_entry_seconds_left": 60,
    "entry_timeout_min": 5,
    "poll_sec": 2.0,
    "close_retry_max": 30,
    "close_retry_delay_sec": 2.0,
    "execute": true
  },
  "attempts": [
    {
      "ts": "2026-06-20T16:30:07.515402Z",
      "slug": "btc-updown-5m-1781973000",
      "status": "heartbeat",
      "gamma_up": 0.495,
      "gamma_down": 0.505,
      "clob_up_ask": 0.44,
      "clob_down_ask": 0.57,
      "seconds_left": 292.8357410430908,
      "min_spread": 0.009999999999999898
    },
    {
      "ts": "2026-06-20T16:30:07.515425Z",
      "slug": "btc-updown-5m-1781973000",
      "status": "skip_price_outside_band",
      "threshold": 0.58,
      "max_entry_price": 0.85,
      "clob_up_ask": 0.44,
      "clob_down_ask": 0.57,
      "seconds_left": 292.8357410430908
    },
    {
      "ts": "2026-06-20T16:30:09.919708Z",
      "slug": "btc-updown-5m-1781973000",
      "status": "heartbeat",
      "gamma_up": 0.495,
      "gamma_down": 0.505,
      "clob_up_ask": 0.55,
      "clob_down_ask": 0.46,
      "seconds_left": 290.4218370914459,
      "min_spread": 0.010000000000000009
    },
    {
      "ts": "2026-06-20T16:30:09.919735Z",
      "slug": "btc-updown-5m-1781973000",
      "status": "skip_price_outside_band",
      "threshold": 0.58,
      "max_entry_price": 0.85,
      "clob_up_ask": 0.55,
      "clob_down_ask": 0.46,
      "seconds_left": 290.4218370914459
    },
    {
      "ts": "2026-06-20T16:30:12.328447Z",
      "slug": "btc-updown-5m-1781973000",
      "status": "heartbeat",
      "gamma_up": 0.495,
      "gamma_down": 0.505,
      "clob_up_ask": 0.56,
      "clob_down_ask": 0.45,
      "seconds_left": 288.03192496299744,
      "min_spread": 0.010000000000000009
    },
    {
      "ts": "2026-06-20T16:30:12.328482Z",
      "slug": "btc-updown-5m-1781973000",
      "status": "skip_price_outside_band",
      "threshold": 0.58,
      "max_entry_price": 0.85,
      "clob_up_ask": 0.56,
      "clob_down_ask": 0.45,
      "seconds_left": 288.03192496299744
    },
    {
      "ts": "2026-06-20T16:30:14.799250Z",
      "slug": "btc-updown-5m-1781973000",
      "status": "heartbeat",
      "gamma_up": 0.495,
      "gamma_down": 0.505,
      "clob_up_ask": 0.56,
      "clob_down_ask": 0.45,
      "seconds_left": 285.5350441932678,
      "min_spread": 0.010000000000000009
    },
    {
      "ts": "2026-06-20T16:30:14.799266Z",
      "slug": "btc-updown-5m-1781973000",
      "status": "skip_price_outside_band",
      "threshold": 0.58,
      "max_entry_price": 0.85,
      "clob_up_ask": 0.56,
      "clob_down_ask": 0.45,
      "seconds_left": 285.5350441932678
    },
    {
      "ts": "2026-06-20T16:30:17.224330Z",
      "slug": "btc-updown-5m-1781973000",
      "status": "heartbeat",
      "gamma_up": 0.495,
      "gamma_down": 0.505,
      "clob_up_ask": 0.55,
      "clob_down_ask": 0.46,
      "seconds_left": 283.12322998046875,
      "min_spread": 0.010000000000000009
    },
    {
      "ts": "2026-06-20T16:30:17.224350Z",
      "slug": "btc-updown-5m-1781973000",
      "status": "skip_price_outside_band",
      "threshold": 0.58,
      "max_entry_price": 0.85,
      "clob_up_ask": 0.55,
      "clob_down_ask": 0.46,
      "seconds_left": 283.12322998046875
    },
    {
      "ts": "2026-06-20T16:30:19.667553Z",
      "slug": "btc-updown-5m-1781973000",
      "status": "heartbeat",
      "gamma_up": 0.495,
      "gamma_down": 0.505,
      "clob_up_ask": 0.57,
      "clob_down_ask": 0.44,
      "seconds_left": 280.67469096183777,
      "min_spread": 0.009999999999999898
    },
    {
      "ts": "2026-06-20T16:30:19.667578Z",
      "slug": "btc-updown-5m-1781973000",
      "status": "skip_price_outside_band",
      "threshold": 0.58,
      "max_entry_price": 0.85,
      "clob_up_ask": 0.57,
      "clob_down_ask": 0.44,
      "seconds_left": 280.67469096183777
    },
    {
      "ts": "2026-06-20T16:30:22.144037Z",
      "slug": "btc-updown-5m-1781973000",
      "status": "heartbeat",
      "gamma_up": 0.495,
      "gamma_down": 0.505,
      "clob_up_ask": 0.56,
      "clob_down_ask": 0.45,
      "seconds_left": 278.1842088699341,
      "min_spread": 0.010000000000000009
    },
    {
      "ts": "2026-06-20T16:30:22.144066Z",
      "slug": "btc-updown-5m-1781973000",
      "status": "skip_price_outside_band",
      "threshold": 0.58,
      "max_entry_price": 0.85,
      "clob_up_ask": 0.56,
      "clob_down_ask": 0.45,
      "seconds_left": 278.1842088699341
    },
    {
      "ts": "2026-06-20T16:30:24.554791Z",
      "slug": "btc-updown-5m-1781973000",
      "status": "heartbeat",
      "gamma_up": 0.495,
      "gamma_down": 0.505,
      "clob_up_ask": 0.54,
      "clob_down_ask": 0.47,
      "seconds_left": 275.78997707366943,
      "min_spread": 0.009999999999999953
    },
    {
      "ts": "2026-06-20T16:30:24.554806Z",
      "slug": "btc-updown-5m-1781973000",
      "status": "skip_price_outside_band",
      "threshold": 0.58,
      "max_entry_price": 0.85,
      "clob_up_ask": 0.54,
      "clob_down_ask": 0.47,
      "seconds_left": 275.78997707366943
    },
    {
      "ts": "2026-06-20T16:30:27.009609Z",
      "slug": "btc-updown-5m-1781973000",
      "status": "heartbeat",
      "gamma_up": 0.495,
      "gamma_down": 0.505,
      "clob_up_ask": 0.55,
      "clob_down_ask": 0.46,
      "seconds_left": 273.3745799064636,
      "min_spread": 0.010000000000000009
    },
    {
      "ts": "2026-06-20T16:30:27.009639Z",
      "slug": "btc-updown-5m-1781973000",
      "status": "skip_price_outside_band",
      "threshold": 0.58,
      "max_entry_price": 0.85,
      "clob_up_ask": 0.55,
      "clob_down_ask": 0.46,
      "seconds_left": 273.3745799064636
    },
    {
      "ts": "2026-06-20T16:30:29.491819Z",
      "slug": "btc-updown-5m-1781973000",
      "status": "heartbeat",
      "gamma_up": 0.495,
      "gamma_down": 0.505,
      "clob_up_ask": 0.54,
      "clob_down_ask": 0.47,
      "seconds_left": 270.83402395248413,
      "min_spread": 0.009999999999999953
    },
    {
      "ts": "2026-06-20T16:30:29.491850Z",
      "slug": "btc-updown-5m-1781973000",
      "status": "skip_price_outside_band",
      "threshold": 0.58,
      "max_entry_price": 0.85,
      "clob_up_ask": 0.54,
      "clob_down_ask": 0.47,
      "seconds_left": 270.83402395248413
    },
    {
      "ts": "2026-06-20T16:30:31.897093Z",
      "slug": "btc-updown-5m-1781973000",
      "status": "heartbeat",
      "gamma_up": 0.495,
      "gamma_down": 0.505,
      "clob_up_ask": 0.56,
      "clob_down_ask": 0.45,
      "seconds_left": 268.4367389678955,
      "min_spread": 0.010000000000000009
    },
    {
      "ts": "2026-06-20T16:30:31.897110Z",
      "slug": "btc-updown-5m-1781973000",
      "status": "skip_price_outside_band",
      "threshold": 0.58,
      "max_entry_price": 0.85,
      "clob_up_ask": 0.56,
      "clob_down_ask": 0.45,
      "seconds_left": 268.4367389678955
    },
    {
      "ts": "2026-06-20T16:30:34.348788Z",
      "slug": "btc-updown-5m-1781973000",
      "status": "heartbeat",
      "gamma_up": 0.495,
      "gamma_down": 0.505,
      "clob_up_ask": 0.55,
      "clob_down_ask": 0.46,
      "seconds_left": 266.04339718818665,
      "min_spread": 0.010000000000000009
    },
    {
      "ts": "2026-06-20T16:30:34.348811Z",
      "slug": "btc-updown-5m-1781973000",
      "status": "skip_price_outside_band",
      "threshold": 0.58,
      "max_entry_price": 0.85,
      "clob_up_ask": 0.55,
      "clob_down_ask": 0.46,
      "seconds_left": 266.04339718818665
    },
    {
      "ts": "2026-06-20T16:30:36.852425Z",
      "slug": "btc-updown-5m-1781973000",
      "status": "heartbeat",
      "gamma_up": 0.495,
      "gamma_down": 0.505,
      "clob_up_ask": 0.53,
      "clob_down_ask": 0.48,
      "seconds_left": 263.48342514038086,
      "min_spread": 0.010000000000000009
    },
    {
      "ts": "2026-06-20T16:30:36.852441Z",
      "slug": "btc-updown-5m-1781973000",
      "status": "skip_price_outside_band",
      "threshold": 0.58,
      "max_entry_price": 0.85,
      "clob_up_ask": 0.53,
      "clob_down_ask": 0.48,
      "seconds_left": 263.48342514038086
    },
    {
      "ts": "2026-06-20T16:30:39.272660Z",
      "slug": "btc-updown-5m-1781973000",
      "status": "heartbeat",
      "gamma_up": 0.495,
      "gamma_down": 0.505,
      "clob_up_ask": 0.54,
      "clob_down_ask": 0.47,
      "seconds_left": 261.08245396614075,
      "min_spread": 0.009999999999999953
    },
    {
      "ts": "2026-06-20T16:30:39.272699Z",
      "slug": "btc-updown-5m-1781973000",
      "status": "skip_price_outside_band",
      "threshold": 0.58,
      "max_entry_price": 0.85,
      "clob_up_ask": 0.54,
      "clob_down_ask": 0.47,
      "seconds_left": 261.08245396614075
    },
    {
      "ts": "2026-06-20T16:30:41.692876Z",
      "slug": "btc-updown-5m-1781973000",
      "status": "heartbeat",
      "gamma_up": 0.495,
      "gamma_down": 0.505,
      "clob_up_ask": 0.44,
      "clob_down_ask": 0.58,
      "seconds_left": 258.6628260612488,
      "min_spread": 0.010000000000000009
    }
  ],
  "balance_errors": [],
  "open_raw": "{\"order_post_result\": {\"errorMsg\": \"\", \"orderID\": \"0x6ad6b33f9b6329cf701496eb277fb99d0ac3f442d4dd76d84bece0cd3e6135d2\", \"takingAmount\": \"7.388058\", \"makingAmount\": \"4.949998\", \"status\": \"matched\", \"transactionsHashes\": [\"0xdfdb37cde8632617ed5134707d9eb0051a9e7f0676c0363946b7b1997a41c16c\"], \"success\": true}, \"entry_price\": 0.6699998835959328, \"market_slug\": \"btc-updown-5m-1781973000\", \"token_id\": \"91584778490803484698672644859600493833752924703880249113974667914203523038132\", \"side\": \"DOWN\", \"best_bid\": 0.01, \"best_ask\": 0.99, \"price\": 0.99, \"size\": 5.0, \"budget_usd\": 5.0, \"min_order_size\": 5.0, \"neg_risk\": false, \"execute\": true}\n\n",
  "opened": {
    "opened_at": "2026-06-20T16:30:47.624225Z",
    "market_slug": "btc-updown-5m-1781973000",
    "market_end_iso": "2026-06-20T16:35:00Z",
    "side": "DOWN",
    "token_id": "91584778490803484698672644859600493833752924703880249113974667914203523038132",
    "entry_price": 0.6854762103925011,
    "shares": 7.388058,
    "shares_requested": 7.388058,
    "cost_usdc": 5.064338,
    "cost_requested_usdc": 4.949998,
    "ctf_balance_after_open": 7.388058,
    "pusd_balance_after_open": 38.029226,
    "settle_wait_sec": 2.55,
    "balance_unconfirmed": false,
    "open_order_id": "0x6ad6b33f9b6329cf701496eb277fb99d0ac3f442d4dd76d84bece0cd3e6135d2",
    "open_tx": "0xdfdb37cde8632617ed5134707d9eb0051a9e7f0676c0363946b7b1997a41c16c"
  },
  "stop_loss_price": null,
  "close_debug": [
    {
      "ts": "2026-06-20T16:34:57.578501Z",
      "attempt": 1,
      "order_type": "FAK",
      "status": "matched",
      "close_skipped": ""
    }
  ],
  "close_raw": "{\"close_skipped\": \"\", \"order_post_result\": {\"errorMsg\": \"\", \"orderID\": \"0x16cbd27177dc63a9cb5c5ea631bf51be041503720bacf3bce1b51961ec87e1aa\", \"takingAmount\": \"7.37262\", \"makingAmount\": \"7.38\", \"status\": \"matched\", \"transactionsHashes\": [\"0xa01c9b3bce8d23947e782abac9c4f64afa21a2bdfe13ae0f86df8cda221504ed\"], \"success\": true}, \"market_slug\": \"btc-updown-5m-1781973000\", \"token_id\": \"91584778490803484698672644859600493833752924703880249113974667914203523038132\", \"side\": \"SELL\", \"price\": 0.001, \"size\": 7.388, \"neg_risk\": false, \"execute\": true}\n\n",
  "closed": {
    "close_reason": "time_exit_5s_before_end",
    "closed_at": "2026-06-20T16:34:58.911906Z",
    "close_success": true,
    "close_status": "matched",
    "close_order_id": "0x16cbd27177dc63a9cb5c5ea631bf51be041503720bacf3bce1b51961ec87e1aa",
    "close_tx": "0xa01c9b3bce8d23947e782abac9c4f64afa21a2bdfe13ae0f86df8cda221504ed",
    "close_shares": 7.38,
    "close_shares_requested": 7.38,
    "close_usdc": 7.37211,
    "close_usdc_requested": 7.37262,
    "ctf_remaining": 0.008058,
    "pusd_balance_after_close": 45.401336,
    "position_closed_on_chain": true,
    "close_settle_wait_sec": 1.33,
    "close_skipped": ""
  },
  "realized_cashflow_pnl_usdc": 2.307772,
  "finished_at": "2026-06-20T16:34:58.911935Z",
  "result": "done"
}
