{
  "started_at": "2026-06-20T18:56:42.994581Z",
  "params": {
    "profile": "conservative",
    "threshold": 0.58,
    "max_entry_price": 0.85,
    "stake_usd": 5.0,
    "stop_loss_pct": 0.0,
    "exit_before_sec": 5,
    "min_entry_seconds_left": 60,
    "entry_timeout_min": 5,
    "poll_sec": 2.0,
    "close_retry_max": 30,
    "close_retry_delay_sec": 2.0,
    "execute": true
  },
  "attempts": [
    {
      "ts": "2026-06-20T18:56:43.486926Z",
      "slug": "btc-updown-5m-1781981700",
      "status": "heartbeat",
      "gamma_up": 0.505,
      "gamma_down": 0.495,
      "clob_up_ask": 0.53,
      "clob_down_ask": 0.48,
      "seconds_left": 196.9543879032135,
      "min_spread": 0.010000000000000009
    },
    {
      "ts": "2026-06-20T18:56:43.486941Z",
      "slug": "btc-updown-5m-1781981700",
      "status": "skip_price_outside_band",
      "threshold": 0.58,
      "max_entry_price": 0.85,
      "clob_up_ask": 0.53,
      "clob_down_ask": 0.48,
      "seconds_left": 196.9543879032135
    },
    {
      "ts": "2026-06-20T18:56:45.938759Z",
      "slug": "btc-updown-5m-1781981700",
      "status": "heartbeat",
      "gamma_up": 0.505,
      "gamma_down": 0.495,
      "clob_up_ask": 0.53,
      "clob_down_ask": 0.48,
      "seconds_left": 194.45824003219604,
      "min_spread": 0.010000000000000009
    },
    {
      "ts": "2026-06-20T18:56:45.938775Z",
      "slug": "btc-updown-5m-1781981700",
      "status": "skip_price_outside_band",
      "threshold": 0.58,
      "max_entry_price": 0.85,
      "clob_up_ask": 0.53,
      "clob_down_ask": 0.48,
      "seconds_left": 194.45824003219604
    },
    {
      "ts": "2026-06-20T18:56:48.393413Z",
      "slug": "btc-updown-5m-1781981700",
      "status": "heartbeat",
      "gamma_up": 0.505,
      "gamma_down": 0.495,
      "clob_up_ask": 0.48,
      "clob_down_ask": 0.53,
      "seconds_left": 191.98523116111755,
      "min_spread": 0.010000000000000009
    },
    {
      "ts": "2026-06-20T18:56:48.393439Z",
      "slug": "btc-updown-5m-1781981700",
      "status": "skip_price_outside_band",
      "threshold": 0.58,
      "max_entry_price": 0.85,
      "clob_up_ask": 0.48,
      "clob_down_ask": 0.53,
      "seconds_left": 191.98523116111755
    },
    {
      "ts": "2026-06-20T18:56:50.895686Z",
      "slug": "btc-updown-5m-1781981700",
      "status": "heartbeat",
      "gamma_up": 0.505,
      "gamma_down": 0.495,
      "clob_up_ask": 0.49,
      "clob_down_ask": 0.52,
      "seconds_left": 189.46195006370544,
      "min_spread": 0.010000000000000009
    },
    {
      "ts": "2026-06-20T18:56:50.895702Z",
      "slug": "btc-updown-5m-1781981700",
      "status": "skip_price_outside_band",
      "threshold": 0.58,
      "max_entry_price": 0.85,
      "clob_up_ask": 0.49,
      "clob_down_ask": 0.52,
      "seconds_left": 189.46195006370544
    },
    {
      "ts": "2026-06-20T18:56:53.278870Z",
      "slug": "btc-updown-5m-1781981700",
      "status": "heartbeat",
      "gamma_up": 0.505,
      "gamma_down": 0.495,
      "clob_up_ask": 0.49,
      "clob_down_ask": 0.52,
      "seconds_left": 187.06275987625122,
      "min_spread": 0.010000000000000009
    },
    {
      "ts": "2026-06-20T18:56:53.278884Z",
      "slug": "btc-updown-5m-1781981700",
      "status": "skip_price_outside_band",
      "threshold": 0.58,
      "max_entry_price": 0.85,
      "clob_up_ask": 0.49,
      "clob_down_ask": 0.52,
      "seconds_left": 187.06275987625122
    },
    {
      "ts": "2026-06-20T18:56:55.732589Z",
      "slug": "btc-updown-5m-1781981700",
      "status": "heartbeat",
      "gamma_up": 0.505,
      "gamma_down": 0.495,
      "clob_up_ask": 0.49,
      "clob_down_ask": 0.52,
      "seconds_left": 184.6518530845642,
      "min_spread": 0.010000000000000009
    },
    {
      "ts": "2026-06-20T18:56:55.732606Z",
      "slug": "btc-updown-5m-1781981700",
      "status": "skip_price_outside_band",
      "threshold": 0.58,
      "max_entry_price": 0.85,
      "clob_up_ask": 0.49,
      "clob_down_ask": 0.52,
      "seconds_left": 184.6518530845642
    },
    {
      "ts": "2026-06-20T18:56:58.220503Z",
      "slug": "btc-updown-5m-1781981700",
      "status": "heartbeat",
      "gamma_up": 0.505,
      "gamma_down": 0.495,
      "clob_up_ask": 0.52,
      "clob_down_ask": 0.49,
      "seconds_left": 182.11951899528503,
      "min_spread": 0.010000000000000009
    },
    {
      "ts": "2026-06-20T18:56:58.220536Z",
      "slug": "btc-updown-5m-1781981700",
      "status": "skip_price_outside_band",
      "threshold": 0.58,
      "max_entry_price": 0.85,
      "clob_up_ask": 0.52,
      "clob_down_ask": 0.49,
      "seconds_left": 182.11951899528503
    },
    {
      "ts": "2026-06-20T18:57:00.619562Z",
      "slug": "btc-updown-5m-1781981700",
      "status": "heartbeat",
      "gamma_up": 0.505,
      "gamma_down": 0.495,
      "clob_up_ask": 0.52,
      "clob_down_ask": 0.49,
      "seconds_left": 179.71560502052307,
      "min_spread": 0.010000000000000009
    },
    {
      "ts": "2026-06-20T18:57:00.619594Z",
      "slug": "btc-updown-5m-1781981700",
      "status": "skip_price_outside_band",
      "threshold": 0.58,
      "max_entry_price": 0.85,
      "clob_up_ask": 0.52,
      "clob_down_ask": 0.49,
      "seconds_left": 179.71560502052307
    },
    {
      "ts": "2026-06-20T18:57:03.073255Z",
      "slug": "btc-updown-5m-1781981700",
      "status": "heartbeat",
      "gamma_up": 0.505,
      "gamma_down": 0.495,
      "clob_up_ask": 0.52,
      "clob_down_ask": 0.49,
      "seconds_left": 177.3356328010559,
      "min_spread": 0.010000000000000009
    },
    {
      "ts": "2026-06-20T18:57:03.073269Z",
      "slug": "btc-updown-5m-1781981700",
      "status": "skip_price_outside_band",
      "threshold": 0.58,
      "max_entry_price": 0.85,
      "clob_up_ask": 0.52,
      "clob_down_ask": 0.49,
      "seconds_left": 177.3356328010559
    },
    {
      "ts": "2026-06-20T18:57:05.546968Z",
      "slug": "btc-updown-5m-1781981700",
      "status": "heartbeat",
      "gamma_up": 0.505,
      "gamma_down": 0.495,
      "clob_up_ask": 0.52,
      "clob_down_ask": 0.49,
      "seconds_left": 174.7927050590515,
      "min_spread": 0.010000000000000009
    },
    {
      "ts": "2026-06-20T18:57:05.546992Z",
      "slug": "btc-updown-5m-1781981700",
      "status": "skip_price_outside_band",
      "threshold": 0.58,
      "max_entry_price": 0.85,
      "clob_up_ask": 0.52,
      "clob_down_ask": 0.49,
      "seconds_left": 174.7927050590515
    },
    {
      "ts": "2026-06-20T18:57:07.953457Z",
      "slug": "btc-updown-5m-1781981700",
      "status": "heartbeat",
      "gamma_up": 0.505,
      "gamma_down": 0.495,
      "clob_up_ask": 0.52,
      "clob_down_ask": 0.49,
      "seconds_left": 172.39458799362183,
      "min_spread": 0.010000000000000009
    },
    {
      "ts": "2026-06-20T18:57:07.953474Z",
      "slug": "btc-updown-5m-1781981700",
      "status": "skip_price_outside_band",
      "threshold": 0.58,
      "max_entry_price": 0.85,
      "clob_up_ask": 0.52,
      "clob_down_ask": 0.49,
      "seconds_left": 172.39458799362183
    },
    {
      "ts": "2026-06-20T18:57:10.414251Z",
      "slug": "btc-updown-5m-1781981700",
      "status": "heartbeat",
      "gamma_up": 0.505,
      "gamma_down": 0.495,
      "clob_up_ask": 0.52,
      "clob_down_ask": 0.49,
      "seconds_left": 169.97859501838684,
      "min_spread": 0.010000000000000009
    },
    {
      "ts": "2026-06-20T18:57:10.414269Z",
      "slug": "btc-updown-5m-1781981700",
      "status": "skip_price_outside_band",
      "threshold": 0.58,
      "max_entry_price": 0.85,
      "clob_up_ask": 0.52,
      "clob_down_ask": 0.49,
      "seconds_left": 169.97859501838684
    },
    {
      "ts": "2026-06-20T18:57:12.901991Z",
      "slug": "btc-updown-5m-1781981700",
      "status": "heartbeat",
      "gamma_up": 0.505,
      "gamma_down": 0.495,
      "clob_up_ask": 0.52,
      "clob_down_ask": 0.49,
      "seconds_left": 167.4437940120697,
      "min_spread": 0.010000000000000009
    },
    {
      "ts": "2026-06-20T18:57:12.902017Z",
      "slug": "btc-updown-5m-1781981700",
      "status": "skip_price_outside_band",
      "threshold": 0.58,
      "max_entry_price": 0.85,
      "clob_up_ask": 0.52,
      "clob_down_ask": 0.49,
      "seconds_left": 167.4437940120697
    },
    {
      "ts": "2026-06-20T18:57:15.315896Z",
      "slug": "btc-updown-5m-1781981700",
      "status": "heartbeat",
      "gamma_up": 0.505,
      "gamma_down": 0.495,
      "clob_up_ask": 0.52,
      "clob_down_ask": 0.49,
      "seconds_left": 165.03482794761658,
      "min_spread": 0.010000000000000009
    },
    {
      "ts": "2026-06-20T18:57:15.315927Z",
      "slug": "btc-updown-5m-1781981700",
      "status": "skip_price_outside_band",
      "threshold": 0.58,
      "max_entry_price": 0.85,
      "clob_up_ask": 0.52,
      "clob_down_ask": 0.49,
      "seconds_left": 165.03482794761658
    },
    {
      "ts": "2026-06-20T18:57:17.754232Z",
      "slug": "btc-updown-5m-1781981700",
      "status": "heartbeat",
      "gamma_up": 0.505,
      "gamma_down": 0.495,
      "clob_up_ask": 0.52,
      "clob_down_ask": 0.49,
      "seconds_left": 162.63622093200684,
      "min_spread": 0.010000000000000009
    },
    {
      "ts": "2026-06-20T18:57:17.754249Z",
      "slug": "btc-updown-5m-1781981700",
      "status": "skip_price_outside_band",
      "threshold": 0.58,
      "max_entry_price": 0.85,
      "clob_up_ask": 0.52,
      "clob_down_ask": 0.49,
      "seconds_left": 162.63622093200684
    },
    {
      "ts": "2026-06-20T18:57:20.224445Z",
      "slug": "btc-updown-5m-1781981700",
      "status": "heartbeat",
      "gamma_up": 0.505,
      "gamma_down": 0.495,
      "clob_up_ask": 0.55,
      "clob_down_ask": 0.46,
      "seconds_left": 160.10594296455383,
      "min_spread": 0.010000000000000009
    },
    {
      "ts": "2026-06-20T18:57:20.224459Z",
      "slug": "btc-updown-5m-1781981700",
      "status": "skip_price_outside_band",
      "threshold": 0.58,
      "max_entry_price": 0.85,
      "clob_up_ask": 0.55,
      "clob_down_ask": 0.46,
      "seconds_left": 160.10594296455383
    },
    {
      "ts": "2026-06-20T18:57:22.637433Z",
      "slug": "btc-updown-5m-1781981700",
      "status": "heartbeat",
      "gamma_up": 0.505,
      "gamma_down": 0.495,
      "clob_up_ask": 0.58,
      "clob_down_ask": 0.43,
      "seconds_left": 157.72262287139893,
      "min_spread": 0.010000000000000009
    }
  ],
  "balance_errors": [],
  "open_raw": "{\"order_post_result\": {\"errorMsg\": \"\", \"orderID\": \"0xd78504354ccd31e61fbb0e8fd0a5b011859a0ce9eb2c0a65ae3c3310e8302408\", \"takingAmount\": \"8.53448\", \"makingAmount\": \"4.949998\", \"status\": \"matched\", \"transactionsHashes\": [\"0x982671b77ea6200d7b5bab54f92dc06043a77cd02968014c966e8e9337eb8b1f\"], \"success\": true}, \"entry_price\": 0.5799999531312979, \"market_slug\": \"btc-updown-5m-1781981700\", \"token_id\": \"112560142042541388858525664940194478030447767123456913029618768518026372348431\", \"side\": \"UP\", \"best_bid\": 0.01, \"best_ask\": 0.99, \"price\": 0.99, \"size\": 5.0, \"budget_usd\": 5.0, \"min_order_size\": 5.0, \"neg_risk\": false, \"execute\": true}\n\n",
  "opened": {
    "opened_at": "2026-06-20T18:57:25.941064Z",
    "market_slug": "btc-updown-5m-1781981700",
    "market_end_iso": "2026-06-20T19:00:00Z",
    "side": "UP",
    "token_id": "112560142042541388858525664940194478030447767123456913029618768518026372348431",
    "entry_price": 0.5970507869255068,
    "shares": 8.53448,
    "shares_requested": 8.53448,
    "cost_usdc": 5.095518,
    "cost_requested_usdc": 4.949998,
    "ctf_balance_after_open": 8.53448,
    "pusd_balance_after_open": 26.2119,
    "settle_wait_sec": 0.85,
    "balance_unconfirmed": false,
    "open_order_id": "0xd78504354ccd31e61fbb0e8fd0a5b011859a0ce9eb2c0a65ae3c3310e8302408",
    "open_tx": "0x982671b77ea6200d7b5bab54f92dc06043a77cd02968014c966e8e9337eb8b1f"
  },
  "stop_loss_price": null,
  "close_debug": [
    {
      "ts": "2026-06-20T19:01:31.067634Z",
      "mode": "hold_to_settlement",
      "redeem_wait_sec": 90.61,
      "ctf_remaining": 8.53448
    }
  ],
  "closed": {
    "close_reason": "held_to_settlement",
    "closed_at": "2026-06-20T19:01:31.067618Z",
    "close_success": false,
    "close_status": "worthless",
    "close_order_id": null,
    "close_tx": null,
    "close_shares": 0.0,
    "close_shares_requested": 8.53448,
    "close_usdc": 0.0,
    "close_usdc_requested": 0.0,
    "ctf_remaining": 8.53448,
    "pusd_balance_after_close": 26.2119,
    "position_closed_on_chain": false,
    "close_settle_wait_sec": 90.61,
    "close_skipped": ""
  },
  "realized_cashflow_pnl_usdc": -5.095518,
  "finished_at": "2026-06-20T19:01:31.067640Z",
  "result": "done"
}
