{
  "started_at": "2026-06-20T22:08:09.993096Z",
  "params": {
    "profile": "conservative",
    "threshold": 0.62,
    "max_entry_price": 0.75,
    "stake_usd": 12.73,
    "stop_loss_pct": 0.0,
    "exit_before_sec": 5,
    "min_entry_seconds_left": 60,
    "entry_timeout_min": 5,
    "poll_sec": 2.0,
    "close_retry_max": 30,
    "close_retry_delay_sec": 2.0,
    "execute": true
  },
  "attempts": [
    {
      "ts": "2026-06-20T22:08:10.475368Z",
      "slug": "sol-updown-5m-1781993100",
      "status": "heartbeat",
      "gamma_up": 0.48,
      "gamma_down": 0.52,
      "clob_up_ask": 0.94,
      "clob_down_ask": 0.07,
      "seconds_left": 109.87830996513367,
      "min_spread": 0.009999999999999898
    },
    {
      "ts": "2026-06-20T22:08:10.475389Z",
      "slug": "sol-updown-5m-1781993100",
      "status": "skip_price_outside_band",
      "threshold": 0.62,
      "max_entry_price": 0.75,
      "clob_up_ask": 0.94,
      "clob_down_ask": 0.07,
      "seconds_left": 109.87830996513367
    },
    {
      "ts": "2026-06-20T22:08:13.110807Z",
      "slug": "sol-updown-5m-1781993100",
      "status": "heartbeat",
      "gamma_up": 0.48,
      "gamma_down": 0.52,
      "clob_up_ask": 0.95,
      "clob_down_ask": 0.06,
      "seconds_left": 107.21686506271362,
      "min_spread": 0.009999999999999995
    },
    {
      "ts": "2026-06-20T22:08:13.110903Z",
      "slug": "sol-updown-5m-1781993100",
      "status": "skip_price_outside_band",
      "threshold": 0.62,
      "max_entry_price": 0.75,
      "clob_up_ask": 0.95,
      "clob_down_ask": 0.06,
      "seconds_left": 107.21686506271362
    },
    {
      "ts": "2026-06-20T22:08:15.499559Z",
      "slug": "sol-updown-5m-1781993100",
      "status": "heartbeat",
      "gamma_up": 0.48,
      "gamma_down": 0.52,
      "clob_up_ask": 0.95,
      "clob_down_ask": 0.06,
      "seconds_left": 104.82805800437927,
      "min_spread": 0.009999999999999995
    },
    {
      "ts": "2026-06-20T22:08:15.499575Z",
      "slug": "sol-updown-5m-1781993100",
      "status": "skip_price_outside_band",
      "threshold": 0.62,
      "max_entry_price": 0.75,
      "clob_up_ask": 0.95,
      "clob_down_ask": 0.06,
      "seconds_left": 104.82805800437927
    },
    {
      "ts": "2026-06-20T22:08:17.958390Z",
      "slug": "sol-updown-5m-1781993100",
      "status": "heartbeat",
      "gamma_up": 0.48,
      "gamma_down": 0.52,
      "clob_up_ask": 0.95,
      "clob_down_ask": 0.06,
      "seconds_left": 102.458331823349,
      "min_spread": 0.009999999999999995
    },
    {
      "ts": "2026-06-20T22:08:17.958419Z",
      "slug": "sol-updown-5m-1781993100",
      "status": "skip_price_outside_band",
      "threshold": 0.62,
      "max_entry_price": 0.75,
      "clob_up_ask": 0.95,
      "clob_down_ask": 0.06,
      "seconds_left": 102.458331823349
    },
    {
      "ts": "2026-06-20T22:08:20.608852Z",
      "slug": "sol-updown-5m-1781993100",
      "status": "heartbeat",
      "gamma_up": 0.48,
      "gamma_down": 0.52,
      "clob_up_ask": 0.93,
      "clob_down_ask": 0.08,
      "seconds_left": 99.88859605789185,
      "min_spread": 0.009999999999999995
    },
    {
      "ts": "2026-06-20T22:08:20.608869Z",
      "slug": "sol-updown-5m-1781993100",
      "status": "skip_price_outside_band",
      "threshold": 0.62,
      "max_entry_price": 0.75,
      "clob_up_ask": 0.93,
      "clob_down_ask": 0.08,
      "seconds_left": 99.88859605789185
    },
    {
      "ts": "2026-06-20T22:08:23.099700Z",
      "slug": "sol-updown-5m-1781993100",
      "status": "heartbeat",
      "gamma_up": 0.48,
      "gamma_down": 0.52,
      "clob_up_ask": 0.92,
      "clob_down_ask": 0.1,
      "seconds_left": 97.2640929222107,
      "min_spread": 0.020000000000000004
    },
    {
      "ts": "2026-06-20T22:08:23.099716Z",
      "slug": "sol-updown-5m-1781993100",
      "status": "skip_price_outside_band",
      "threshold": 0.62,
      "max_entry_price": 0.75,
      "clob_up_ask": 0.92,
      "clob_down_ask": 0.1,
      "seconds_left": 97.2640929222107
    },
    {
      "ts": "2026-06-20T22:08:25.467113Z",
      "slug": "sol-updown-5m-1781993100",
      "status": "heartbeat",
      "gamma_up": 0.48,
      "gamma_down": 0.52,
      "clob_up_ask": 0.94,
      "clob_down_ask": 0.07,
      "seconds_left": 94.86204481124878,
      "min_spread": 0.009999999999999898
    },
    {
      "ts": "2026-06-20T22:08:25.467144Z",
      "slug": "sol-updown-5m-1781993100",
      "status": "skip_price_outside_band",
      "threshold": 0.62,
      "max_entry_price": 0.75,
      "clob_up_ask": 0.94,
      "clob_down_ask": 0.07,
      "seconds_left": 94.86204481124878
    },
    {
      "ts": "2026-06-20T22:08:27.918529Z",
      "slug": "sol-updown-5m-1781993100",
      "status": "heartbeat",
      "gamma_up": 0.48,
      "gamma_down": 0.52,
      "clob_up_ask": 0.94,
      "clob_down_ask": 0.07,
      "seconds_left": 92.48366594314575,
      "min_spread": 0.009999999999999898
    },
    {
      "ts": "2026-06-20T22:08:27.918549Z",
      "slug": "sol-updown-5m-1781993100",
      "status": "skip_price_outside_band",
      "threshold": 0.62,
      "max_entry_price": 0.75,
      "clob_up_ask": 0.94,
      "clob_down_ask": 0.07,
      "seconds_left": 92.48366594314575
    },
    {
      "ts": "2026-06-20T22:08:30.399975Z",
      "slug": "sol-updown-5m-1781993100",
      "status": "heartbeat",
      "gamma_up": 0.48,
      "gamma_down": 0.52,
      "clob_up_ask": 0.91,
      "clob_down_ask": 0.1,
      "seconds_left": 89.93529295921326,
      "min_spread": 0.010000000000000009
    },
    {
      "ts": "2026-06-20T22:08:30.399995Z",
      "slug": "sol-updown-5m-1781993100",
      "status": "skip_price_outside_band",
      "threshold": 0.62,
      "max_entry_price": 0.75,
      "clob_up_ask": 0.91,
      "clob_down_ask": 0.1,
      "seconds_left": 89.93529295921326
    },
    {
      "ts": "2026-06-20T22:08:32.805062Z",
      "slug": "sol-updown-5m-1781993100",
      "status": "heartbeat",
      "gamma_up": 0.48,
      "gamma_down": 0.52,
      "clob_up_ask": 0.93,
      "clob_down_ask": 0.08,
      "seconds_left": 87.53386497497559,
      "min_spread": 0.009999999999999995
    },
    {
      "ts": "2026-06-20T22:08:32.805075Z",
      "slug": "sol-updown-5m-1781993100",
      "status": "skip_price_outside_band",
      "threshold": 0.62,
      "max_entry_price": 0.75,
      "clob_up_ask": 0.93,
      "clob_down_ask": 0.08,
      "seconds_left": 87.53386497497559
    },
    {
      "ts": "2026-06-20T22:08:35.259482Z",
      "slug": "sol-updown-5m-1781993100",
      "status": "heartbeat",
      "gamma_up": 0.48,
      "gamma_down": 0.52,
      "clob_up_ask": 0.93,
      "clob_down_ask": 0.08,
      "seconds_left": 85.13661789894104,
      "min_spread": 0.009999999999999995
    },
    {
      "ts": "2026-06-20T22:08:35.259500Z",
      "slug": "sol-updown-5m-1781993100",
      "status": "skip_price_outside_band",
      "threshold": 0.62,
      "max_entry_price": 0.75,
      "clob_up_ask": 0.93,
      "clob_down_ask": 0.08,
      "seconds_left": 85.13661789894104
    },
    {
      "ts": "2026-06-20T22:08:37.727140Z",
      "slug": "sol-updown-5m-1781993100",
      "status": "heartbeat",
      "gamma_up": 0.48,
      "gamma_down": 0.52,
      "clob_up_ask": 0.92,
      "clob_down_ask": 0.1,
      "seconds_left": 82.60562682151794,
      "min_spread": 0.020000000000000004
    },
    {
      "ts": "2026-06-20T22:08:37.727150Z",
      "slug": "sol-updown-5m-1781993100",
      "status": "skip_price_outside_band",
      "threshold": 0.62,
      "max_entry_price": 0.75,
      "clob_up_ask": 0.92,
      "clob_down_ask": 0.1,
      "seconds_left": 82.60562682151794
    },
    {
      "ts": "2026-06-20T22:08:40.141215Z",
      "slug": "sol-updown-5m-1781993100",
      "status": "heartbeat",
      "gamma_up": 0.48,
      "gamma_down": 0.52,
      "clob_up_ask": 0.93,
      "clob_down_ask": 0.08,
      "seconds_left": 80.22973799705505,
      "min_spread": 0.009999999999999995
    },
    {
      "ts": "2026-06-20T22:08:40.141224Z",
      "slug": "sol-updown-5m-1781993100",
      "status": "skip_price_outside_band",
      "threshold": 0.62,
      "max_entry_price": 0.75,
      "clob_up_ask": 0.93,
      "clob_down_ask": 0.08,
      "seconds_left": 80.22973799705505
    },
    {
      "ts": "2026-06-20T22:08:42.599085Z",
      "slug": "sol-updown-5m-1781993100",
      "status": "heartbeat",
      "gamma_up": 0.48,
      "gamma_down": 0.52,
      "clob_up_ask": 0.93,
      "clob_down_ask": 0.09,
      "seconds_left": 77.8065447807312,
      "min_spread": 0.009999999999999995
    },
    {
      "ts": "2026-06-20T22:08:42.599099Z",
      "slug": "sol-updown-5m-1781993100",
      "status": "skip_price_outside_band",
      "threshold": 0.62,
      "max_entry_price": 0.75,
      "clob_up_ask": 0.93,
      "clob_down_ask": 0.09,
      "seconds_left": 77.8065447807312
    },
    {
      "ts": "2026-06-20T22:08:45.066002Z",
      "slug": "sol-updown-5m-1781993100",
      "status": "heartbeat",
      "gamma_up": 0.48,
      "gamma_down": 0.52,
      "clob_up_ask": 0.92,
      "clob_down_ask": 0.09,
      "seconds_left": 75.2716269493103,
      "min_spread": 0.009999999999999995
    },
    {
      "ts": "2026-06-20T22:08:45.066033Z",
      "slug": "sol-updown-5m-1781993100",
      "status": "skip_price_outside_band",
      "threshold": 0.62,
      "max_entry_price": 0.75,
      "clob_up_ask": 0.92,
      "clob_down_ask": 0.09,
      "seconds_left": 75.2716269493103
    },
    {
      "ts": "2026-06-20T22:08:47.479013Z",
      "slug": "sol-updown-5m-1781993100",
      "status": "heartbeat",
      "gamma_up": 0.48,
      "gamma_down": 0.52,
      "clob_up_ask": 0.93,
      "clob_down_ask": 0.08,
      "seconds_left": 72.8915650844574,
      "min_spread": 0.009999999999999995
    },
    {
      "ts": "2026-06-20T22:08:47.479025Z",
      "slug": "sol-updown-5m-1781993100",
      "status": "skip_price_outside_band",
      "threshold": 0.62,
      "max_entry_price": 0.75,
      "clob_up_ask": 0.93,
      "clob_down_ask": 0.08,
      "seconds_left": 72.8915650844574
    },
    {
      "ts": "2026-06-20T22:08:49.938928Z",
      "slug": "sol-updown-5m-1781993100",
      "status": "heartbeat",
      "gamma_up": 0.48,
      "gamma_down": 0.52,
      "clob_up_ask": 0.93,
      "clob_down_ask": 0.08,
      "seconds_left": 70.47710704803467,
      "min_spread": 0.009999999999999995
    },
    {
      "ts": "2026-06-20T22:08:49.938937Z",
      "slug": "sol-updown-5m-1781993100",
      "status": "skip_price_outside_band",
      "threshold": 0.62,
      "max_entry_price": 0.75,
      "clob_up_ask": 0.93,
      "clob_down_ask": 0.08,
      "seconds_left": 70.47710704803467
    },
    {
      "ts": "2026-06-20T22:08:52.393473Z",
      "slug": "sol-updown-5m-1781993100",
      "status": "heartbeat",
      "gamma_up": 0.48,
      "gamma_down": 0.52,
      "clob_up_ask": 0.93,
      "clob_down_ask": 0.08,
      "seconds_left": 67.92890119552612,
      "min_spread": 0.009999999999999995
    },
    {
      "ts": "2026-06-20T22:08:52.393502Z",
      "slug": "sol-updown-5m-1781993100",
      "status": "skip_price_outside_band",
      "threshold": 0.62,
      "max_entry_price": 0.75,
      "clob_up_ask": 0.93,
      "clob_down_ask": 0.08,
      "seconds_left": 67.92890119552612
    },
    {
      "ts": "2026-06-20T22:08:54.819613Z",
      "slug": "sol-updown-5m-1781993100",
      "status": "heartbeat",
      "gamma_up": 0.48,
      "gamma_down": 0.52,
      "clob_up_ask": 0.93,
      "clob_down_ask": 0.08,
      "seconds_left": 65.55793499946594,
      "min_spread": 0.009999999999999995
    },
    {
      "ts": "2026-06-20T22:08:54.819621Z",
      "slug": "sol-updown-5m-1781993100",
      "status": "skip_price_outside_band",
      "threshold": 0.62,
      "max_entry_price": 0.75,
      "clob_up_ask": 0.93,
      "clob_down_ask": 0.08,
      "seconds_left": 65.55793499946594
    },
    {
      "ts": "2026-06-20T22:08:57.279113Z",
      "slug": "sol-updown-5m-1781993100",
      "status": "heartbeat",
      "gamma_up": 0.48,
      "gamma_down": 0.52,
      "clob_up_ask": 0.9,
      "clob_down_ask": 0.11,
      "seconds_left": 63.12277293205261,
      "min_spread": 0.009999999999999995
    },
    {
      "ts": "2026-06-20T22:08:57.279128Z",
      "slug": "sol-updown-5m-1781993100",
      "status": "skip_price_outside_band",
      "threshold": 0.62,
      "max_entry_price": 0.75,
      "clob_up_ask": 0.9,
      "clob_down_ask": 0.11,
      "seconds_left": 63.12277293205261
    },
    {
      "ts": "2026-06-20T22:08:59.751166Z",
      "slug": "sol-updown-5m-1781993100",
      "status": "heartbeat",
      "gamma_up": 0.48,
      "gamma_down": 0.52,
      "clob_up_ask": 0.74,
      "clob_down_ask": 0.27,
      "seconds_left": 60.57228493690491,
      "min_spread": 0.010000000000000009
    }
  ],
  "balance_errors": [],
  "open_raw": "{\"order_post_result\": {\"errorMsg\": \"\", \"orderID\": \"0x04d1c3baef62bce500e4f27e26cd3e3b83a35a3d35095d73866f5b01f83033d0\", \"takingAmount\": \"21.214284\", \"makingAmount\": \"11.879999\", \"status\": \"matched\", \"transactionsHashes\": [\"0x182334e26625683b1e0cfb60534a2d279988ac00202c3433901ddc1ce1b0840f\"], \"success\": true}, \"entry_price\": 0.559999998114478, \"market_slug\": \"sol-updown-5m-1781993100\", \"token_id\": \"111742311492985695858782169940517862230610645044914865061906338087058679521624\", \"side\": \"UP\", \"best_bid\": 0.01, \"best_ask\": 0.99, \"price\": 0.99, \"size\": 12.0, \"budget_usd\": 12.73, \"min_order_size\": 5.0, \"neg_risk\": false, \"execute\": true}\n\n",
  "opened": {
    "opened_at": "2026-06-20T22:09:04.094440Z",
    "market_slug": "sol-updown-5m-1781993100",
    "market_end_iso": "2026-06-20T22:10:00Z",
    "side": "UP",
    "token_id": "111742311492985695858782169940517862230610645044914865061906338087058679521624",
    "entry_price": 0.577247810956052,
    "shares": 21.214284,
    "shares_requested": 21.214284,
    "cost_usdc": 12.245899,
    "cost_requested_usdc": 11.879999,
    "ctf_balance_after_open": 21.214284,
    "pusd_balance_after_open": 24.285194,
    "settle_wait_sec": 2.18,
    "balance_unconfirmed": false,
    "open_order_id": "0x04d1c3baef62bce500e4f27e26cd3e3b83a35a3d35095d73866f5b01f83033d0",
    "open_tx": "0x182334e26625683b1e0cfb60534a2d279988ac00202c3433901ddc1ce1b0840f"
  },
  "stop_loss_price": null,
  "close_debug": [
    {
      "ts": "2026-06-20T22:11:06.775704Z",
      "mode": "hold_to_settlement",
      "redeem_wait_sec": 66.36,
      "ctf_remaining": 0.0
    }
  ],
  "closed": {
    "close_reason": "held_to_settlement",
    "closed_at": "2026-06-20T22:11:06.775675Z",
    "close_success": true,
    "close_status": "redeemed",
    "close_order_id": null,
    "close_tx": null,
    "close_shares": 21.214284,
    "close_shares_requested": 21.214284,
    "close_usdc": 21.214284,
    "close_usdc_requested": 0.0,
    "ctf_remaining": 0.0,
    "pusd_balance_after_close": 45.499478,
    "position_closed_on_chain": true,
    "close_settle_wait_sec": 66.36,
    "close_skipped": ""
  },
  "realized_cashflow_pnl_usdc": 8.968385,
  "finished_at": "2026-06-20T22:11:06.775712Z",
  "result": "done"
}
