{
  "started_at": "2026-06-20T20:35:34.936608Z",
  "params": {
    "profile": "conservative",
    "threshold": 0.62,
    "max_entry_price": 0.75,
    "stake_usd": 5.0,
    "stop_loss_pct": 0.0,
    "exit_before_sec": 5,
    "min_entry_seconds_left": 60,
    "entry_timeout_min": 5,
    "poll_sec": 2.0,
    "close_retry_max": 30,
    "close_retry_delay_sec": 2.0,
    "execute": true
  },
  "attempts": [
    {
      "ts": "2026-06-20T20:35:35.313698Z",
      "slug": "btc-updown-5m-1781987700",
      "status": "heartbeat",
      "gamma_up": 0.505,
      "gamma_down": 0.495,
      "clob_up_ask": 0.48,
      "clob_down_ask": 0.53,
      "seconds_left": 265.02094197273254,
      "min_spread": 0.010000000000000009
    },
    {
      "ts": "2026-06-20T20:35:35.313718Z",
      "slug": "btc-updown-5m-1781987700",
      "status": "skip_price_outside_band",
      "threshold": 0.62,
      "max_entry_price": 0.75,
      "clob_up_ask": 0.48,
      "clob_down_ask": 0.53,
      "seconds_left": 265.02094197273254
    },
    {
      "ts": "2026-06-20T20:35:37.710313Z",
      "slug": "btc-updown-5m-1781987700",
      "status": "heartbeat",
      "gamma_up": 0.505,
      "gamma_down": 0.495,
      "clob_up_ask": 0.49,
      "clob_down_ask": 0.52,
      "seconds_left": 262.63759994506836,
      "min_spread": 0.010000000000000009
    },
    {
      "ts": "2026-06-20T20:35:37.710341Z",
      "slug": "btc-updown-5m-1781987700",
      "status": "skip_price_outside_band",
      "threshold": 0.62,
      "max_entry_price": 0.75,
      "clob_up_ask": 0.49,
      "clob_down_ask": 0.52,
      "seconds_left": 262.63759994506836
    },
    {
      "ts": "2026-06-20T20:35:40.169396Z",
      "slug": "btc-updown-5m-1781987700",
      "status": "heartbeat",
      "gamma_up": 0.505,
      "gamma_down": 0.495,
      "clob_up_ask": 0.49,
      "clob_down_ask": 0.52,
      "seconds_left": 260.2287859916687,
      "min_spread": 0.010000000000000009
    },
    {
      "ts": "2026-06-20T20:35:40.169409Z",
      "slug": "btc-updown-5m-1781987700",
      "status": "skip_price_outside_band",
      "threshold": 0.62,
      "max_entry_price": 0.75,
      "clob_up_ask": 0.49,
      "clob_down_ask": 0.52,
      "seconds_left": 260.2287859916687
    },
    {
      "ts": "2026-06-20T20:35:42.646835Z",
      "slug": "btc-updown-5m-1781987700",
      "status": "heartbeat",
      "gamma_up": 0.505,
      "gamma_down": 0.495,
      "clob_up_ask": 0.45,
      "clob_down_ask": 0.56,
      "seconds_left": 257.6848759651184,
      "min_spread": 0.010000000000000009
    },
    {
      "ts": "2026-06-20T20:35:42.646860Z",
      "slug": "btc-updown-5m-1781987700",
      "status": "skip_price_outside_band",
      "threshold": 0.62,
      "max_entry_price": 0.75,
      "clob_up_ask": 0.45,
      "clob_down_ask": 0.56,
      "seconds_left": 257.6848759651184
    },
    {
      "ts": "2026-06-20T20:35:45.050900Z",
      "slug": "btc-updown-5m-1781987700",
      "status": "heartbeat",
      "gamma_up": 0.505,
      "gamma_down": 0.495,
      "clob_up_ask": 0.45,
      "clob_down_ask": 0.56,
      "seconds_left": 255.29520988464355,
      "min_spread": 0.010000000000000009
    },
    {
      "ts": "2026-06-20T20:35:45.050911Z",
      "slug": "btc-updown-5m-1781987700",
      "status": "skip_price_outside_band",
      "threshold": 0.62,
      "max_entry_price": 0.75,
      "clob_up_ask": 0.45,
      "clob_down_ask": 0.56,
      "seconds_left": 255.29520988464355
    },
    {
      "ts": "2026-06-20T20:35:47.511444Z",
      "slug": "btc-updown-5m-1781987700",
      "status": "heartbeat",
      "gamma_up": 0.505,
      "gamma_down": 0.495,
      "clob_up_ask": 0.45,
      "clob_down_ask": 0.57,
      "seconds_left": 252.9013078212738,
      "min_spread": 0.009999999999999898
    },
    {
      "ts": "2026-06-20T20:35:47.511484Z",
      "slug": "btc-updown-5m-1781987700",
      "status": "skip_price_outside_band",
      "threshold": 0.62,
      "max_entry_price": 0.75,
      "clob_up_ask": 0.45,
      "clob_down_ask": 0.57,
      "seconds_left": 252.9013078212738
    },
    {
      "ts": "2026-06-20T20:35:49.980171Z",
      "slug": "btc-updown-5m-1781987700",
      "status": "heartbeat",
      "gamma_up": 0.505,
      "gamma_down": 0.495,
      "clob_up_ask": 0.43,
      "clob_down_ask": 0.58,
      "seconds_left": 250.34813380241394,
      "min_spread": 0.010000000000000009
    },
    {
      "ts": "2026-06-20T20:35:49.980182Z",
      "slug": "btc-updown-5m-1781987700",
      "status": "skip_price_outside_band",
      "threshold": 0.62,
      "max_entry_price": 0.75,
      "clob_up_ask": 0.43,
      "clob_down_ask": 0.58,
      "seconds_left": 250.34813380241394
    },
    {
      "ts": "2026-06-20T20:35:52.393723Z",
      "slug": "btc-updown-5m-1781987700",
      "status": "heartbeat",
      "gamma_up": 0.505,
      "gamma_down": 0.495,
      "clob_up_ask": 0.43,
      "clob_down_ask": 0.58,
      "seconds_left": 247.9685890674591,
      "min_spread": 0.010000000000000009
    },
    {
      "ts": "2026-06-20T20:35:52.393745Z",
      "slug": "btc-updown-5m-1781987700",
      "status": "skip_price_outside_band",
      "threshold": 0.62,
      "max_entry_price": 0.75,
      "clob_up_ask": 0.43,
      "clob_down_ask": 0.58,
      "seconds_left": 247.9685890674591
    },
    {
      "ts": "2026-06-20T20:35:54.850015Z",
      "slug": "btc-updown-5m-1781987700",
      "status": "heartbeat",
      "gamma_up": 0.505,
      "gamma_down": 0.495,
      "clob_up_ask": 0.43,
      "clob_down_ask": 0.58,
      "seconds_left": 245.54972100257874,
      "min_spread": 0.010000000000000009
    },
    {
      "ts": "2026-06-20T20:35:54.850038Z",
      "slug": "btc-updown-5m-1781987700",
      "status": "skip_price_outside_band",
      "threshold": 0.62,
      "max_entry_price": 0.75,
      "clob_up_ask": 0.43,
      "clob_down_ask": 0.58,
      "seconds_left": 245.54972100257874
    },
    {
      "ts": "2026-06-20T20:35:57.306740Z",
      "slug": "btc-updown-5m-1781987700",
      "status": "heartbeat",
      "gamma_up": 0.505,
      "gamma_down": 0.495,
      "clob_up_ask": 0.43,
      "clob_down_ask": 0.58,
      "seconds_left": 243.01609897613525,
      "min_spread": 0.010000000000000009
    },
    {
      "ts": "2026-06-20T20:35:57.306747Z",
      "slug": "btc-updown-5m-1781987700",
      "status": "skip_price_outside_band",
      "threshold": 0.62,
      "max_entry_price": 0.75,
      "clob_up_ask": 0.43,
      "clob_down_ask": 0.58,
      "seconds_left": 243.01609897613525
    },
    {
      "ts": "2026-06-20T20:35:59.730535Z",
      "slug": "btc-updown-5m-1781987700",
      "status": "heartbeat",
      "gamma_up": 0.505,
      "gamma_down": 0.495,
      "clob_up_ask": 0.43,
      "clob_down_ask": 0.58,
      "seconds_left": 240.64197611808777,
      "min_spread": 0.010000000000000009
    },
    {
      "ts": "2026-06-20T20:35:59.730567Z",
      "slug": "btc-updown-5m-1781987700",
      "status": "skip_price_outside_band",
      "threshold": 0.62,
      "max_entry_price": 0.75,
      "clob_up_ask": 0.43,
      "clob_down_ask": 0.58,
      "seconds_left": 240.64197611808777
    },
    {
      "ts": "2026-06-20T20:36:02.190310Z",
      "slug": "btc-updown-5m-1781987700",
      "status": "heartbeat",
      "gamma_up": 0.505,
      "gamma_down": 0.495,
      "clob_up_ask": 0.47,
      "clob_down_ask": 0.54,
      "seconds_left": 238.212140083313,
      "min_spread": 0.009999999999999953
    },
    {
      "ts": "2026-06-20T20:36:02.190344Z",
      "slug": "btc-updown-5m-1781987700",
      "status": "skip_price_outside_band",
      "threshold": 0.62,
      "max_entry_price": 0.75,
      "clob_up_ask": 0.47,
      "clob_down_ask": 0.54,
      "seconds_left": 238.212140083313
    },
    {
      "ts": "2026-06-20T20:36:04.681880Z",
      "slug": "btc-updown-5m-1781987700",
      "status": "heartbeat",
      "gamma_up": 0.505,
      "gamma_down": 0.495,
      "clob_up_ask": 0.46,
      "clob_down_ask": 0.55,
      "seconds_left": 235.66627097129822,
      "min_spread": 0.010000000000000009
    },
    {
      "ts": "2026-06-20T20:36:04.681915Z",
      "slug": "btc-updown-5m-1781987700",
      "status": "skip_price_outside_band",
      "threshold": 0.62,
      "max_entry_price": 0.75,
      "clob_up_ask": 0.46,
      "clob_down_ask": 0.55,
      "seconds_left": 235.66627097129822
    },
    {
      "ts": "2026-06-20T20:36:07.075936Z",
      "slug": "btc-updown-5m-1781987700",
      "status": "heartbeat",
      "gamma_up": 0.505,
      "gamma_down": 0.495,
      "clob_up_ask": 0.45,
      "clob_down_ask": 0.56,
      "seconds_left": 233.27181792259216,
      "min_spread": 0.010000000000000009
    },
    {
      "ts": "2026-06-20T20:36:07.075968Z",
      "slug": "btc-updown-5m-1781987700",
      "status": "skip_price_outside_band",
      "threshold": 0.62,
      "max_entry_price": 0.75,
      "clob_up_ask": 0.45,
      "clob_down_ask": 0.56,
      "seconds_left": 233.27181792259216
    },
    {
      "ts": "2026-06-20T20:36:09.531618Z",
      "slug": "btc-updown-5m-1781987700",
      "status": "heartbeat",
      "gamma_up": 0.505,
      "gamma_down": 0.495,
      "clob_up_ask": 0.45,
      "clob_down_ask": 0.56,
      "seconds_left": 230.86522793769836,
      "min_spread": 0.010000000000000009
    },
    {
      "ts": "2026-06-20T20:36:09.531651Z",
      "slug": "btc-updown-5m-1781987700",
      "status": "skip_price_outside_band",
      "threshold": 0.62,
      "max_entry_price": 0.75,
      "clob_up_ask": 0.45,
      "clob_down_ask": 0.56,
      "seconds_left": 230.86522793769836
    },
    {
      "ts": "2026-06-20T20:36:12.003566Z",
      "slug": "btc-updown-5m-1781987700",
      "status": "heartbeat",
      "gamma_up": 0.505,
      "gamma_down": 0.495,
      "clob_up_ask": 0.42,
      "clob_down_ask": 0.59,
      "seconds_left": 228.33030915260315,
      "min_spread": 0.010000000000000009
    },
    {
      "ts": "2026-06-20T20:36:12.003575Z",
      "slug": "btc-updown-5m-1781987700",
      "status": "skip_price_outside_band",
      "threshold": 0.62,
      "max_entry_price": 0.75,
      "clob_up_ask": 0.42,
      "clob_down_ask": 0.59,
      "seconds_left": 228.33030915260315
    },
    {
      "ts": "2026-06-20T20:36:14.414018Z",
      "slug": "btc-updown-5m-1781987700",
      "status": "heartbeat",
      "gamma_up": 0.505,
      "gamma_down": 0.495,
      "clob_up_ask": 0.42,
      "clob_down_ask": 0.59,
      "seconds_left": 225.95058679580688,
      "min_spread": 0.010000000000000009
    },
    {
      "ts": "2026-06-20T20:36:14.414054Z",
      "slug": "btc-updown-5m-1781987700",
      "status": "skip_price_outside_band",
      "threshold": 0.62,
      "max_entry_price": 0.75,
      "clob_up_ask": 0.42,
      "clob_down_ask": 0.59,
      "seconds_left": 225.95058679580688
    },
    {
      "ts": "2026-06-20T20:36:16.870480Z",
      "slug": "btc-updown-5m-1781987700",
      "status": "heartbeat",
      "gamma_up": 0.505,
      "gamma_down": 0.495,
      "clob_up_ask": 0.42,
      "clob_down_ask": 0.59,
      "seconds_left": 223.53012084960938,
      "min_spread": 0.010000000000000009
    },
    {
      "ts": "2026-06-20T20:36:16.870497Z",
      "slug": "btc-updown-5m-1781987700",
      "status": "skip_price_outside_band",
      "threshold": 0.62,
      "max_entry_price": 0.75,
      "clob_up_ask": 0.42,
      "clob_down_ask": 0.59,
      "seconds_left": 223.53012084960938
    },
    {
      "ts": "2026-06-20T20:36:19.349379Z",
      "slug": "btc-updown-5m-1781987700",
      "status": "heartbeat",
      "gamma_up": 0.505,
      "gamma_down": 0.495,
      "clob_up_ask": 0.41,
      "clob_down_ask": 0.6,
      "seconds_left": 220.99425506591797,
      "min_spread": 0.009999999999999953
    },
    {
      "ts": "2026-06-20T20:36:19.349414Z",
      "slug": "btc-updown-5m-1781987700",
      "status": "skip_price_outside_band",
      "threshold": 0.62,
      "max_entry_price": 0.75,
      "clob_up_ask": 0.41,
      "clob_down_ask": 0.6,
      "seconds_left": 220.99425506591797
    },
    {
      "ts": "2026-06-20T20:36:21.753559Z",
      "slug": "btc-updown-5m-1781987700",
      "status": "heartbeat",
      "gamma_up": 0.505,
      "gamma_down": 0.495,
      "clob_up_ask": 0.41,
      "clob_down_ask": 0.6,
      "seconds_left": 218.5832040309906,
      "min_spread": 0.009999999999999953
    },
    {
      "ts": "2026-06-20T20:36:21.753576Z",
      "slug": "btc-updown-5m-1781987700",
      "status": "skip_price_outside_band",
      "threshold": 0.62,
      "max_entry_price": 0.75,
      "clob_up_ask": 0.41,
      "clob_down_ask": 0.6,
      "seconds_left": 218.5832040309906
    },
    {
      "ts": "2026-06-20T20:36:24.212129Z",
      "slug": "btc-updown-5m-1781987700",
      "status": "heartbeat",
      "gamma_up": 0.505,
      "gamma_down": 0.495,
      "clob_up_ask": 0.39,
      "clob_down_ask": 0.62,
      "seconds_left": 216.18303418159485,
      "min_spread": 0.010000000000000009
    }
  ],
  "balance_errors": [],
  "open_raw": "{\"order_post_result\": {\"errorMsg\": \"\", \"orderID\": \"0x936444ba0cef6968c514c4fd980c5d8b6834e3be84f800e4ef787aa4dcffa92d\", \"takingAmount\": \"7.983868\", \"makingAmount\": \"4.949998\", \"status\": \"matched\", \"transactionsHashes\": [\"0x4a69f5b306b38c4a71e9949efdf387b8e6f35e30d95d09261f2510fda7773cd1\"], \"success\": true}, \"entry_price\": 0.6199999799595884, \"market_slug\": \"btc-updown-5m-1781987700\", \"token_id\": \"15408468869176731645664166495198026823925448140410065642479464094093024987363\", \"side\": \"DOWN\", \"best_bid\": 0.01, \"best_ask\": 0.99, \"price\": 0.99, \"size\": 5.0, \"budget_usd\": 5.0, \"min_order_size\": 5.0, \"neg_risk\": false, \"execute\": true}\n\n",
  "opened": {
    "opened_at": "2026-06-20T20:36:28.043744Z",
    "market_slug": "btc-updown-5m-1781987700",
    "market_end_iso": "2026-06-20T20:40:00Z",
    "side": "DOWN",
    "token_id": "15408468869176731645664166495198026823925448140410065642479464094093024987363",
    "entry_price": 0.6364907335642322,
    "shares": 7.983868,
    "shares_requested": 7.983868,
    "cost_usdc": 5.081658,
    "cost_requested_usdc": 4.949998,
    "ctf_balance_after_open": 7.983868,
    "pusd_balance_after_open": 24.400637,
    "settle_wait_sec": 1.65,
    "balance_unconfirmed": false,
    "open_order_id": "0x936444ba0cef6968c514c4fd980c5d8b6834e3be84f800e4ef787aa4dcffa92d",
    "open_tx": "0x4a69f5b306b38c4a71e9949efdf387b8e6f35e30d95d09261f2510fda7773cd1"
  },
  "stop_loss_price": null,
  "close_debug": [
    {
      "ts": "2026-06-20T20:41:31.608671Z",
      "mode": "hold_to_settlement",
      "redeem_wait_sec": 90.83,
      "ctf_remaining": 7.983868
    }
  ],
  "closed": {
    "close_reason": "held_to_settlement",
    "closed_at": "2026-06-20T20:41:31.608654Z",
    "close_success": false,
    "close_status": "worthless",
    "close_order_id": null,
    "close_tx": null,
    "close_shares": 0.0,
    "close_shares_requested": 7.983868,
    "close_usdc": 0.0,
    "close_usdc_requested": 0.0,
    "ctf_remaining": 7.983868,
    "pusd_balance_after_close": 24.400637,
    "position_closed_on_chain": false,
    "close_settle_wait_sec": 90.83,
    "close_skipped": ""
  },
  "realized_cashflow_pnl_usdc": -5.081658,
  "finished_at": "2026-06-20T20:41:31.608678Z",
  "result": "done"
}
