{
  "started_at": "2026-06-20T20:50:49.659116Z",
  "params": {
    "profile": "conservative",
    "threshold": 0.62,
    "max_entry_price": 0.75,
    "stake_usd": 5.0,
    "stop_loss_pct": 0.0,
    "exit_before_sec": 5,
    "min_entry_seconds_left": 60,
    "entry_timeout_min": 5,
    "poll_sec": 2.0,
    "close_retry_max": 30,
    "close_retry_delay_sec": 2.0,
    "execute": true
  },
  "attempts": [
    {
      "ts": "2026-06-20T20:50:50.143109Z",
      "slug": "xrp-updown-5m-1781988600",
      "status": "heartbeat",
      "gamma_up": 0.495,
      "gamma_down": 0.505,
      "clob_up_ask": 0.44,
      "clob_down_ask": 0.57,
      "seconds_left": 250.2143189907074,
      "min_spread": 0.009999999999999898
    },
    {
      "ts": "2026-06-20T20:50:50.143123Z",
      "slug": "xrp-updown-5m-1781988600",
      "status": "skip_price_outside_band",
      "threshold": 0.62,
      "max_entry_price": 0.75,
      "clob_up_ask": 0.44,
      "clob_down_ask": 0.57,
      "seconds_left": 250.2143189907074
    },
    {
      "ts": "2026-06-20T20:50:52.580749Z",
      "slug": "xrp-updown-5m-1781988600",
      "status": "heartbeat",
      "gamma_up": 0.495,
      "gamma_down": 0.505,
      "clob_up_ask": 0.44,
      "clob_down_ask": 0.57,
      "seconds_left": 247.79414987564087,
      "min_spread": 0.009999999999999898
    },
    {
      "ts": "2026-06-20T20:50:52.580772Z",
      "slug": "xrp-updown-5m-1781988600",
      "status": "skip_price_outside_band",
      "threshold": 0.62,
      "max_entry_price": 0.75,
      "clob_up_ask": 0.44,
      "clob_down_ask": 0.57,
      "seconds_left": 247.79414987564087
    },
    {
      "ts": "2026-06-20T20:50:55.027967Z",
      "slug": "xrp-updown-5m-1781988600",
      "status": "heartbeat",
      "gamma_up": 0.495,
      "gamma_down": 0.505,
      "clob_up_ask": 0.48,
      "clob_down_ask": 0.53,
      "seconds_left": 245.37089586257935,
      "min_spread": 0.010000000000000009
    },
    {
      "ts": "2026-06-20T20:50:55.027978Z",
      "slug": "xrp-updown-5m-1781988600",
      "status": "skip_price_outside_band",
      "threshold": 0.62,
      "max_entry_price": 0.75,
      "clob_up_ask": 0.48,
      "clob_down_ask": 0.53,
      "seconds_left": 245.37089586257935
    },
    {
      "ts": "2026-06-20T20:50:57.491340Z",
      "slug": "xrp-updown-5m-1781988600",
      "status": "heartbeat",
      "gamma_up": 0.495,
      "gamma_down": 0.505,
      "clob_up_ask": 0.48,
      "clob_down_ask": 0.53,
      "seconds_left": 242.83364605903625,
      "min_spread": 0.010000000000000009
    },
    {
      "ts": "2026-06-20T20:50:57.491351Z",
      "slug": "xrp-updown-5m-1781988600",
      "status": "skip_price_outside_band",
      "threshold": 0.62,
      "max_entry_price": 0.75,
      "clob_up_ask": 0.48,
      "clob_down_ask": 0.53,
      "seconds_left": 242.83364605903625
    },
    {
      "ts": "2026-06-20T20:50:59.911199Z",
      "slug": "xrp-updown-5m-1781988600",
      "status": "heartbeat",
      "gamma_up": 0.495,
      "gamma_down": 0.505,
      "clob_up_ask": 0.48,
      "clob_down_ask": 0.53,
      "seconds_left": 240.4457950592041,
      "min_spread": 0.010000000000000009
    },
    {
      "ts": "2026-06-20T20:50:59.911220Z",
      "slug": "xrp-updown-5m-1781988600",
      "status": "skip_price_outside_band",
      "threshold": 0.62,
      "max_entry_price": 0.75,
      "clob_up_ask": 0.48,
      "clob_down_ask": 0.53,
      "seconds_left": 240.4457950592041
    },
    {
      "ts": "2026-06-20T20:51:02.365565Z",
      "slug": "xrp-updown-5m-1781988600",
      "status": "heartbeat",
      "gamma_up": 0.495,
      "gamma_down": 0.505,
      "clob_up_ask": 0.53,
      "clob_down_ask": 0.48,
      "seconds_left": 238.0273950099945,
      "min_spread": 0.010000000000000009
    },
    {
      "ts": "2026-06-20T20:51:02.365593Z",
      "slug": "xrp-updown-5m-1781988600",
      "status": "skip_price_outside_band",
      "threshold": 0.62,
      "max_entry_price": 0.75,
      "clob_up_ask": 0.53,
      "clob_down_ask": 0.48,
      "seconds_left": 238.0273950099945
    },
    {
      "ts": "2026-06-20T20:51:04.877267Z",
      "slug": "xrp-updown-5m-1781988600",
      "status": "heartbeat",
      "gamma_up": 0.495,
      "gamma_down": 0.505,
      "clob_up_ask": 0.53,
      "clob_down_ask": 0.48,
      "seconds_left": 235.49331307411194,
      "min_spread": 0.010000000000000009
    },
    {
      "ts": "2026-06-20T20:51:04.877299Z",
      "slug": "xrp-updown-5m-1781988600",
      "status": "skip_price_outside_band",
      "threshold": 0.62,
      "max_entry_price": 0.75,
      "clob_up_ask": 0.53,
      "clob_down_ask": 0.48,
      "seconds_left": 235.49331307411194
    },
    {
      "ts": "2026-06-20T20:51:07.263668Z",
      "slug": "xrp-updown-5m-1781988600",
      "status": "heartbeat",
      "gamma_up": 0.495,
      "gamma_down": 0.505,
      "clob_up_ask": 0.53,
      "clob_down_ask": 0.48,
      "seconds_left": 233.07089686393738,
      "min_spread": 0.010000000000000009
    },
    {
      "ts": "2026-06-20T20:51:07.263692Z",
      "slug": "xrp-updown-5m-1781988600",
      "status": "skip_price_outside_band",
      "threshold": 0.62,
      "max_entry_price": 0.75,
      "clob_up_ask": 0.53,
      "clob_down_ask": 0.48,
      "seconds_left": 233.07089686393738
    },
    {
      "ts": "2026-06-20T20:51:09.705189Z",
      "slug": "xrp-updown-5m-1781988600",
      "status": "heartbeat",
      "gamma_up": 0.495,
      "gamma_down": 0.505,
      "clob_up_ask": 0.62,
      "clob_down_ask": 0.39,
      "seconds_left": 230.67618989944458,
      "min_spread": 0.010000000000000009
    }
  ],
  "balance_errors": [],
  "open_raw": "{\"order_post_result\": {\"errorMsg\": \"\", \"orderID\": \"0x4872f76ef4e6d07484fea65b80e6115d43af92b8f8e0533d90892f5cd724712a\", \"takingAmount\": \"7.85714\", \"makingAmount\": \"4.949998\", \"status\": \"matched\", \"transactionsHashes\": [\"0xf80b6313d0acaede909494ed67bbea2465188b101eaf09c9a58d8d1cd03b762a\"], \"success\": true}, \"entry_price\": 0.6299999745454452, \"market_slug\": \"xrp-updown-5m-1781988600\", \"token_id\": \"54345624524201085866137886198461311959433081614823580343447521580477359735192\", \"side\": \"UP\", \"best_bid\": 0.01, \"best_ask\": 0.99, \"price\": 0.99, \"size\": 5.0, \"budget_usd\": 5.0, \"min_order_size\": 5.0, \"neg_risk\": false, \"execute\": true}\n\n",
  "opened": {
    "opened_at": "2026-06-20T20:51:14.079057Z",
    "market_slug": "xrp-updown-5m-1781988600",
    "market_end_iso": "2026-06-20T20:55:00Z",
    "side": "UP",
    "token_id": "54345624524201085866137886198461311959433081614823580343447521580477359735192",
    "entry_price": 0.6463163441150342,
    "shares": 7.85714,
    "shares_requested": 7.85714,
    "cost_usdc": 5.078198,
    "cost_requested_usdc": 4.949998,
    "ctf_balance_after_open": 7.85714,
    "pusd_balance_after_open": 25.40014,
    "settle_wait_sec": 2.25,
    "balance_unconfirmed": false,
    "open_order_id": "0x4872f76ef4e6d07484fea65b80e6115d43af92b8f8e0533d90892f5cd724712a",
    "open_tx": "0xf80b6313d0acaede909494ed67bbea2465188b101eaf09c9a58d8d1cd03b762a"
  },
  "stop_loss_price": null,
  "close_debug": [
    {
      "ts": "2026-06-20T20:56:32.286135Z",
      "mode": "hold_to_settlement",
      "redeem_wait_sec": 91.47,
      "ctf_remaining": 7.85714
    }
  ],
  "closed": {
    "close_reason": "held_to_settlement",
    "closed_at": "2026-06-20T20:56:32.286106Z",
    "close_success": false,
    "close_status": "worthless",
    "close_order_id": null,
    "close_tx": null,
    "close_shares": 0.0,
    "close_shares_requested": 7.85714,
    "close_usdc": 0.0,
    "close_usdc_requested": 0.0,
    "ctf_remaining": 7.85714,
    "pusd_balance_after_close": 25.40014,
    "position_closed_on_chain": false,
    "close_settle_wait_sec": 91.47,
    "close_skipped": ""
  },
  "realized_cashflow_pnl_usdc": -5.078198,
  "finished_at": "2026-06-20T20:56:32.286146Z",
  "result": "done"
}
