{
  "started_at": "2026-06-20T17:15:10.589447Z",
  "params": {
    "profile": "conservative",
    "threshold": 0.58,
    "max_entry_price": 0.85,
    "stake_usd": 5.0,
    "stop_loss_pct": 0.0,
    "exit_before_sec": 5,
    "min_entry_seconds_left": 60,
    "entry_timeout_min": 5,
    "poll_sec": 2.0,
    "close_retry_max": 30,
    "close_retry_delay_sec": 2.0,
    "execute": true
  },
  "attempts": [
    {
      "ts": "2026-06-20T17:15:11.066651Z",
      "slug": "btc-updown-5m-1781975700",
      "status": "heartbeat",
      "gamma_up": 0.505,
      "gamma_down": 0.495,
      "clob_up_ask": 0.49,
      "clob_down_ask": 0.52,
      "seconds_left": 289.3613691329956,
      "min_spread": 0.010000000000000009
    },
    {
      "ts": "2026-06-20T17:15:11.066674Z",
      "slug": "btc-updown-5m-1781975700",
      "status": "skip_price_outside_band",
      "threshold": 0.58,
      "max_entry_price": 0.85,
      "clob_up_ask": 0.49,
      "clob_down_ask": 0.52,
      "seconds_left": 289.3613691329956
    },
    {
      "ts": "2026-06-20T17:15:13.514569Z",
      "slug": "btc-updown-5m-1781975700",
      "status": "heartbeat",
      "gamma_up": 0.505,
      "gamma_down": 0.495,
      "clob_up_ask": 0.49,
      "clob_down_ask": 0.52,
      "seconds_left": 286.8763198852539,
      "min_spread": 0.010000000000000009
    },
    {
      "ts": "2026-06-20T17:15:13.514596Z",
      "slug": "btc-updown-5m-1781975700",
      "status": "skip_price_outside_band",
      "threshold": 0.58,
      "max_entry_price": 0.85,
      "clob_up_ask": 0.49,
      "clob_down_ask": 0.52,
      "seconds_left": 286.8763198852539
    },
    {
      "ts": "2026-06-20T17:15:16.002890Z",
      "slug": "btc-updown-5m-1781975700",
      "status": "heartbeat",
      "gamma_up": 0.505,
      "gamma_down": 0.495,
      "clob_up_ask": 0.35,
      "clob_down_ask": 0.7,
      "seconds_left": 284.33503794670105,
      "min_spread": 0.029999999999999916
    }
  ],
  "balance_errors": [],
  "open_raw": "{\"order_post_result\": {\"errorMsg\": \"\", \"orderID\": \"0x95d478754f9b0efb332bd06ef087d4c8aac3a9ddf35823bbabd80fa184b73ba6\", \"takingAmount\": \"6.971827\", \"makingAmount\": \"4.949997\", \"status\": \"matched\", \"transactionsHashes\": [\"0x3eda812ac0d4da3622c26be98e1d6fb25a036ceb4a51c10e4f1a57ad20747758\"], \"success\": true}, \"entry_price\": 0.7099999756161476, \"market_slug\": \"btc-updown-5m-1781975700\", \"token_id\": \"40608201746350040311594020274839933856666493034420836988255779858886541199924\", \"side\": \"DOWN\", \"best_bid\": 0.01, \"best_ask\": 0.99, \"price\": 0.99, \"size\": 5.0, \"budget_usd\": 5.0, \"min_order_size\": 5.0, \"neg_risk\": false, \"execute\": true}\n\n",
  "opened": {
    "opened_at": "2026-06-20T17:15:20.331640Z",
    "market_slug": "btc-updown-5m-1781975700",
    "market_end_iso": "2026-06-20T17:20:00Z",
    "side": "DOWN",
    "token_id": "40608201746350040311594020274839933856666493034420836988255779858886541199924",
    "entry_price": 0.7244122666841848,
    "shares": 6.971827,
    "shares_requested": 6.971827,
    "cost_usdc": 5.050477,
    "cost_requested_usdc": 4.949997,
    "ctf_balance_after_open": 6.971827,
    "pusd_balance_after_open": 42.860277,
    "settle_wait_sec": 2.26,
    "balance_unconfirmed": false,
    "open_order_id": "0x95d478754f9b0efb332bd06ef087d4c8aac3a9ddf35823bbabd80fa184b73ba6",
    "open_tx": "0x3eda812ac0d4da3622c26be98e1d6fb25a036ceb4a51c10e4f1a57ad20747758"
  },
  "stop_loss_price": null,
  "close_debug": [
    {
      "ts": "2026-06-20T17:20:01.036319Z",
      "attempt": 1,
      "order_type": "FAK",
      "status": "matched",
      "close_skipped": ""
    }
  ],
  "close_raw": "{\"close_skipped\": \"\", \"order_post_result\": {\"errorMsg\": \"\", \"orderID\": \"0x7fa717f56063b188cad1692abab9d8ec0930e65b24bd7b6ad7f836461e6996b5\", \"takingAmount\": \"6.9003\", \"makingAmount\": \"6.97\", \"status\": \"matched\", \"transactionsHashes\": [\"0x637b54aee696beb56a32aaed2c0205ba5f7ca944de7cfdda0f2514ecc6721a4d\"], \"success\": true}, \"market_slug\": \"btc-updown-5m-1781975700\", \"token_id\": \"40608201746350040311594020274839933856666493034420836988255779858886541199924\", \"side\": \"SELL\", \"price\": 0.01, \"size\": 6.97, \"neg_risk\": false, \"execute\": true}\n\n",
  "closed": {
    "close_reason": "time_exit_5s_before_end",
    "closed_at": "2026-06-20T17:20:02.417393Z",
    "close_success": true,
    "close_status": "matched",
    "close_order_id": "0x7fa717f56063b188cad1692abab9d8ec0930e65b24bd7b6ad7f836461e6996b5",
    "close_tx": "0x637b54aee696beb56a32aaed2c0205ba5f7ca944de7cfdda0f2514ecc6721a4d",
    "close_shares": 6.97,
    "close_shares_requested": 6.97,
    "close_usdc": 6.90995,
    "close_usdc_requested": 6.9003,
    "ctf_remaining": 0.001827,
    "pusd_balance_after_close": 49.770227,
    "position_closed_on_chain": true,
    "close_settle_wait_sec": 1.38,
    "close_skipped": ""
  },
  "realized_cashflow_pnl_usdc": 1.859473,
  "finished_at": "2026-06-20T17:20:02.417436Z",
  "result": "done"
}
