{
  "started_at": "2026-06-20T19:55:52.464208Z",
  "params": {
    "profile": "conservative",
    "threshold": 0.62,
    "max_entry_price": 0.75,
    "stake_usd": 8.44,
    "stop_loss_pct": 0.0,
    "exit_before_sec": 5,
    "min_entry_seconds_left": 60,
    "entry_timeout_min": 5,
    "poll_sec": 2.0,
    "close_retry_max": 30,
    "close_retry_delay_sec": 2.0,
    "execute": true
  },
  "attempts": [
    {
      "ts": "2026-06-20T19:55:52.946246Z",
      "slug": "btc-updown-5m-1781985300",
      "status": "heartbeat",
      "gamma_up": 0.505,
      "gamma_down": 0.495,
      "clob_up_ask": 0.49,
      "clob_down_ask": 0.52,
      "seconds_left": 247.48951292037964,
      "min_spread": 0.010000000000000009
    },
    {
      "ts": "2026-06-20T19:55:52.946274Z",
      "slug": "btc-updown-5m-1781985300",
      "status": "skip_price_outside_band",
      "threshold": 0.62,
      "max_entry_price": 0.75,
      "clob_up_ask": 0.49,
      "clob_down_ask": 0.52,
      "seconds_left": 247.48951292037964
    },
    {
      "ts": "2026-06-20T19:55:55.404289Z",
      "slug": "btc-updown-5m-1781985300",
      "status": "heartbeat",
      "gamma_up": 0.505,
      "gamma_down": 0.495,
      "clob_up_ask": 0.5,
      "clob_down_ask": 0.51,
      "seconds_left": 244.99312591552734,
      "min_spread": 0.010000000000000009
    },
    {
      "ts": "2026-06-20T19:55:55.404303Z",
      "slug": "btc-updown-5m-1781985300",
      "status": "skip_price_outside_band",
      "threshold": 0.62,
      "max_entry_price": 0.75,
      "clob_up_ask": 0.5,
      "clob_down_ask": 0.51,
      "seconds_left": 244.99312591552734
    },
    {
      "ts": "2026-06-20T19:55:57.854093Z",
      "slug": "btc-updown-5m-1781985300",
      "status": "heartbeat",
      "gamma_up": 0.505,
      "gamma_down": 0.495,
      "clob_up_ask": 0.47,
      "clob_down_ask": 0.54,
      "seconds_left": 242.5304319858551,
      "min_spread": 0.009999999999999953
    },
    {
      "ts": "2026-06-20T19:55:57.854120Z",
      "slug": "btc-updown-5m-1781985300",
      "status": "skip_price_outside_band",
      "threshold": 0.62,
      "max_entry_price": 0.75,
      "clob_up_ask": 0.47,
      "clob_down_ask": 0.54,
      "seconds_left": 242.5304319858551
    },
    {
      "ts": "2026-06-20T19:56:00.333573Z",
      "slug": "btc-updown-5m-1781985300",
      "status": "heartbeat",
      "gamma_up": 0.505,
      "gamma_down": 0.495,
      "clob_up_ask": 0.43,
      "clob_down_ask": 0.58,
      "seconds_left": 239.9973108768463,
      "min_spread": 0.010000000000000009
    },
    {
      "ts": "2026-06-20T19:56:00.333598Z",
      "slug": "btc-updown-5m-1781985300",
      "status": "skip_price_outside_band",
      "threshold": 0.62,
      "max_entry_price": 0.75,
      "clob_up_ask": 0.43,
      "clob_down_ask": 0.58,
      "seconds_left": 239.9973108768463
    },
    {
      "ts": "2026-06-20T19:56:02.758261Z",
      "slug": "btc-updown-5m-1781985300",
      "status": "heartbeat",
      "gamma_up": 0.505,
      "gamma_down": 0.495,
      "clob_up_ask": 0.43,
      "clob_down_ask": 0.58,
      "seconds_left": 237.61492705345154,
      "min_spread": 0.010000000000000009
    },
    {
      "ts": "2026-06-20T19:56:02.758292Z",
      "slug": "btc-updown-5m-1781985300",
      "status": "skip_price_outside_band",
      "threshold": 0.62,
      "max_entry_price": 0.75,
      "clob_up_ask": 0.43,
      "clob_down_ask": 0.58,
      "seconds_left": 237.61492705345154
    },
    {
      "ts": "2026-06-20T19:56:05.195148Z",
      "slug": "btc-updown-5m-1781985300",
      "status": "heartbeat",
      "gamma_up": 0.505,
      "gamma_down": 0.495,
      "clob_up_ask": 0.44,
      "clob_down_ask": 0.57,
      "seconds_left": 235.18409490585327,
      "min_spread": 0.009999999999999898
    },
    {
      "ts": "2026-06-20T19:56:05.195163Z",
      "slug": "btc-updown-5m-1781985300",
      "status": "skip_price_outside_band",
      "threshold": 0.62,
      "max_entry_price": 0.75,
      "clob_up_ask": 0.44,
      "clob_down_ask": 0.57,
      "seconds_left": 235.18409490585327
    },
    {
      "ts": "2026-06-20T19:56:07.659197Z",
      "slug": "btc-updown-5m-1781985300",
      "status": "heartbeat",
      "gamma_up": 0.505,
      "gamma_down": 0.495,
      "clob_up_ask": 0.45,
      "clob_down_ask": 0.56,
      "seconds_left": 232.68812489509583,
      "min_spread": 0.010000000000000009
    },
    {
      "ts": "2026-06-20T19:56:07.659218Z",
      "slug": "btc-updown-5m-1781985300",
      "status": "skip_price_outside_band",
      "threshold": 0.62,
      "max_entry_price": 0.75,
      "clob_up_ask": 0.45,
      "clob_down_ask": 0.56,
      "seconds_left": 232.68812489509583
    },
    {
      "ts": "2026-06-20T19:56:10.079772Z",
      "slug": "btc-updown-5m-1781985300",
      "status": "heartbeat",
      "gamma_up": 0.505,
      "gamma_down": 0.495,
      "clob_up_ask": 0.45,
      "clob_down_ask": 0.56,
      "seconds_left": 230.28470396995544,
      "min_spread": 0.010000000000000009
    },
    {
      "ts": "2026-06-20T19:56:10.079795Z",
      "slug": "btc-updown-5m-1781985300",
      "status": "skip_price_outside_band",
      "threshold": 0.62,
      "max_entry_price": 0.75,
      "clob_up_ask": 0.45,
      "clob_down_ask": 0.56,
      "seconds_left": 230.28470396995544
    },
    {
      "ts": "2026-06-20T19:56:12.536479Z",
      "slug": "btc-updown-5m-1781985300",
      "status": "heartbeat",
      "gamma_up": 0.505,
      "gamma_down": 0.495,
      "clob_up_ask": 0.44,
      "clob_down_ask": 0.57,
      "seconds_left": 227.85779309272766,
      "min_spread": 0.009999999999999898
    },
    {
      "ts": "2026-06-20T19:56:12.536513Z",
      "slug": "btc-updown-5m-1781985300",
      "status": "skip_price_outside_band",
      "threshold": 0.62,
      "max_entry_price": 0.75,
      "clob_up_ask": 0.44,
      "clob_down_ask": 0.57,
      "seconds_left": 227.85779309272766
    },
    {
      "ts": "2026-06-20T19:56:15.024783Z",
      "slug": "btc-updown-5m-1781985300",
      "status": "heartbeat",
      "gamma_up": 0.505,
      "gamma_down": 0.495,
      "clob_up_ask": 0.44,
      "clob_down_ask": 0.57,
      "seconds_left": 225.31748604774475,
      "min_spread": 0.009999999999999898
    },
    {
      "ts": "2026-06-20T19:56:15.024812Z",
      "slug": "btc-updown-5m-1781985300",
      "status": "skip_price_outside_band",
      "threshold": 0.62,
      "max_entry_price": 0.75,
      "clob_up_ask": 0.44,
      "clob_down_ask": 0.57,
      "seconds_left": 225.31748604774475
    },
    {
      "ts": "2026-06-20T19:56:17.422557Z",
      "slug": "btc-updown-5m-1781985300",
      "status": "heartbeat",
      "gamma_up": 0.505,
      "gamma_down": 0.495,
      "clob_up_ask": 0.45,
      "clob_down_ask": 0.56,
      "seconds_left": 222.92338109016418,
      "min_spread": 0.010000000000000009
    },
    {
      "ts": "2026-06-20T19:56:17.422581Z",
      "slug": "btc-updown-5m-1781985300",
      "status": "skip_price_outside_band",
      "threshold": 0.62,
      "max_entry_price": 0.75,
      "clob_up_ask": 0.45,
      "clob_down_ask": 0.56,
      "seconds_left": 222.92338109016418
    },
    {
      "ts": "2026-06-20T19:56:19.877160Z",
      "slug": "btc-updown-5m-1781985300",
      "status": "heartbeat",
      "gamma_up": 0.505,
      "gamma_down": 0.495,
      "clob_up_ask": 0.46,
      "clob_down_ask": 0.55,
      "seconds_left": 220.5217001438141,
      "min_spread": 0.010000000000000009
    },
    {
      "ts": "2026-06-20T19:56:19.877168Z",
      "slug": "btc-updown-5m-1781985300",
      "status": "skip_price_outside_band",
      "threshold": 0.62,
      "max_entry_price": 0.75,
      "clob_up_ask": 0.46,
      "clob_down_ask": 0.55,
      "seconds_left": 220.5217001438141
    },
    {
      "ts": "2026-06-20T19:56:22.346275Z",
      "slug": "btc-updown-5m-1781985300",
      "status": "heartbeat",
      "gamma_up": 0.505,
      "gamma_down": 0.495,
      "clob_up_ask": 0.46,
      "clob_down_ask": 0.55,
      "seconds_left": 217.99324107170105,
      "min_spread": 0.010000000000000009
    },
    {
      "ts": "2026-06-20T19:56:22.346309Z",
      "slug": "btc-updown-5m-1781985300",
      "status": "skip_price_outside_band",
      "threshold": 0.62,
      "max_entry_price": 0.75,
      "clob_up_ask": 0.46,
      "clob_down_ask": 0.55,
      "seconds_left": 217.99324107170105
    },
    {
      "ts": "2026-06-20T19:56:24.754764Z",
      "slug": "btc-updown-5m-1781985300",
      "status": "heartbeat",
      "gamma_up": 0.505,
      "gamma_down": 0.495,
      "clob_up_ask": 0.45,
      "clob_down_ask": 0.56,
      "seconds_left": 215.60224318504333,
      "min_spread": 0.010000000000000009
    },
    {
      "ts": "2026-06-20T19:56:24.754805Z",
      "slug": "btc-updown-5m-1781985300",
      "status": "skip_price_outside_band",
      "threshold": 0.62,
      "max_entry_price": 0.75,
      "clob_up_ask": 0.45,
      "clob_down_ask": 0.56,
      "seconds_left": 215.60224318504333
    },
    {
      "ts": "2026-06-20T19:56:27.210356Z",
      "slug": "btc-updown-5m-1781985300",
      "status": "heartbeat",
      "gamma_up": 0.505,
      "gamma_down": 0.495,
      "clob_up_ask": 0.44,
      "clob_down_ask": 0.57,
      "seconds_left": 213.18851518630981,
      "min_spread": 0.009999999999999898
    },
    {
      "ts": "2026-06-20T19:56:27.210390Z",
      "slug": "btc-updown-5m-1781985300",
      "status": "skip_price_outside_band",
      "threshold": 0.62,
      "max_entry_price": 0.75,
      "clob_up_ask": 0.44,
      "clob_down_ask": 0.57,
      "seconds_left": 213.18851518630981
    },
    {
      "ts": "2026-06-20T19:56:29.839004Z",
      "slug": "btc-updown-5m-1781985300",
      "status": "heartbeat",
      "gamma_up": 0.505,
      "gamma_down": 0.495,
      "clob_up_ask": 0.44,
      "clob_down_ask": 0.57,
      "seconds_left": 210.6434690952301,
      "min_spread": 0.009999999999999898
    },
    {
      "ts": "2026-06-20T19:56:29.839041Z",
      "slug": "btc-updown-5m-1781985300",
      "status": "skip_price_outside_band",
      "threshold": 0.62,
      "max_entry_price": 0.75,
      "clob_up_ask": 0.44,
      "clob_down_ask": 0.57,
      "seconds_left": 210.6434690952301
    },
    {
      "ts": "2026-06-20T19:56:32.310132Z",
      "slug": "btc-updown-5m-1781985300",
      "status": "heartbeat",
      "gamma_up": 0.505,
      "gamma_down": 0.495,
      "clob_up_ask": 0.42,
      "clob_down_ask": 0.59,
      "seconds_left": 208.0263900756836,
      "min_spread": 0.010000000000000009
    },
    {
      "ts": "2026-06-20T19:56:32.310139Z",
      "slug": "btc-updown-5m-1781985300",
      "status": "skip_price_outside_band",
      "threshold": 0.62,
      "max_entry_price": 0.75,
      "clob_up_ask": 0.42,
      "clob_down_ask": 0.59,
      "seconds_left": 208.0263900756836
    },
    {
      "ts": "2026-06-20T19:56:34.717242Z",
      "slug": "btc-updown-5m-1781985300",
      "status": "heartbeat",
      "gamma_up": 0.505,
      "gamma_down": 0.495,
      "clob_up_ask": 0.42,
      "clob_down_ask": 0.59,
      "seconds_left": 205.63318610191345,
      "min_spread": 0.010000000000000009
    },
    {
      "ts": "2026-06-20T19:56:34.717281Z",
      "slug": "btc-updown-5m-1781985300",
      "status": "skip_price_outside_band",
      "threshold": 0.62,
      "max_entry_price": 0.75,
      "clob_up_ask": 0.42,
      "clob_down_ask": 0.59,
      "seconds_left": 205.63318610191345
    },
    {
      "ts": "2026-06-20T19:56:37.168442Z",
      "slug": "btc-updown-5m-1781985300",
      "status": "heartbeat",
      "gamma_up": 0.505,
      "gamma_down": 0.495,
      "clob_up_ask": 0.47,
      "clob_down_ask": 0.54,
      "seconds_left": 203.22069811820984,
      "min_spread": 0.009999999999999953
    },
    {
      "ts": "2026-06-20T19:56:37.168463Z",
      "slug": "btc-updown-5m-1781985300",
      "status": "skip_price_outside_band",
      "threshold": 0.62,
      "max_entry_price": 0.75,
      "clob_up_ask": 0.47,
      "clob_down_ask": 0.54,
      "seconds_left": 203.22069811820984
    },
    {
      "ts": "2026-06-20T19:56:39.650632Z",
      "slug": "btc-updown-5m-1781985300",
      "status": "heartbeat",
      "gamma_up": 0.505,
      "gamma_down": 0.495,
      "clob_up_ask": 0.46,
      "clob_down_ask": 0.55,
      "seconds_left": 200.68820309638977,
      "min_spread": 0.010000000000000009
    },
    {
      "ts": "2026-06-20T19:56:39.650661Z",
      "slug": "btc-updown-5m-1781985300",
      "status": "skip_price_outside_band",
      "threshold": 0.62,
      "max_entry_price": 0.75,
      "clob_up_ask": 0.46,
      "clob_down_ask": 0.55,
      "seconds_left": 200.68820309638977
    },
    {
      "ts": "2026-06-20T19:56:42.052735Z",
      "slug": "btc-updown-5m-1781985300",
      "status": "heartbeat",
      "gamma_up": 0.505,
      "gamma_down": 0.495,
      "clob_up_ask": 0.46,
      "clob_down_ask": 0.55,
      "seconds_left": 198.29164004325867,
      "min_spread": 0.010000000000000009
    },
    {
      "ts": "2026-06-20T19:56:42.052772Z",
      "slug": "btc-updown-5m-1781985300",
      "status": "skip_price_outside_band",
      "threshold": 0.62,
      "max_entry_price": 0.75,
      "clob_up_ask": 0.46,
      "clob_down_ask": 0.55,
      "seconds_left": 198.29164004325867
    },
    {
      "ts": "2026-06-20T19:56:44.507065Z",
      "slug": "btc-updown-5m-1781985300",
      "status": "heartbeat",
      "gamma_up": 0.505,
      "gamma_down": 0.495,
      "clob_up_ask": 0.46,
      "clob_down_ask": 0.55,
      "seconds_left": 195.880389213562,
      "min_spread": 0.010000000000000009
    },
    {
      "ts": "2026-06-20T19:56:44.507094Z",
      "slug": "btc-updown-5m-1781985300",
      "status": "skip_price_outside_band",
      "threshold": 0.62,
      "max_entry_price": 0.75,
      "clob_up_ask": 0.46,
      "clob_down_ask": 0.55,
      "seconds_left": 195.880389213562
    },
    {
      "ts": "2026-06-20T19:56:46.980574Z",
      "slug": "btc-updown-5m-1781985300",
      "status": "heartbeat",
      "gamma_up": 0.505,
      "gamma_down": 0.495,
      "clob_up_ask": 0.45,
      "clob_down_ask": 0.56,
      "seconds_left": 193.34413480758667,
      "min_spread": 0.010000000000000009
    },
    {
      "ts": "2026-06-20T19:56:46.980582Z",
      "slug": "btc-updown-5m-1781985300",
      "status": "skip_price_outside_band",
      "threshold": 0.62,
      "max_entry_price": 0.75,
      "clob_up_ask": 0.45,
      "clob_down_ask": 0.56,
      "seconds_left": 193.34413480758667
    },
    {
      "ts": "2026-06-20T19:56:49.389416Z",
      "slug": "btc-updown-5m-1781985300",
      "status": "heartbeat",
      "gamma_up": 0.505,
      "gamma_down": 0.495,
      "clob_up_ask": 0.45,
      "clob_down_ask": 0.56,
      "seconds_left": 190.9573130607605,
      "min_spread": 0.010000000000000009
    },
    {
      "ts": "2026-06-20T19:56:49.389437Z",
      "slug": "btc-updown-5m-1781985300",
      "status": "skip_price_outside_band",
      "threshold": 0.62,
      "max_entry_price": 0.75,
      "clob_up_ask": 0.45,
      "clob_down_ask": 0.56,
      "seconds_left": 190.9573130607605
    },
    {
      "ts": "2026-06-20T19:56:51.847044Z",
      "slug": "btc-updown-5m-1781985300",
      "status": "heartbeat",
      "gamma_up": 0.505,
      "gamma_down": 0.495,
      "clob_up_ask": 0.45,
      "clob_down_ask": 0.56,
      "seconds_left": 188.56114792823792,
      "min_spread": 0.010000000000000009
    },
    {
      "ts": "2026-06-20T19:56:51.847062Z",
      "slug": "btc-updown-5m-1781985300",
      "status": "skip_price_outside_band",
      "threshold": 0.62,
      "max_entry_price": 0.75,
      "clob_up_ask": 0.45,
      "clob_down_ask": 0.56,
      "seconds_left": 188.56114792823792
    },
    {
      "ts": "2026-06-20T19:56:54.357567Z",
      "slug": "btc-updown-5m-1781985300",
      "status": "heartbeat",
      "gamma_up": 0.505,
      "gamma_down": 0.495,
      "clob_up_ask": 0.44,
      "clob_down_ask": 0.57,
      "seconds_left": 185.99131107330322,
      "min_spread": 0.009999999999999898
    },
    {
      "ts": "2026-06-20T19:56:54.357607Z",
      "slug": "btc-updown-5m-1781985300",
      "status": "skip_price_outside_band",
      "threshold": 0.62,
      "max_entry_price": 0.75,
      "clob_up_ask": 0.44,
      "clob_down_ask": 0.57,
      "seconds_left": 185.99131107330322
    },
    {
      "ts": "2026-06-20T19:56:56.751345Z",
      "slug": "btc-updown-5m-1781985300",
      "status": "heartbeat",
      "gamma_up": 0.505,
      "gamma_down": 0.495,
      "clob_up_ask": 0.44,
      "clob_down_ask": 0.57,
      "seconds_left": 183.59002804756165,
      "min_spread": 0.009999999999999898
    },
    {
      "ts": "2026-06-20T19:56:56.751360Z",
      "slug": "btc-updown-5m-1781985300",
      "status": "skip_price_outside_band",
      "threshold": 0.62,
      "max_entry_price": 0.75,
      "clob_up_ask": 0.44,
      "clob_down_ask": 0.57,
      "seconds_left": 183.59002804756165
    },
    {
      "ts": "2026-06-20T19:56:59.198223Z",
      "slug": "btc-updown-5m-1781985300",
      "status": "heartbeat",
      "gamma_up": 0.505,
      "gamma_down": 0.495,
      "clob_up_ask": 0.44,
      "clob_down_ask": 0.57,
      "seconds_left": 181.17980909347534,
      "min_spread": 0.009999999999999898
    },
    {
      "ts": "2026-06-20T19:56:59.198259Z",
      "slug": "btc-updown-5m-1781985300",
      "status": "skip_price_outside_band",
      "threshold": 0.62,
      "max_entry_price": 0.75,
      "clob_up_ask": 0.44,
      "clob_down_ask": 0.57,
      "seconds_left": 181.17980909347534
    },
    {
      "ts": "2026-06-20T19:57:01.668289Z",
      "slug": "btc-updown-5m-1781985300",
      "status": "heartbeat",
      "gamma_up": 0.505,
      "gamma_down": 0.495,
      "clob_up_ask": 0.44,
      "clob_down_ask": 0.57,
      "seconds_left": 178.66389513015747,
      "min_spread": 0.009999999999999898
    },
    {
      "ts": "2026-06-20T19:57:01.668315Z",
      "slug": "btc-updown-5m-1781985300",
      "status": "skip_price_outside_band",
      "threshold": 0.62,
      "max_entry_price": 0.75,
      "clob_up_ask": 0.44,
      "clob_down_ask": 0.57,
      "seconds_left": 178.66389513015747
    },
    {
      "ts": "2026-06-20T19:57:04.065718Z",
      "slug": "btc-updown-5m-1781985300",
      "status": "heartbeat",
      "gamma_up": 0.505,
      "gamma_down": 0.495,
      "clob_up_ask": 0.47,
      "clob_down_ask": 0.54,
      "seconds_left": 176.2602949142456,
      "min_spread": 0.009999999999999953
    },
    {
      "ts": "2026-06-20T19:57:04.065749Z",
      "slug": "btc-updown-5m-1781985300",
      "status": "skip_price_outside_band",
      "threshold": 0.62,
      "max_entry_price": 0.75,
      "clob_up_ask": 0.47,
      "clob_down_ask": 0.54,
      "seconds_left": 176.2602949142456
    },
    {
      "ts": "2026-06-20T19:57:06.697235Z",
      "slug": "btc-updown-5m-1781985300",
      "status": "heartbeat",
      "gamma_up": 0.435,
      "gamma_down": 0.565,
      "clob_up_ask": 0.47,
      "clob_down_ask": 0.54,
      "seconds_left": 173.70739889144897,
      "min_spread": 0.009999999999999953
    },
    {
      "ts": "2026-06-20T19:57:06.697261Z",
      "slug": "btc-updown-5m-1781985300",
      "status": "skip_price_outside_band",
      "threshold": 0.62,
      "max_entry_price": 0.75,
      "clob_up_ask": 0.47,
      "clob_down_ask": 0.54,
      "seconds_left": 173.70739889144897
    },
    {
      "ts": "2026-06-20T19:57:09.146493Z",
      "slug": "btc-updown-5m-1781985300",
      "status": "heartbeat",
      "gamma_up": 0.435,
      "gamma_down": 0.565,
      "clob_up_ask": 0.47,
      "clob_down_ask": 0.54,
      "seconds_left": 171.2271008491516,
      "min_spread": 0.009999999999999953
    },
    {
      "ts": "2026-06-20T19:57:09.146510Z",
      "slug": "btc-updown-5m-1781985300",
      "status": "skip_price_outside_band",
      "threshold": 0.62,
      "max_entry_price": 0.75,
      "clob_up_ask": 0.47,
      "clob_down_ask": 0.54,
      "seconds_left": 171.2271008491516
    },
    {
      "ts": "2026-06-20T19:57:11.623548Z",
      "slug": "btc-updown-5m-1781985300",
      "status": "heartbeat",
      "gamma_up": 0.435,
      "gamma_down": 0.565,
      "clob_up_ask": 0.47,
      "clob_down_ask": 0.54,
      "seconds_left": 168.71035289764404,
      "min_spread": 0.009999999999999953
    },
    {
      "ts": "2026-06-20T19:57:11.623567Z",
      "slug": "btc-updown-5m-1781985300",
      "status": "skip_price_outside_band",
      "threshold": 0.62,
      "max_entry_price": 0.75,
      "clob_up_ask": 0.47,
      "clob_down_ask": 0.54,
      "seconds_left": 168.71035289764404
    },
    {
      "ts": "2026-06-20T19:57:14.028258Z",
      "slug": "btc-updown-5m-1781985300",
      "status": "heartbeat",
      "gamma_up": 0.435,
      "gamma_down": 0.565,
      "clob_up_ask": 0.47,
      "clob_down_ask": 0.53,
      "seconds_left": 166.3140549659729,
      "min_spread": 0.009999999999999953
    },
    {
      "ts": "2026-06-20T19:57:14.028289Z",
      "slug": "btc-updown-5m-1781985300",
      "status": "skip_price_outside_band",
      "threshold": 0.62,
      "max_entry_price": 0.75,
      "clob_up_ask": 0.47,
      "clob_down_ask": 0.53,
      "seconds_left": 166.3140549659729
    },
    {
      "ts": "2026-06-20T19:57:16.484390Z",
      "slug": "btc-updown-5m-1781985300",
      "status": "heartbeat",
      "gamma_up": 0.435,
      "gamma_down": 0.565,
      "clob_up_ask": 0.46,
      "clob_down_ask": 0.55,
      "seconds_left": 163.90316700935364,
      "min_spread": 0.010000000000000009
    },
    {
      "ts": "2026-06-20T19:57:16.484427Z",
      "slug": "btc-updown-5m-1781985300",
      "status": "skip_price_outside_band",
      "threshold": 0.62,
      "max_entry_price": 0.75,
      "clob_up_ask": 0.46,
      "clob_down_ask": 0.55,
      "seconds_left": 163.90316700935364
    },
    {
      "ts": "2026-06-20T19:57:18.964132Z",
      "slug": "btc-updown-5m-1781985300",
      "status": "heartbeat",
      "gamma_up": 0.435,
      "gamma_down": 0.565,
      "clob_up_ask": 0.46,
      "clob_down_ask": 0.56,
      "seconds_left": 161.37130188941956,
      "min_spread": 0.010000000000000009
    },
    {
      "ts": "2026-06-20T19:57:18.964152Z",
      "slug": "btc-updown-5m-1781985300",
      "status": "skip_price_outside_band",
      "threshold": 0.62,
      "max_entry_price": 0.75,
      "clob_up_ask": 0.46,
      "clob_down_ask": 0.56,
      "seconds_left": 161.37130188941956
    },
    {
      "ts": "2026-06-20T19:57:21.394192Z",
      "slug": "btc-updown-5m-1781985300",
      "status": "heartbeat",
      "gamma_up": 0.435,
      "gamma_down": 0.565,
      "clob_up_ask": 0.45,
      "clob_down_ask": 0.56,
      "seconds_left": 158.97269105911255,
      "min_spread": 0.010000000000000009
    },
    {
      "ts": "2026-06-20T19:57:21.394209Z",
      "slug": "btc-updown-5m-1781985300",
      "status": "skip_price_outside_band",
      "threshold": 0.62,
      "max_entry_price": 0.75,
      "clob_up_ask": 0.45,
      "clob_down_ask": 0.56,
      "seconds_left": 158.97269105911255
    },
    {
      "ts": "2026-06-20T19:57:23.825476Z",
      "slug": "btc-updown-5m-1781985300",
      "status": "heartbeat",
      "gamma_up": 0.435,
      "gamma_down": 0.565,
      "clob_up_ask": 0.45,
      "clob_down_ask": 0.56,
      "seconds_left": 156.55872106552124,
      "min_spread": 0.010000000000000009
    },
    {
      "ts": "2026-06-20T19:57:23.825502Z",
      "slug": "btc-updown-5m-1781985300",
      "status": "skip_price_outside_band",
      "threshold": 0.62,
      "max_entry_price": 0.75,
      "clob_up_ask": 0.45,
      "clob_down_ask": 0.56,
      "seconds_left": 156.55872106552124
    },
    {
      "ts": "2026-06-20T19:57:26.310284Z",
      "slug": "btc-updown-5m-1781985300",
      "status": "heartbeat",
      "gamma_up": 0.435,
      "gamma_down": 0.565,
      "clob_up_ask": 0.44,
      "clob_down_ask": 0.57,
      "seconds_left": 154.03237509727478,
      "min_spread": 0.009999999999999898
    },
    {
      "ts": "2026-06-20T19:57:26.310324Z",
      "slug": "btc-updown-5m-1781985300",
      "status": "skip_price_outside_band",
      "threshold": 0.62,
      "max_entry_price": 0.75,
      "clob_up_ask": 0.44,
      "clob_down_ask": 0.57,
      "seconds_left": 154.03237509727478
    },
    {
      "ts": "2026-06-20T19:57:28.720366Z",
      "slug": "btc-updown-5m-1781985300",
      "status": "heartbeat",
      "gamma_up": 0.435,
      "gamma_down": 0.565,
      "clob_up_ask": 0.44,
      "clob_down_ask": 0.57,
      "seconds_left": 151.6258089542389,
      "min_spread": 0.009999999999999898
    },
    {
      "ts": "2026-06-20T19:57:28.720380Z",
      "slug": "btc-updown-5m-1781985300",
      "status": "skip_price_outside_band",
      "threshold": 0.62,
      "max_entry_price": 0.75,
      "clob_up_ask": 0.44,
      "clob_down_ask": 0.57,
      "seconds_left": 151.6258089542389
    },
    {
      "ts": "2026-06-20T19:57:31.164599Z",
      "slug": "btc-updown-5m-1781985300",
      "status": "heartbeat",
      "gamma_up": 0.435,
      "gamma_down": 0.565,
      "clob_up_ask": 0.44,
      "clob_down_ask": 0.57,
      "seconds_left": 149.22498512268066,
      "min_spread": 0.009999999999999898
    },
    {
      "ts": "2026-06-20T19:57:31.164627Z",
      "slug": "btc-updown-5m-1781985300",
      "status": "skip_price_outside_band",
      "threshold": 0.62,
      "max_entry_price": 0.75,
      "clob_up_ask": 0.44,
      "clob_down_ask": 0.57,
      "seconds_left": 149.22498512268066
    },
    {
      "ts": "2026-06-20T19:57:33.640875Z",
      "slug": "btc-updown-5m-1781985300",
      "status": "heartbeat",
      "gamma_up": 0.435,
      "gamma_down": 0.565,
      "clob_up_ask": 0.43,
      "clob_down_ask": 0.58,
      "seconds_left": 146.69462704658508,
      "min_spread": 0.010000000000000009
    },
    {
      "ts": "2026-06-20T19:57:33.640887Z",
      "slug": "btc-updown-5m-1781985300",
      "status": "skip_price_outside_band",
      "threshold": 0.62,
      "max_entry_price": 0.75,
      "clob_up_ask": 0.43,
      "clob_down_ask": 0.58,
      "seconds_left": 146.69462704658508
    },
    {
      "ts": "2026-06-20T19:57:36.047280Z",
      "slug": "btc-updown-5m-1781985300",
      "status": "heartbeat",
      "gamma_up": 0.435,
      "gamma_down": 0.565,
      "clob_up_ask": 0.43,
      "clob_down_ask": 0.59,
      "seconds_left": 144.31944918632507,
      "min_spread": 0.010000000000000009
    },
    {
      "ts": "2026-06-20T19:57:36.047292Z",
      "slug": "btc-updown-5m-1781985300",
      "status": "skip_price_outside_band",
      "threshold": 0.62,
      "max_entry_price": 0.75,
      "clob_up_ask": 0.43,
      "clob_down_ask": 0.59,
      "seconds_left": 144.31944918632507
    },
    {
      "ts": "2026-06-20T19:57:38.506059Z",
      "slug": "btc-updown-5m-1781985300",
      "status": "heartbeat",
      "gamma_up": 0.435,
      "gamma_down": 0.565,
      "clob_up_ask": 0.42,
      "clob_down_ask": 0.6,
      "seconds_left": 141.88583993911743,
      "min_spread": 0.010000000000000009
    },
    {
      "ts": "2026-06-20T19:57:38.506097Z",
      "slug": "btc-updown-5m-1781985300",
      "status": "skip_price_outside_band",
      "threshold": 0.62,
      "max_entry_price": 0.75,
      "clob_up_ask": 0.42,
      "clob_down_ask": 0.6,
      "seconds_left": 141.88583993911743
    },
    {
      "ts": "2026-06-20T19:57:40.979055Z",
      "slug": "btc-updown-5m-1781985300",
      "status": "heartbeat",
      "gamma_up": 0.435,
      "gamma_down": 0.565,
      "clob_up_ask": 0.41,
      "clob_down_ask": 0.6,
      "seconds_left": 139.35072994232178,
      "min_spread": 0.009999999999999953
    },
    {
      "ts": "2026-06-20T19:57:40.979096Z",
      "slug": "btc-updown-5m-1781985300",
      "status": "skip_price_outside_band",
      "threshold": 0.62,
      "max_entry_price": 0.75,
      "clob_up_ask": 0.41,
      "clob_down_ask": 0.6,
      "seconds_left": 139.35072994232178
    },
    {
      "ts": "2026-06-20T19:57:43.386790Z",
      "slug": "btc-updown-5m-1781985300",
      "status": "heartbeat",
      "gamma_up": 0.435,
      "gamma_down": 0.565,
      "clob_up_ask": 0.36,
      "clob_down_ask": 0.65,
      "seconds_left": 136.96265602111816,
      "min_spread": 0.010000000000000009
    }
  ],
  "balance_errors": [],
  "open_raw": "{\"order_post_result\": {\"errorMsg\": \"\", \"orderID\": \"0x2a09256e48b4dc7859954c6f068b9546533466b0e31f4517fe40d545c1d4bef6\", \"takingAmount\": \"12.184614\", \"makingAmount\": \"7.919999\", \"status\": \"matched\", \"transactionsHashes\": [\"0xcc53c5dd0ae8e7ebba70fb5486058ae6de0fb26bffe8389f17d75a7a8759b5a1\"], \"success\": true}, \"entry_price\": 0.6499999917929283, \"market_slug\": \"btc-updown-5m-1781985300\", \"token_id\": \"92284148169342214177226118826634997718994406130040518124894901978442526495021\", \"side\": \"DOWN\", \"best_bid\": 0.01, \"best_ask\": 0.99, \"price\": 0.99, \"size\": 8.0, \"budget_usd\": 8.44, \"min_order_size\": 5.0, \"neg_risk\": false, \"execute\": true}\n\n",
  "opened": {
    "opened_at": "2026-06-20T19:57:47.104585Z",
    "market_slug": "btc-updown-5m-1781985300",
    "market_end_iso": "2026-06-20T20:00:00Z",
    "side": "DOWN",
    "token_id": "92284148169342214177226118826634997718994406130040518124894901978442526495021",
    "entry_price": 0.6659241728954237,
    "shares": 12.184614,
    "shares_requested": 12.184614,
    "cost_usdc": 8.114029,
    "cost_requested_usdc": 7.919999,
    "ctf_balance_after_open": 12.184614,
    "pusd_balance_after_open": 31.312105,
    "settle_wait_sec": 1.51,
    "balance_unconfirmed": false,
    "open_order_id": "0x2a09256e48b4dc7859954c6f068b9546533466b0e31f4517fe40d545c1d4bef6",
    "open_tx": "0xcc53c5dd0ae8e7ebba70fb5486058ae6de0fb26bffe8389f17d75a7a8759b5a1"
  },
  "stop_loss_price": null,
  "close_debug": [
    {
      "ts": "2026-06-20T20:01:31.813671Z",
      "mode": "hold_to_settlement",
      "redeem_wait_sec": 90.23,
      "ctf_remaining": 18.066965
    }
  ],
  "closed": {
    "close_reason": "held_to_settlement",
    "closed_at": "2026-06-20T20:01:31.813640Z",
    "close_success": false,
    "close_status": "worthless",
    "close_order_id": null,
    "close_tx": null,
    "close_shares": 0.0,
    "close_shares_requested": 12.184614,
    "close_usdc": 0.0,
    "close_usdc_requested": 0.0,
    "ctf_remaining": 18.066965,
    "pusd_balance_after_close": 30.254016,
    "position_closed_on_chain": false,
    "close_settle_wait_sec": 90.23,
    "close_skipped": ""
  },
  "realized_cashflow_pnl_usdc": -9.172118,
  "finished_at": "2026-06-20T20:01:31.813679Z",
  "result": "done"
}
