{
  "started_at": "2026-06-20T20:25:38.596184Z",
  "params": {
    "profile": "conservative",
    "threshold": 0.62,
    "max_entry_price": 0.75,
    "stake_usd": 5.0,
    "stop_loss_pct": 0.0,
    "exit_before_sec": 5,
    "min_entry_seconds_left": 60,
    "entry_timeout_min": 5,
    "poll_sec": 2.0,
    "close_retry_max": 30,
    "close_retry_delay_sec": 2.0,
    "execute": true
  },
  "attempts": [
    {
      "ts": "2026-06-20T20:25:39.014912Z",
      "slug": "xrp-updown-5m-1781987100",
      "status": "heartbeat",
      "gamma_up": 0.47,
      "gamma_down": 0.53,
      "clob_up_ask": 0.51,
      "clob_down_ask": 0.5,
      "seconds_left": 261.35303711891174,
      "min_spread": 0.010000000000000009
    },
    {
      "ts": "2026-06-20T20:25:39.014957Z",
      "slug": "xrp-updown-5m-1781987100",
      "status": "skip_price_outside_band",
      "threshold": 0.62,
      "max_entry_price": 0.75,
      "clob_up_ask": 0.51,
      "clob_down_ask": 0.5,
      "seconds_left": 261.35303711891174
    },
    {
      "ts": "2026-06-20T20:25:41.467750Z",
      "slug": "xrp-updown-5m-1781987100",
      "status": "heartbeat",
      "gamma_up": 0.47,
      "gamma_down": 0.53,
      "clob_up_ask": 0.51,
      "clob_down_ask": 0.5,
      "seconds_left": 258.9186429977417,
      "min_spread": 0.010000000000000009
    },
    {
      "ts": "2026-06-20T20:25:41.467777Z",
      "slug": "xrp-updown-5m-1781987100",
      "status": "skip_price_outside_band",
      "threshold": 0.62,
      "max_entry_price": 0.75,
      "clob_up_ask": 0.51,
      "clob_down_ask": 0.5,
      "seconds_left": 258.9186429977417
    },
    {
      "ts": "2026-06-20T20:25:43.941233Z",
      "slug": "xrp-updown-5m-1781987100",
      "status": "heartbeat",
      "gamma_up": 0.47,
      "gamma_down": 0.53,
      "clob_up_ask": 0.51,
      "clob_down_ask": 0.5,
      "seconds_left": 256.38525009155273,
      "min_spread": 0.010000000000000009
    },
    {
      "ts": "2026-06-20T20:25:43.941274Z",
      "slug": "xrp-updown-5m-1781987100",
      "status": "skip_price_outside_band",
      "threshold": 0.62,
      "max_entry_price": 0.75,
      "clob_up_ask": 0.51,
      "clob_down_ask": 0.5,
      "seconds_left": 256.38525009155273
    },
    {
      "ts": "2026-06-20T20:25:46.356063Z",
      "slug": "xrp-updown-5m-1781987100",
      "status": "heartbeat",
      "gamma_up": 0.47,
      "gamma_down": 0.53,
      "clob_up_ask": 0.52,
      "clob_down_ask": 0.49,
      "seconds_left": 253.9931981563568,
      "min_spread": 0.010000000000000009
    },
    {
      "ts": "2026-06-20T20:25:46.356089Z",
      "slug": "xrp-updown-5m-1781987100",
      "status": "skip_price_outside_band",
      "threshold": 0.62,
      "max_entry_price": 0.75,
      "clob_up_ask": 0.52,
      "clob_down_ask": 0.49,
      "seconds_left": 253.9931981563568
    },
    {
      "ts": "2026-06-20T20:25:48.808541Z",
      "slug": "xrp-updown-5m-1781987100",
      "status": "heartbeat",
      "gamma_up": 0.47,
      "gamma_down": 0.53,
      "clob_up_ask": 0.53,
      "clob_down_ask": 0.49,
      "seconds_left": 251.60108280181885,
      "min_spread": 0.020000000000000018
    },
    {
      "ts": "2026-06-20T20:25:48.808576Z",
      "slug": "xrp-updown-5m-1781987100",
      "status": "skip_price_outside_band",
      "threshold": 0.62,
      "max_entry_price": 0.75,
      "clob_up_ask": 0.53,
      "clob_down_ask": 0.49,
      "seconds_left": 251.60108280181885
    },
    {
      "ts": "2026-06-20T20:25:51.280368Z",
      "slug": "xrp-updown-5m-1781987100",
      "status": "heartbeat",
      "gamma_up": 0.47,
      "gamma_down": 0.53,
      "clob_up_ask": 0.53,
      "clob_down_ask": 0.49,
      "seconds_left": 249.04741501808167,
      "min_spread": 0.020000000000000018
    },
    {
      "ts": "2026-06-20T20:25:51.280384Z",
      "slug": "xrp-updown-5m-1781987100",
      "status": "skip_price_outside_band",
      "threshold": 0.62,
      "max_entry_price": 0.75,
      "clob_up_ask": 0.53,
      "clob_down_ask": 0.49,
      "seconds_left": 249.04741501808167
    },
    {
      "ts": "2026-06-20T20:25:53.702156Z",
      "slug": "xrp-updown-5m-1781987100",
      "status": "heartbeat",
      "gamma_up": 0.47,
      "gamma_down": 0.53,
      "clob_up_ask": 0.54,
      "clob_down_ask": 0.49,
      "seconds_left": 246.6633369922638,
      "min_spread": 0.02999999999999997
    },
    {
      "ts": "2026-06-20T20:25:53.702176Z",
      "slug": "xrp-updown-5m-1781987100",
      "status": "skip_price_outside_band",
      "threshold": 0.62,
      "max_entry_price": 0.75,
      "clob_up_ask": 0.54,
      "clob_down_ask": 0.49,
      "seconds_left": 246.6633369922638
    },
    {
      "ts": "2026-06-20T20:25:56.149274Z",
      "slug": "xrp-updown-5m-1781987100",
      "status": "heartbeat",
      "gamma_up": 0.47,
      "gamma_down": 0.53,
      "clob_up_ask": 0.53,
      "clob_down_ask": 0.49,
      "seconds_left": 244.22977089881897,
      "min_spread": 0.020000000000000018
    },
    {
      "ts": "2026-06-20T20:25:56.149310Z",
      "slug": "xrp-updown-5m-1781987100",
      "status": "skip_price_outside_band",
      "threshold": 0.62,
      "max_entry_price": 0.75,
      "clob_up_ask": 0.53,
      "clob_down_ask": 0.49,
      "seconds_left": 244.22977089881897
    },
    {
      "ts": "2026-06-20T20:25:58.613946Z",
      "slug": "xrp-updown-5m-1781987100",
      "status": "heartbeat",
      "gamma_up": 0.47,
      "gamma_down": 0.53,
      "clob_up_ask": 0.53,
      "clob_down_ask": 0.49,
      "seconds_left": 241.72012209892273,
      "min_spread": 0.020000000000000018
    },
    {
      "ts": "2026-06-20T20:25:58.613978Z",
      "slug": "xrp-updown-5m-1781987100",
      "status": "skip_price_outside_band",
      "threshold": 0.62,
      "max_entry_price": 0.75,
      "clob_up_ask": 0.53,
      "clob_down_ask": 0.49,
      "seconds_left": 241.72012209892273
    },
    {
      "ts": "2026-06-20T20:26:01.033905Z",
      "slug": "xrp-updown-5m-1781987100",
      "status": "heartbeat",
      "gamma_up": 0.47,
      "gamma_down": 0.53,
      "clob_up_ask": 0.54,
      "clob_down_ask": 0.49,
      "seconds_left": 239.32973384857178,
      "min_spread": 0.02999999999999997
    },
    {
      "ts": "2026-06-20T20:26:01.033936Z",
      "slug": "xrp-updown-5m-1781987100",
      "status": "skip_price_outside_band",
      "threshold": 0.62,
      "max_entry_price": 0.75,
      "clob_up_ask": 0.54,
      "clob_down_ask": 0.49,
      "seconds_left": 239.32973384857178
    },
    {
      "ts": "2026-06-20T20:26:03.488199Z",
      "slug": "xrp-updown-5m-1781987100",
      "status": "heartbeat",
      "gamma_up": 0.47,
      "gamma_down": 0.53,
      "clob_up_ask": 0.54,
      "clob_down_ask": 0.48,
      "seconds_left": 236.912752866745,
      "min_spread": 0.019999999999999962
    },
    {
      "ts": "2026-06-20T20:26:03.488214Z",
      "slug": "xrp-updown-5m-1781987100",
      "status": "skip_price_outside_band",
      "threshold": 0.62,
      "max_entry_price": 0.75,
      "clob_up_ask": 0.54,
      "clob_down_ask": 0.48,
      "seconds_left": 236.912752866745
    },
    {
      "ts": "2026-06-20T20:26:05.969927Z",
      "slug": "xrp-updown-5m-1781987100",
      "status": "heartbeat",
      "gamma_up": 0.47,
      "gamma_down": 0.53,
      "clob_up_ask": 0.54,
      "clob_down_ask": 0.47,
      "seconds_left": 234.36563515663147,
      "min_spread": 0.009999999999999953
    },
    {
      "ts": "2026-06-20T20:26:05.969962Z",
      "slug": "xrp-updown-5m-1781987100",
      "status": "skip_price_outside_band",
      "threshold": 0.62,
      "max_entry_price": 0.75,
      "clob_up_ask": 0.54,
      "clob_down_ask": 0.47,
      "seconds_left": 234.36563515663147
    },
    {
      "ts": "2026-06-20T20:26:08.392766Z",
      "slug": "xrp-updown-5m-1781987100",
      "status": "heartbeat",
      "gamma_up": 0.47,
      "gamma_down": 0.53,
      "clob_up_ask": 0.54,
      "clob_down_ask": 0.47,
      "seconds_left": 231.96818208694458,
      "min_spread": 0.009999999999999953
    },
    {
      "ts": "2026-06-20T20:26:08.392795Z",
      "slug": "xrp-updown-5m-1781987100",
      "status": "skip_price_outside_band",
      "threshold": 0.62,
      "max_entry_price": 0.75,
      "clob_up_ask": 0.54,
      "clob_down_ask": 0.47,
      "seconds_left": 231.96818208694458
    },
    {
      "ts": "2026-06-20T20:26:10.828281Z",
      "slug": "xrp-updown-5m-1781987100",
      "status": "heartbeat",
      "gamma_up": 0.47,
      "gamma_down": 0.53,
      "clob_up_ask": 0.54,
      "clob_down_ask": 0.47,
      "seconds_left": 229.53510904312134,
      "min_spread": 0.009999999999999953
    },
    {
      "ts": "2026-06-20T20:26:10.828312Z",
      "slug": "xrp-updown-5m-1781987100",
      "status": "skip_price_outside_band",
      "threshold": 0.62,
      "max_entry_price": 0.75,
      "clob_up_ask": 0.54,
      "clob_down_ask": 0.47,
      "seconds_left": 229.53510904312134
    },
    {
      "ts": "2026-06-20T20:26:13.305201Z",
      "slug": "xrp-updown-5m-1781987100",
      "status": "heartbeat",
      "gamma_up": 0.47,
      "gamma_down": 0.53,
      "clob_up_ask": 0.54,
      "clob_down_ask": 0.47,
      "seconds_left": 227.02248907089233,
      "min_spread": 0.009999999999999953
    },
    {
      "ts": "2026-06-20T20:26:13.305215Z",
      "slug": "xrp-updown-5m-1781987100",
      "status": "skip_price_outside_band",
      "threshold": 0.62,
      "max_entry_price": 0.75,
      "clob_up_ask": 0.54,
      "clob_down_ask": 0.47,
      "seconds_left": 227.02248907089233
    },
    {
      "ts": "2026-06-20T20:26:15.715937Z",
      "slug": "xrp-updown-5m-1781987100",
      "status": "heartbeat",
      "gamma_up": 0.47,
      "gamma_down": 0.53,
      "clob_up_ask": 0.54,
      "clob_down_ask": 0.47,
      "seconds_left": 224.64088082313538,
      "min_spread": 0.009999999999999953
    },
    {
      "ts": "2026-06-20T20:26:15.715989Z",
      "slug": "xrp-updown-5m-1781987100",
      "status": "skip_price_outside_band",
      "threshold": 0.62,
      "max_entry_price": 0.75,
      "clob_up_ask": 0.54,
      "clob_down_ask": 0.47,
      "seconds_left": 224.64088082313538
    },
    {
      "ts": "2026-06-20T20:26:18.169477Z",
      "slug": "xrp-updown-5m-1781987100",
      "status": "heartbeat",
      "gamma_up": 0.47,
      "gamma_down": 0.53,
      "clob_up_ask": 0.54,
      "clob_down_ask": 0.47,
      "seconds_left": 222.2379629611969,
      "min_spread": 0.009999999999999953
    },
    {
      "ts": "2026-06-20T20:26:18.169501Z",
      "slug": "xrp-updown-5m-1781987100",
      "status": "skip_price_outside_band",
      "threshold": 0.62,
      "max_entry_price": 0.75,
      "clob_up_ask": 0.54,
      "clob_down_ask": 0.47,
      "seconds_left": 222.2379629611969
    },
    {
      "ts": "2026-06-20T20:26:20.657211Z",
      "slug": "xrp-updown-5m-1781987100",
      "status": "heartbeat",
      "gamma_up": 0.47,
      "gamma_down": 0.53,
      "clob_up_ask": 0.54,
      "clob_down_ask": 0.47,
      "seconds_left": 219.6902139186859,
      "min_spread": 0.009999999999999953
    },
    {
      "ts": "2026-06-20T20:26:20.657235Z",
      "slug": "xrp-updown-5m-1781987100",
      "status": "skip_price_outside_band",
      "threshold": 0.62,
      "max_entry_price": 0.75,
      "clob_up_ask": 0.54,
      "clob_down_ask": 0.47,
      "seconds_left": 219.6902139186859
    },
    {
      "ts": "2026-06-20T20:26:23.053627Z",
      "slug": "xrp-updown-5m-1781987100",
      "status": "heartbeat",
      "gamma_up": 0.47,
      "gamma_down": 0.53,
      "clob_up_ask": 0.54,
      "clob_down_ask": 0.47,
      "seconds_left": 217.2944359779358,
      "min_spread": 0.009999999999999953
    },
    {
      "ts": "2026-06-20T20:26:23.053644Z",
      "slug": "xrp-updown-5m-1781987100",
      "status": "skip_price_outside_band",
      "threshold": 0.62,
      "max_entry_price": 0.75,
      "clob_up_ask": 0.54,
      "clob_down_ask": 0.47,
      "seconds_left": 217.2944359779358
    },
    {
      "ts": "2026-06-20T20:26:25.508324Z",
      "slug": "xrp-updown-5m-1781987100",
      "status": "heartbeat",
      "gamma_up": 0.47,
      "gamma_down": 0.53,
      "clob_up_ask": 0.55,
      "clob_down_ask": 0.47,
      "seconds_left": 214.88916897773743,
      "min_spread": 0.019999999999999962
    },
    {
      "ts": "2026-06-20T20:26:25.508350Z",
      "slug": "xrp-updown-5m-1781987100",
      "status": "skip_price_outside_band",
      "threshold": 0.62,
      "max_entry_price": 0.75,
      "clob_up_ask": 0.55,
      "clob_down_ask": 0.47,
      "seconds_left": 214.88916897773743
    },
    {
      "ts": "2026-06-20T20:26:27.985755Z",
      "slug": "xrp-updown-5m-1781987100",
      "status": "heartbeat",
      "gamma_up": 0.47,
      "gamma_down": 0.53,
      "clob_up_ask": 0.61,
      "clob_down_ask": 0.4,
      "seconds_left": 212.35850286483765,
      "min_spread": 0.010000000000000009
    },
    {
      "ts": "2026-06-20T20:26:27.985771Z",
      "slug": "xrp-updown-5m-1781987100",
      "status": "skip_price_outside_band",
      "threshold": 0.62,
      "max_entry_price": 0.75,
      "clob_up_ask": 0.61,
      "clob_down_ask": 0.4,
      "seconds_left": 212.35850286483765
    },
    {
      "ts": "2026-06-20T20:26:30.389770Z",
      "slug": "xrp-updown-5m-1781987100",
      "status": "heartbeat",
      "gamma_up": 0.47,
      "gamma_down": 0.53,
      "clob_up_ask": 0.7,
      "clob_down_ask": 0.3,
      "seconds_left": 209.96727204322815,
      "min_spread": 0.010000000000000009
    }
  ],
  "balance_errors": [],
  "open_raw": "{\"order_post_result\": {\"errorMsg\": \"\", \"orderID\": \"0x27f055c31aa353518799a5dd2f1155a50b79de842090d4a328f9e93ae99572b9\", \"takingAmount\": \"6.971827\", \"makingAmount\": \"4.949997\", \"status\": \"matched\", \"transactionsHashes\": [\"0x7ca561c2190344bf9cc1ebf7ad25ded58772434aaa8f382bd731542aa7448fe7\"], \"success\": true}, \"entry_price\": 0.7099999756161476, \"market_slug\": \"xrp-updown-5m-1781987100\", \"token_id\": \"76248730477040368011037615893219971936879186654324976144987123393709814746444\", \"side\": \"UP\", \"best_bid\": 0.01, \"best_ask\": 0.99, \"price\": 0.99, \"size\": 5.0, \"budget_usd\": 5.0, \"min_order_size\": 5.0, \"neg_risk\": false, \"execute\": true}\n\n",
  "opened": {
    "opened_at": "2026-06-20T20:26:33.540091Z",
    "market_slug": "xrp-updown-5m-1781987100",
    "market_end_iso": "2026-06-20T20:30:00Z",
    "side": "UP",
    "token_id": "76248730477040368011037615893219971936879186654324976144987123393709814746444",
    "entry_price": 0.7244122666841848,
    "shares": 6.971827,
    "shares_requested": 6.971827,
    "cost_usdc": 5.050477,
    "cost_requested_usdc": 4.949997,
    "ctf_balance_after_open": 6.971827,
    "pusd_balance_after_open": 26.580085,
    "settle_wait_sec": 0.99,
    "balance_unconfirmed": false,
    "open_order_id": "0x27f055c31aa353518799a5dd2f1155a50b79de842090d4a328f9e93ae99572b9",
    "open_tx": "0x7ca561c2190344bf9cc1ebf7ad25ded58772434aaa8f382bd731542aa7448fe7"
  },
  "stop_loss_price": null,
  "close_debug": [
    {
      "ts": "2026-06-20T20:31:32.875952Z",
      "mode": "hold_to_settlement",
      "redeem_wait_sec": 90.62,
      "ctf_remaining": 6.971827
    }
  ],
  "closed": {
    "close_reason": "held_to_settlement",
    "closed_at": "2026-06-20T20:31:32.875936Z",
    "close_success": false,
    "close_status": "worthless",
    "close_order_id": null,
    "close_tx": null,
    "close_shares": 0.0,
    "close_shares_requested": 6.971827,
    "close_usdc": 0.0,
    "close_usdc_requested": 0.0,
    "ctf_remaining": 6.971827,
    "pusd_balance_after_close": 26.580085,
    "position_closed_on_chain": false,
    "close_settle_wait_sec": 90.62,
    "close_skipped": ""
  },
  "realized_cashflow_pnl_usdc": -5.050477,
  "finished_at": "2026-06-20T20:31:32.875959Z",
  "result": "done"
}
