{
  "started_at": "2026-06-20T22:38:21.409634Z",
  "params": {
    "profile": "conservative",
    "threshold": 0.62,
    "max_entry_price": 0.75,
    "stake_usd": 5.0,
    "stop_loss_pct": 0.0,
    "exit_before_sec": 5,
    "min_entry_seconds_left": 60,
    "entry_timeout_min": 5,
    "poll_sec": 2.0,
    "close_retry_max": 30,
    "close_retry_delay_sec": 2.0,
    "execute": true
  },
  "attempts": [
    {
      "ts": "2026-06-20T22:38:21.888789Z",
      "slug": "doge-updown-5m-1781994900",
      "status": "heartbeat",
      "gamma_up": 0.5,
      "gamma_down": 0.5,
      "clob_up_ask": 0.15,
      "clob_down_ask": 0.91,
      "seconds_left": 98.45704698562622,
      "min_spread": 0.06
    },
    {
      "ts": "2026-06-20T22:38:21.888837Z",
      "slug": "doge-updown-5m-1781994900",
      "status": "skip_price_outside_band",
      "threshold": 0.62,
      "max_entry_price": 0.75,
      "clob_up_ask": 0.15,
      "clob_down_ask": 0.91,
      "seconds_left": 98.45704698562622
    },
    {
      "ts": "2026-06-20T22:38:24.337989Z",
      "slug": "doge-updown-5m-1781994900",
      "status": "heartbeat",
      "gamma_up": 0.5,
      "gamma_down": 0.5,
      "clob_up_ask": 0.15,
      "clob_down_ask": 0.92,
      "seconds_left": 96.04572701454163,
      "min_spread": 0.06999999999999999
    },
    {
      "ts": "2026-06-20T22:38:24.338027Z",
      "slug": "doge-updown-5m-1781994900",
      "status": "skip_price_outside_band",
      "threshold": 0.62,
      "max_entry_price": 0.75,
      "clob_up_ask": 0.15,
      "clob_down_ask": 0.92,
      "seconds_left": 96.04572701454163
    },
    {
      "ts": "2026-06-20T22:38:26.763942Z",
      "slug": "doge-updown-5m-1781994900",
      "status": "heartbeat",
      "gamma_up": 0.5,
      "gamma_down": 0.5,
      "clob_up_ask": 0.14,
      "clob_down_ask": 0.92,
      "seconds_left": 93.59923982620239,
      "min_spread": 0.06000000000000001
    },
    {
      "ts": "2026-06-20T22:38:26.763957Z",
      "slug": "doge-updown-5m-1781994900",
      "status": "skip_price_outside_band",
      "threshold": 0.62,
      "max_entry_price": 0.75,
      "clob_up_ask": 0.14,
      "clob_down_ask": 0.92,
      "seconds_left": 93.59923982620239
    },
    {
      "ts": "2026-06-20T22:38:29.268003Z",
      "slug": "doge-updown-5m-1781994900",
      "status": "heartbeat",
      "gamma_up": 0.5,
      "gamma_down": 0.5,
      "clob_up_ask": 0.13,
      "clob_down_ask": 0.91,
      "seconds_left": 91.09794688224792,
      "min_spread": 0.04000000000000001
    },
    {
      "ts": "2026-06-20T22:38:29.268043Z",
      "slug": "doge-updown-5m-1781994900",
      "status": "skip_price_outside_band",
      "threshold": 0.62,
      "max_entry_price": 0.75,
      "clob_up_ask": 0.13,
      "clob_down_ask": 0.91,
      "seconds_left": 91.09794688224792
    },
    {
      "ts": "2026-06-20T22:38:31.659449Z",
      "slug": "doge-updown-5m-1781994900",
      "status": "heartbeat",
      "gamma_up": 0.5,
      "gamma_down": 0.5,
      "clob_up_ask": 0.13,
      "clob_down_ask": 0.91,
      "seconds_left": 88.67122411727905,
      "min_spread": 0.04000000000000001
    },
    {
      "ts": "2026-06-20T22:38:31.659477Z",
      "slug": "doge-updown-5m-1781994900",
      "status": "skip_price_outside_band",
      "threshold": 0.62,
      "max_entry_price": 0.75,
      "clob_up_ask": 0.13,
      "clob_down_ask": 0.91,
      "seconds_left": 88.67122411727905
    },
    {
      "ts": "2026-06-20T22:38:34.103628Z",
      "slug": "doge-updown-5m-1781994900",
      "status": "heartbeat",
      "gamma_up": 0.5,
      "gamma_down": 0.5,
      "clob_up_ask": 0.13,
      "clob_down_ask": 0.91,
      "seconds_left": 86.28509998321533,
      "min_spread": 0.04000000000000001
    },
    {
      "ts": "2026-06-20T22:38:34.103636Z",
      "slug": "doge-updown-5m-1781994900",
      "status": "skip_price_outside_band",
      "threshold": 0.62,
      "max_entry_price": 0.75,
      "clob_up_ask": 0.13,
      "clob_down_ask": 0.91,
      "seconds_left": 86.28509998321533
    },
    {
      "ts": "2026-06-20T22:38:36.571527Z",
      "slug": "doge-updown-5m-1781994900",
      "status": "heartbeat",
      "gamma_up": 0.5,
      "gamma_down": 0.5,
      "clob_up_ask": 0.12,
      "clob_down_ask": 0.91,
      "seconds_left": 83.7593150138855,
      "min_spread": 0.03
    },
    {
      "ts": "2026-06-20T22:38:36.571569Z",
      "slug": "doge-updown-5m-1781994900",
      "status": "skip_price_outside_band",
      "threshold": 0.62,
      "max_entry_price": 0.75,
      "clob_up_ask": 0.12,
      "clob_down_ask": 0.91,
      "seconds_left": 83.7593150138855
    },
    {
      "ts": "2026-06-20T22:38:38.980857Z",
      "slug": "doge-updown-5m-1781994900",
      "status": "heartbeat",
      "gamma_up": 0.5,
      "gamma_down": 0.5,
      "clob_up_ask": 0.12,
      "clob_down_ask": 0.89,
      "seconds_left": 81.36318588256836,
      "min_spread": 0.010000000000000009
    },
    {
      "ts": "2026-06-20T22:38:38.980887Z",
      "slug": "doge-updown-5m-1781994900",
      "status": "skip_price_outside_band",
      "threshold": 0.62,
      "max_entry_price": 0.75,
      "clob_up_ask": 0.12,
      "clob_down_ask": 0.89,
      "seconds_left": 81.36318588256836
    },
    {
      "ts": "2026-06-20T22:38:41.443724Z",
      "slug": "doge-updown-5m-1781994900",
      "status": "heartbeat",
      "gamma_up": 0.5,
      "gamma_down": 0.5,
      "clob_up_ask": 0.12,
      "clob_down_ask": 0.95,
      "seconds_left": 78.96228003501892,
      "min_spread": 0.039999999999999994
    },
    {
      "ts": "2026-06-20T22:38:41.443743Z",
      "slug": "doge-updown-5m-1781994900",
      "status": "skip_price_outside_band",
      "threshold": 0.62,
      "max_entry_price": 0.75,
      "clob_up_ask": 0.12,
      "clob_down_ask": 0.95,
      "seconds_left": 78.96228003501892
    },
    {
      "ts": "2026-06-20T22:38:43.925202Z",
      "slug": "doge-updown-5m-1781994900",
      "status": "heartbeat",
      "gamma_up": 0.5,
      "gamma_down": 0.5,
      "clob_up_ask": 0.12,
      "clob_down_ask": 0.95,
      "seconds_left": 76.40535306930542,
      "min_spread": 0.06999999999999995
    },
    {
      "ts": "2026-06-20T22:38:43.925218Z",
      "slug": "doge-updown-5m-1781994900",
      "status": "skip_price_outside_band",
      "threshold": 0.62,
      "max_entry_price": 0.75,
      "clob_up_ask": 0.12,
      "clob_down_ask": 0.95,
      "seconds_left": 76.40535306930542
    },
    {
      "ts": "2026-06-20T22:38:46.338561Z",
      "slug": "doge-updown-5m-1781994900",
      "status": "heartbeat",
      "gamma_up": 0.5,
      "gamma_down": 0.5,
      "clob_up_ask": 0.12,
      "clob_down_ask": 0.95,
      "seconds_left": 74.0073790550232,
      "min_spread": 0.06999999999999995
    },
    {
      "ts": "2026-06-20T22:38:46.338587Z",
      "slug": "doge-updown-5m-1781994900",
      "status": "skip_price_outside_band",
      "threshold": 0.62,
      "max_entry_price": 0.75,
      "clob_up_ask": 0.12,
      "clob_down_ask": 0.95,
      "seconds_left": 74.0073790550232
    },
    {
      "ts": "2026-06-20T22:38:48.789654Z",
      "slug": "doge-updown-5m-1781994900",
      "status": "heartbeat",
      "gamma_up": 0.5,
      "gamma_down": 0.5,
      "clob_up_ask": 0.09,
      "clob_down_ask": 0.96,
      "seconds_left": 71.59646201133728,
      "min_spread": 0.04999999999999993
    },
    {
      "ts": "2026-06-20T22:38:48.789689Z",
      "slug": "doge-updown-5m-1781994900",
      "status": "skip_price_outside_band",
      "threshold": 0.62,
      "max_entry_price": 0.75,
      "clob_up_ask": 0.09,
      "clob_down_ask": 0.96,
      "seconds_left": 71.59646201133728
    },
    {
      "ts": "2026-06-20T22:38:51.296140Z",
      "slug": "doge-updown-5m-1781994900",
      "status": "heartbeat",
      "gamma_up": 0.5,
      "gamma_down": 0.5,
      "clob_up_ask": 0.09,
      "clob_down_ask": 0.97,
      "seconds_left": 69.07230687141418,
      "min_spread": 0.049999999999999996
    },
    {
      "ts": "2026-06-20T22:38:51.296157Z",
      "slug": "doge-updown-5m-1781994900",
      "status": "skip_price_outside_band",
      "threshold": 0.62,
      "max_entry_price": 0.75,
      "clob_up_ask": 0.09,
      "clob_down_ask": 0.97,
      "seconds_left": 69.07230687141418
    },
    {
      "ts": "2026-06-20T22:38:53.813559Z",
      "slug": "doge-updown-5m-1781994900",
      "status": "heartbeat",
      "gamma_up": 0.5,
      "gamma_down": 0.5,
      "clob_up_ask": 0.09,
      "clob_down_ask": 0.97,
      "seconds_left": 66.65006303787231,
      "min_spread": 0.05999999999999994
    },
    {
      "ts": "2026-06-20T22:38:53.813591Z",
      "slug": "doge-updown-5m-1781994900",
      "status": "skip_price_outside_band",
      "threshold": 0.62,
      "max_entry_price": 0.75,
      "clob_up_ask": 0.09,
      "clob_down_ask": 0.97,
      "seconds_left": 66.65006303787231
    },
    {
      "ts": "2026-06-20T22:38:56.283937Z",
      "slug": "doge-updown-5m-1781994900",
      "status": "heartbeat",
      "gamma_up": 0.5,
      "gamma_down": 0.5,
      "clob_up_ask": 0.08,
      "clob_down_ask": 0.97,
      "seconds_left": 64.11541295051575,
      "min_spread": 0.04999999999999993
    },
    {
      "ts": "2026-06-20T22:38:56.283954Z",
      "slug": "doge-updown-5m-1781994900",
      "status": "skip_price_outside_band",
      "threshold": 0.62,
      "max_entry_price": 0.75,
      "clob_up_ask": 0.08,
      "clob_down_ask": 0.97,
      "seconds_left": 64.11541295051575
    },
    {
      "ts": "2026-06-20T22:38:58.744463Z",
      "slug": "doge-updown-5m-1781994900",
      "status": "heartbeat",
      "gamma_up": 0.5,
      "gamma_down": 0.5,
      "clob_up_ask": 0.08,
      "clob_down_ask": 0.98,
      "seconds_left": 61.6446750164032,
      "min_spread": 0.05999999999999994
    },
    {
      "ts": "2026-06-20T22:38:58.744493Z",
      "slug": "doge-updown-5m-1781994900",
      "status": "skip_price_outside_band",
      "threshold": 0.62,
      "max_entry_price": 0.75,
      "clob_up_ask": 0.08,
      "clob_down_ask": 0.98,
      "seconds_left": 61.6446750164032
    },
    {
      "ts": "2026-06-20T22:39:00.894862Z",
      "slug": "doge-updown-5m-1781994900",
      "status": "skip_too_late_to_enter",
      "seconds_left": 59.10514497756958,
      "min_entry_seconds_left": 60
    },
    {
      "ts": "2026-06-20T22:39:03.144105Z",
      "slug": "doge-updown-5m-1781994900",
      "status": "skip_too_late_to_enter",
      "seconds_left": 56.8558988571167,
      "min_entry_seconds_left": 60
    },
    {
      "ts": "2026-06-20T22:39:05.185661Z",
      "slug": "doge-updown-5m-1781994900",
      "status": "skip_too_late_to_enter",
      "seconds_left": 54.81434106826782,
      "min_entry_seconds_left": 60
    },
    {
      "ts": "2026-06-20T22:39:07.246360Z",
      "slug": "doge-updown-5m-1781994900",
      "status": "skip_too_late_to_enter",
      "seconds_left": 52.753642082214355,
      "min_entry_seconds_left": 60
    },
    {
      "ts": "2026-06-20T22:39:09.311159Z",
      "slug": "doge-updown-5m-1781994900",
      "status": "skip_too_late_to_enter",
      "seconds_left": 50.688843965530396,
      "min_entry_seconds_left": 60
    },
    {
      "ts": "2026-06-20T22:39:11.373887Z",
      "slug": "doge-updown-5m-1781994900",
      "status": "skip_too_late_to_enter",
      "seconds_left": 48.62611508369446,
      "min_entry_seconds_left": 60
    },
    {
      "ts": "2026-06-20T22:39:13.463092Z",
      "slug": "doge-updown-5m-1781994900",
      "status": "skip_too_late_to_enter",
      "seconds_left": 46.53691005706787,
      "min_entry_seconds_left": 60
    },
    {
      "ts": "2026-06-20T22:39:15.579958Z",
      "slug": "doge-updown-5m-1781994900",
      "status": "skip_too_late_to_enter",
      "seconds_left": 44.4200439453125,
      "min_entry_seconds_left": 60
    },
    {
      "ts": "2026-06-20T22:39:17.652113Z",
      "slug": "doge-updown-5m-1781994900",
      "status": "skip_too_late_to_enter",
      "seconds_left": 42.3478889465332,
      "min_entry_seconds_left": 60
    },
    {
      "ts": "2026-06-20T22:39:19.769237Z",
      "slug": "doge-updown-5m-1781994900",
      "status": "skip_too_late_to_enter",
      "seconds_left": 40.23076820373535,
      "min_entry_seconds_left": 60
    },
    {
      "ts": "2026-06-20T22:39:21.858703Z",
      "slug": "doge-updown-5m-1781994900",
      "status": "skip_too_late_to_enter",
      "seconds_left": 38.14130091667175,
      "min_entry_seconds_left": 60
    },
    {
      "ts": "2026-06-20T22:39:23.961531Z",
      "slug": "doge-updown-5m-1781994900",
      "status": "skip_too_late_to_enter",
      "seconds_left": 36.03847098350525,
      "min_entry_seconds_left": 60
    },
    {
      "ts": "2026-06-20T22:39:26.052721Z",
      "slug": "doge-updown-5m-1781994900",
      "status": "skip_too_late_to_enter",
      "seconds_left": 33.94728398323059,
      "min_entry_seconds_left": 60
    },
    {
      "ts": "2026-06-20T22:39:28.145003Z",
      "slug": "doge-updown-5m-1781994900",
      "status": "skip_too_late_to_enter",
      "seconds_left": 31.85499906539917,
      "min_entry_seconds_left": 60
    },
    {
      "ts": "2026-06-20T22:39:30.252471Z",
      "slug": "doge-updown-5m-1781994900",
      "status": "skip_too_late_to_enter",
      "seconds_left": 29.74753212928772,
      "min_entry_seconds_left": 60
    },
    {
      "ts": "2026-06-20T22:39:32.350522Z",
      "slug": "doge-updown-5m-1781994900",
      "status": "skip_too_late_to_enter",
      "seconds_left": 27.649479866027832,
      "min_entry_seconds_left": 60
    },
    {
      "ts": "2026-06-20T22:39:34.445974Z",
      "slug": "doge-updown-5m-1781994900",
      "status": "skip_too_late_to_enter",
      "seconds_left": 25.554031133651733,
      "min_entry_seconds_left": 60
    },
    {
      "ts": "2026-06-20T22:39:36.537957Z",
      "slug": "doge-updown-5m-1781994900",
      "status": "skip_too_late_to_enter",
      "seconds_left": 23.46204900741577,
      "min_entry_seconds_left": 60
    },
    {
      "ts": "2026-06-20T22:39:38.623369Z",
      "slug": "doge-updown-5m-1781994900",
      "status": "skip_too_late_to_enter",
      "seconds_left": 21.376633167266846,
      "min_entry_seconds_left": 60
    },
    {
      "ts": "2026-06-20T22:39:40.736526Z",
      "slug": "doge-updown-5m-1781994900",
      "status": "skip_too_late_to_enter",
      "seconds_left": 19.26347589492798,
      "min_entry_seconds_left": 60
    },
    {
      "ts": "2026-06-20T22:39:42.834522Z",
      "slug": "doge-updown-5m-1781994900",
      "status": "skip_too_late_to_enter",
      "seconds_left": 17.165478944778442,
      "min_entry_seconds_left": 60
    },
    {
      "ts": "2026-06-20T22:39:44.939674Z",
      "slug": "doge-updown-5m-1781994900",
      "status": "skip_too_late_to_enter",
      "seconds_left": 15.060328960418701,
      "min_entry_seconds_left": 60
    },
    {
      "ts": "2026-06-20T22:39:47.021883Z",
      "slug": "doge-updown-5m-1781994900",
      "status": "skip_too_late_to_enter",
      "seconds_left": 12.978121995925903,
      "min_entry_seconds_left": 60
    },
    {
      "ts": "2026-06-20T22:39:49.111462Z",
      "slug": "doge-updown-5m-1781994900",
      "status": "skip_too_late_to_enter",
      "seconds_left": 10.888539791107178,
      "min_entry_seconds_left": 60
    },
    {
      "ts": "2026-06-20T22:39:51.219474Z",
      "slug": "doge-updown-5m-1781994900",
      "status": "skip_too_late_to_enter",
      "seconds_left": 8.780528783798218,
      "min_entry_seconds_left": 60
    },
    {
      "ts": "2026-06-20T22:39:53.308034Z",
      "slug": "doge-updown-5m-1781994900",
      "status": "skip_too_late_to_enter",
      "seconds_left": 6.691967964172363,
      "min_entry_seconds_left": 60
    },
    {
      "ts": "2026-06-20T22:39:55.417346Z",
      "status": "heartbeat_no_current_market"
    },
    {
      "ts": "2026-06-20T22:39:57.507106Z",
      "status": "heartbeat_no_current_market"
    },
    {
      "ts": "2026-06-20T22:39:59.607912Z",
      "status": "heartbeat_no_current_market"
    },
    {
      "ts": "2026-06-20T22:40:02.242779Z",
      "slug": "doge-updown-5m-1781995200",
      "status": "heartbeat",
      "gamma_up": 0.485,
      "gamma_down": 0.515,
      "clob_up_ask": 0.53,
      "clob_down_ask": 0.58,
      "seconds_left": 298.1330099105835,
      "min_spread": 0.10999999999999999
    },
    {
      "ts": "2026-06-20T22:40:02.242809Z",
      "slug": "doge-updown-5m-1781995200",
      "status": "skip_price_outside_band",
      "threshold": 0.62,
      "max_entry_price": 0.75,
      "clob_up_ask": 0.53,
      "clob_down_ask": 0.58,
      "seconds_left": 298.1330099105835
    },
    {
      "ts": "2026-06-20T22:40:04.661974Z",
      "slug": "doge-updown-5m-1781995200",
      "status": "heartbeat",
      "gamma_up": 0.485,
      "gamma_down": 0.515,
      "clob_up_ask": 0.53,
      "clob_down_ask": 0.57,
      "seconds_left": 295.6746208667755,
      "min_spread": 0.09999999999999998
    },
    {
      "ts": "2026-06-20T22:40:04.661992Z",
      "slug": "doge-updown-5m-1781995200",
      "status": "skip_price_outside_band",
      "threshold": 0.62,
      "max_entry_price": 0.75,
      "clob_up_ask": 0.53,
      "clob_down_ask": 0.57,
      "seconds_left": 295.6746208667755
    },
    {
      "ts": "2026-06-20T22:40:07.071484Z",
      "slug": "doge-updown-5m-1781995200",
      "status": "heartbeat",
      "gamma_up": 0.485,
      "gamma_down": 0.515,
      "clob_up_ask": 0.53,
      "clob_down_ask": 0.55,
      "seconds_left": 293.2915041446686,
      "min_spread": 0.08000000000000002
    },
    {
      "ts": "2026-06-20T22:40:07.071521Z",
      "slug": "doge-updown-5m-1781995200",
      "status": "skip_price_outside_band",
      "threshold": 0.62,
      "max_entry_price": 0.75,
      "clob_up_ask": 0.53,
      "clob_down_ask": 0.55,
      "seconds_left": 293.2915041446686
    },
    {
      "ts": "2026-06-20T22:40:09.522395Z",
      "slug": "doge-updown-5m-1781995200",
      "status": "heartbeat",
      "gamma_up": 0.485,
      "gamma_down": 0.515,
      "clob_up_ask": 0.51,
      "clob_down_ask": 0.59,
      "seconds_left": 290.8743450641632,
      "min_spread": 0.09999999999999998
    },
    {
      "ts": "2026-06-20T22:40:09.522425Z",
      "slug": "doge-updown-5m-1781995200",
      "status": "skip_price_outside_band",
      "threshold": 0.62,
      "max_entry_price": 0.75,
      "clob_up_ask": 0.51,
      "clob_down_ask": 0.59,
      "seconds_left": 290.8743450641632
    },
    {
      "ts": "2026-06-20T22:40:11.998852Z",
      "slug": "doge-updown-5m-1781995200",
      "status": "heartbeat",
      "gamma_up": 0.485,
      "gamma_down": 0.515,
      "clob_up_ask": 0.51,
      "clob_down_ask": 0.58,
      "seconds_left": 288.3370099067688,
      "min_spread": 0.08999999999999997
    },
    {
      "ts": "2026-06-20T22:40:11.998878Z",
      "slug": "doge-updown-5m-1781995200",
      "status": "skip_price_outside_band",
      "threshold": 0.62,
      "max_entry_price": 0.75,
      "clob_up_ask": 0.51,
      "clob_down_ask": 0.58,
      "seconds_left": 288.3370099067688
    },
    {
      "ts": "2026-06-20T22:40:14.406077Z",
      "slug": "doge-updown-5m-1781995200",
      "status": "heartbeat",
      "gamma_up": 0.485,
      "gamma_down": 0.515,
      "clob_up_ask": 0.53,
      "clob_down_ask": 0.56,
      "seconds_left": 285.9352960586548,
      "min_spread": 0.09000000000000002
    },
    {
      "ts": "2026-06-20T22:40:14.406098Z",
      "slug": "doge-updown-5m-1781995200",
      "status": "skip_price_outside_band",
      "threshold": 0.62,
      "max_entry_price": 0.75,
      "clob_up_ask": 0.53,
      "clob_down_ask": 0.56,
      "seconds_left": 285.9352960586548
    },
    {
      "ts": "2026-06-20T22:40:16.860492Z",
      "slug": "doge-updown-5m-1781995200",
      "status": "heartbeat",
      "gamma_up": 0.485,
      "gamma_down": 0.515,
      "clob_up_ask": 0.51,
      "clob_down_ask": 0.57,
      "seconds_left": 283.5300757884979,
      "min_spread": 0.07999999999999996
    },
    {
      "ts": "2026-06-20T22:40:16.860506Z",
      "slug": "doge-updown-5m-1781995200",
      "status": "skip_price_outside_band",
      "threshold": 0.62,
      "max_entry_price": 0.75,
      "clob_up_ask": 0.51,
      "clob_down_ask": 0.57,
      "seconds_left": 283.5300757884979
    },
    {
      "ts": "2026-06-20T22:40:19.325877Z",
      "slug": "doge-updown-5m-1781995200",
      "status": "heartbeat",
      "gamma_up": 0.485,
      "gamma_down": 0.515,
      "clob_up_ask": 0.52,
      "clob_down_ask": 0.57,
      "seconds_left": 281.01025009155273,
      "min_spread": 0.08999999999999997
    },
    {
      "ts": "2026-06-20T22:40:19.325902Z",
      "slug": "doge-updown-5m-1781995200",
      "status": "skip_price_outside_band",
      "threshold": 0.62,
      "max_entry_price": 0.75,
      "clob_up_ask": 0.52,
      "clob_down_ask": 0.57,
      "seconds_left": 281.01025009155273
    },
    {
      "ts": "2026-06-20T22:40:21.752933Z",
      "slug": "doge-updown-5m-1781995200",
      "status": "heartbeat",
      "gamma_up": 0.485,
      "gamma_down": 0.515,
      "clob_up_ask": 0.49,
      "clob_down_ask": 0.57,
      "seconds_left": 278.611613035202,
      "min_spread": 0.05999999999999994
    },
    {
      "ts": "2026-06-20T22:40:21.752982Z",
      "slug": "doge-updown-5m-1781995200",
      "status": "skip_price_outside_band",
      "threshold": 0.62,
      "max_entry_price": 0.75,
      "clob_up_ask": 0.49,
      "clob_down_ask": 0.57,
      "seconds_left": 278.611613035202
    },
    {
      "ts": "2026-06-20T22:40:24.200048Z",
      "slug": "doge-updown-5m-1781995200",
      "status": "heartbeat",
      "gamma_up": 0.485,
      "gamma_down": 0.515,
      "clob_up_ask": 0.49,
      "clob_down_ask": 0.57,
      "seconds_left": 276.18288111686707,
      "min_spread": 0.05999999999999994
    },
    {
      "ts": "2026-06-20T22:40:24.200080Z",
      "slug": "doge-updown-5m-1781995200",
      "status": "skip_price_outside_band",
      "threshold": 0.62,
      "max_entry_price": 0.75,
      "clob_up_ask": 0.49,
      "clob_down_ask": 0.57,
      "seconds_left": 276.18288111686707
    },
    {
      "ts": "2026-06-20T22:40:26.692823Z",
      "slug": "doge-updown-5m-1781995200",
      "status": "heartbeat",
      "gamma_up": 0.485,
      "gamma_down": 0.515,
      "clob_up_ask": 0.49,
      "clob_down_ask": 0.57,
      "seconds_left": 273.64864897727966,
      "min_spread": 0.05999999999999994
    },
    {
      "ts": "2026-06-20T22:40:26.692851Z",
      "slug": "doge-updown-5m-1781995200",
      "status": "skip_price_outside_band",
      "threshold": 0.62,
      "max_entry_price": 0.75,
      "clob_up_ask": 0.49,
      "clob_down_ask": 0.57,
      "seconds_left": 273.64864897727966
    },
    {
      "ts": "2026-06-20T22:40:29.091534Z",
      "slug": "doge-updown-5m-1781995200",
      "status": "heartbeat",
      "gamma_up": 0.485,
      "gamma_down": 0.515,
      "clob_up_ask": 0.47,
      "clob_down_ask": 0.61,
      "seconds_left": 271.2393889427185,
      "min_spread": 0.07999999999999996
    },
    {
      "ts": "2026-06-20T22:40:29.091548Z",
      "slug": "doge-updown-5m-1781995200",
      "status": "skip_price_outside_band",
      "threshold": 0.62,
      "max_entry_price": 0.75,
      "clob_up_ask": 0.47,
      "clob_down_ask": 0.61,
      "seconds_left": 271.2393889427185
    },
    {
      "ts": "2026-06-20T22:40:31.542640Z",
      "slug": "doge-updown-5m-1781995200",
      "status": "heartbeat",
      "gamma_up": 0.485,
      "gamma_down": 0.515,
      "clob_up_ask": 0.49,
      "clob_down_ask": 0.61,
      "seconds_left": 268.84650588035583,
      "min_spread": 0.09999999999999998
    },
    {
      "ts": "2026-06-20T22:40:31.542661Z",
      "slug": "doge-updown-5m-1781995200",
      "status": "skip_price_outside_band",
      "threshold": 0.62,
      "max_entry_price": 0.75,
      "clob_up_ask": 0.49,
      "clob_down_ask": 0.61,
      "seconds_left": 268.84650588035583
    },
    {
      "ts": "2026-06-20T22:40:34.000953Z",
      "slug": "doge-updown-5m-1781995200",
      "status": "heartbeat",
      "gamma_up": 0.485,
      "gamma_down": 0.515,
      "clob_up_ask": 0.48,
      "clob_down_ask": 0.61,
      "seconds_left": 266.3191759586334,
      "min_spread": 0.08999999999999997
    },
    {
      "ts": "2026-06-20T22:40:34.000972Z",
      "slug": "doge-updown-5m-1781995200",
      "status": "skip_price_outside_band",
      "threshold": 0.62,
      "max_entry_price": 0.75,
      "clob_up_ask": 0.48,
      "clob_down_ask": 0.61,
      "seconds_left": 266.3191759586334
    },
    {
      "ts": "2026-06-20T22:40:36.420228Z",
      "slug": "doge-updown-5m-1781995200",
      "status": "heartbeat",
      "gamma_up": 0.485,
      "gamma_down": 0.515,
      "clob_up_ask": 0.48,
      "clob_down_ask": 0.62,
      "seconds_left": 263.9308741092682,
      "min_spread": 0.08999999999999997
    }
  ],
  "balance_errors": [],
  "open_raw": "{\"order_post_result\": {\"errorMsg\": \"\", \"orderID\": \"0x272708dbaf1d2b7708a4f3eaeb349567b8b08d151bf3ab99475d04c07bbebf7a\", \"takingAmount\": \"7.388057\", \"makingAmount\": \"4.949998\", \"status\": \"matched\", \"transactionsHashes\": [\"0xb6f2f35d0eec5810cbc462869254fb78ee0c6b3c4467f11e1f8fc5ad961896e1\"], \"success\": true}, \"entry_price\": 0.6699999742828189, \"market_slug\": \"doge-updown-5m-1781995200\", \"token_id\": \"15342929718826995282469372574346997122310196433218040848106544392037317337694\", \"side\": \"DOWN\", \"best_bid\": 0.01, \"best_ask\": 0.99, \"price\": 0.99, \"size\": 5.0, \"budget_usd\": 5.0, \"min_order_size\": 5.0, \"neg_risk\": false, \"execute\": true}\n\n",
  "opened": {
    "opened_at": "2026-06-20T22:40:40.977140Z",
    "market_slug": "doge-updown-5m-1781995200",
    "market_end_iso": "2026-06-20T22:45:00Z",
    "side": "DOWN",
    "token_id": "15342929718826995282469372574346997122310196433218040848106544392037317337694",
    "entry_price": 0.6854763031741634,
    "shares": 7.388057,
    "shares_requested": 7.388057,
    "cost_usdc": 5.064338,
    "cost_requested_usdc": 4.949998,
    "ctf_balance_after_open": 7.388057,
    "pusd_balance_after_open": 19.322281,
    "settle_wait_sec": 2.27,
    "balance_unconfirmed": false,
    "open_order_id": "0x272708dbaf1d2b7708a4f3eaeb349567b8b08d151bf3ab99475d04c07bbebf7a",
    "open_tx": "0xb6f2f35d0eec5810cbc462869254fb78ee0c6b3c4467f11e1f8fc5ad961896e1"
  },
  "stop_loss_price": null,
  "close_debug": [
    {
      "ts": "2026-06-20T22:48:02.947848Z",
      "mode": "hold_to_settlement",
      "redeem_wait_sec": 181.24,
      "ctf_remaining": 7.388057
    }
  ],
  "closed": {
    "close_reason": "held_to_settlement",
    "closed_at": "2026-06-20T22:48:02.947800Z",
    "close_success": false,
    "close_status": "worthless",
    "close_order_id": null,
    "close_tx": null,
    "close_shares": 0.0,
    "close_shares_requested": 7.388057,
    "close_usdc": 0.0,
    "close_usdc_requested": 0.0,
    "ctf_remaining": 7.388057,
    "pusd_balance_after_close": 17.194903,
    "position_closed_on_chain": false,
    "close_settle_wait_sec": 181.24,
    "close_skipped": ""
  },
  "realized_cashflow_pnl_usdc": -7.191716,
  "finished_at": "2026-06-20T22:48:02.947866Z",
  "result": "done"
}
