[py_clob_client_v2] request error status=400 url=https://clob.polymarket.com/auth/api-key body={"error":"Could not create api key"}

[py_clob_client_v2] request error status=400 url=https://clob.polymarket.com/auth/api-key body={"error":"Could not create api key"}

{
  "started_at": "2026-06-20T15:40:03.045036Z",
  "params": {
    "profile": "conservative",
    "threshold": 0.62,
    "stake_usd": 5.0,
    "stop_loss_pct": 0.25,
    "exit_before_sec": 20,
    "min_entry_seconds_left": 60,
    "entry_timeout_min": 5,
    "poll_sec": 2.0,
    "close_retry_max": 30,
    "close_retry_delay_sec": 2.0,
    "execute": true
  },
  "attempts": [
    {
      "ts": "2026-06-20T15:40:03.874661Z",
      "slug": "btc-updown-5m-1781970000",
      "status": "heartbeat",
      "gamma_up": 0.495,
      "gamma_down": 0.505,
      "clob_up_ask": 0.54,
      "clob_down_ask": 0.47,
      "seconds_left": 296.5433039665222,
      "min_spread": 0.009999999999999953
    },
    {
      "ts": "2026-06-20T15:40:03.874674Z",
      "slug": "btc-updown-5m-1781970000",
      "status": "skip_price_below_threshold",
      "threshold": 0.62,
      "clob_up_ask": 0.54,
      "clob_down_ask": 0.47,
      "seconds_left": 296.5433039665222
    },
    {
      "ts": "2026-06-20T15:40:06.349706Z",
      "slug": "btc-updown-5m-1781970000",
      "status": "heartbeat",
      "gamma_up": 0.495,
      "gamma_down": 0.505,
      "clob_up_ask": 0.52,
      "clob_down_ask": 0.5,
      "seconds_left": 293.99096393585205,
      "min_spread": 0.010000000000000009
    },
    {
      "ts": "2026-06-20T15:40:06.349734Z",
      "slug": "btc-updown-5m-1781970000",
      "status": "skip_price_below_threshold",
      "threshold": 0.62,
      "clob_up_ask": 0.52,
      "clob_down_ask": 0.5,
      "seconds_left": 293.99096393585205
    },
    {
      "ts": "2026-06-20T15:40:08.765686Z",
      "slug": "btc-updown-5m-1781970000",
      "status": "heartbeat",
      "gamma_up": 0.495,
      "gamma_down": 0.505,
      "clob_up_ask": 0.48,
      "clob_down_ask": 0.55,
      "seconds_left": 291.60390305519104,
      "min_spread": 0.010000000000000009
    },
    {
      "ts": "2026-06-20T15:40:08.765697Z",
      "slug": "btc-updown-5m-1781970000",
      "status": "skip_price_below_threshold",
      "threshold": 0.62,
      "clob_up_ask": 0.48,
      "clob_down_ask": 0.55,
      "seconds_left": 291.60390305519104
    },
    {
      "ts": "2026-06-20T15:40:11.213727Z",
      "slug": "btc-updown-5m-1781970000",
      "status": "heartbeat",
      "gamma_up": 0.495,
      "gamma_down": 0.505,
      "clob_up_ask": 0.39,
      "clob_down_ask": 0.63,
      "seconds_left": 289.18027210235596,
      "min_spread": 0.010000000000000009
    }
  ],
  "balance_errors": [],
  "open_raw": "{\"order_post_result\": {\"errorMsg\": \"\", \"orderID\": \"0x534d81bf491198769adeeb8bcc9bc3a11d9f1ed220b576a9c1d119411b1ba1c0\", \"takingAmount\": \"7.85714\", \"makingAmount\": \"4.949998\", \"status\": \"matched\", \"transactionsHashes\": [\"0x0fd9e55ea8d1bd98b26cbbe969364a321dd4421c9a9bb18367f0d8f6bd72341b\"], \"success\": true}, \"entry_price\": 0.6299999745454452, \"market_slug\": \"btc-updown-5m-1781970000\", \"token_id\": \"65140352697282730447843630040503042416799086721069362976781885609954450784767\", \"side\": \"DOWN\", \"best_bid\": 0.01, \"best_ask\": 0.99, \"price\": 0.99, \"size\": 5.0, \"budget_usd\": 5.0, \"min_order_size\": 5.0, \"neg_risk\": false, \"execute\": true}\n\n[py_clob_client_v2] request error status=400 url=https://clob.polymarket.com/auth/api-key body={\"error\":\"Could not create api key\"}\n\n",
  "opened": {
    "opened_at": "2026-06-20T15:40:15.744149Z",
    "market_slug": "btc-updown-5m-1781970000",
    "market_end_iso": "2026-06-20T15:45:00Z",
    "side": "DOWN",
    "token_id": "65140352697282730447843630040503042416799086721069362976781885609954450784767",
    "entry_price": 0.6463163441150342,
    "shares": 7.85714,
    "shares_requested": 7.85714,
    "cost_usdc": 5.078198,
    "cost_requested_usdc": 4.949998,
    "ctf_balance_after_open": 7.85714,
    "pusd_balance_after_open": 27.97867,
    "settle_wait_sec": 2.42,
    "balance_unconfirmed": false,
    "open_order_id": "0x534d81bf491198769adeeb8bcc9bc3a11d9f1ed220b576a9c1d119411b1ba1c0",
    "open_tx": "0x0fd9e55ea8d1bd98b26cbbe969364a321dd4421c9a9bb18367f0d8f6bd72341b"
  },
  "stop_loss_price": 0.48473725808627566,
  "last_side_price": 0.595,
  "last_check_at": "2026-06-20T15:44:39.650675Z",
  "close_debug": [
    {
      "ts": "2026-06-20T15:44:44.000342Z",
      "attempt": 1,
      "order_type": "FAK",
      "status": "",
      "close_skipped": ""
    },
    {
      "ts": "2026-06-20T15:44:47.556644Z",
      "attempt": 2,
      "order_type": "FAK",
      "status": "",
      "close_skipped": "",
      "dust_close_detected": true
    }
  ],
  "close_raw": "{\"close_skipped\": \"\", \"order_post_result\": {\"success\": false, \"status\": \"error\", \"errorMsg\": \"PolyApiException[status_code=400, error_message={'error': 'not enough balance / allowance: the balance is not enough -> balance: 7140, order amount: 7850000'}]\"}, \"market_slug\": \"btc-updown-5m-1781970000\", \"token_id\": \"65140352697282730447843630040503042416799086721069362976781885609954450784767\", \"side\": \"SELL\", \"price\": 0.01, \"size\": 7.85, \"neg_risk\": false, \"execute\": true}\n\n[py_clob_client_v2] request error status=400 url=https://clob.polymarket.com/auth/api-key body={\"error\":\"Could not create api key\"}\n\n[py_clob_client_v2] request error status=400 url=https://clob.polymarket.com/order body={\"error\":\"not enough balance / allowance: the balance is not enough -\\u003e balance: 7140, order amount: 7850000\"}\n",
  "closed": {
    "close_reason": "time_exit_20s_before_end",
    "closed_at": "2026-06-20T15:44:48.054851Z",
    "close_success": true,
    "close_status": null,
    "close_order_id": null,
    "close_tx": null,
    "close_shares": 7.85,
    "close_shares_requested": 0.0,
    "close_usdc": 7.01555,
    "close_usdc_requested": 0.0,
    "ctf_remaining": 0.00714,
    "pusd_balance_after_close": 34.99422,
    "position_closed_on_chain": true,
    "close_skipped": null
  },
  "realized_cashflow_pnl_usdc": 1.937352,
  "finished_at": "2026-06-20T15:44:48.054889Z",
  "result": "done"
}
