{
  "started_at": "2026-06-20T16:55:08.024664Z",
  "params": {
    "profile": "conservative",
    "threshold": 0.58,
    "max_entry_price": 0.85,
    "stake_usd": 5.0,
    "stop_loss_pct": 0.0,
    "exit_before_sec": 5,
    "min_entry_seconds_left": 60,
    "entry_timeout_min": 5,
    "poll_sec": 2.0,
    "close_retry_max": 30,
    "close_retry_delay_sec": 2.0,
    "execute": true
  },
  "attempts": [
    {
      "ts": "2026-06-20T16:55:08.521336Z",
      "slug": "btc-updown-5m-1781974500",
      "status": "heartbeat",
      "gamma_up": 0.495,
      "gamma_down": 0.505,
      "clob_up_ask": 0.37,
      "clob_down_ask": 0.64,
      "seconds_left": 291.8327269554138,
      "min_spread": 0.010000000000000009
    }
  ],
  "balance_errors": [],
  "open_raw": "{\"order_post_result\": {\"errorMsg\": \"\", \"orderID\": \"0x27e1751cbab27ac379bea58bab356b290d38bfafc8554c05c9d5b4adfcdd3282\", \"takingAmount\": \"7.734375\", \"makingAmount\": \"4.95\", \"status\": \"matched\", \"transactionsHashes\": [\"0x7d27e0912ac3dfcab11e09431d25e67a379fbf4a4f1ef241fefb2da4ae3d91ad\"], \"success\": true}, \"entry_price\": 0.64, \"market_slug\": \"btc-updown-5m-1781974500\", \"token_id\": \"90504097626051988700974056847272307702067376671571400449793956983842490792150\", \"side\": \"DOWN\", \"best_bid\": 0.01, \"best_ask\": 0.99, \"price\": 0.99, \"size\": 5.0, \"budget_usd\": 5.0, \"min_order_size\": 5.0, \"neg_risk\": false, \"execute\": true}\n\n",
  "opened": {
    "opened_at": "2026-06-20T16:55:12.674597Z",
    "market_slug": "btc-updown-5m-1781974500",
    "market_end_iso": "2026-06-20T17:00:00Z",
    "side": "DOWN",
    "token_id": "90504097626051988700974056847272307702067376671571400449793956983842490792150",
    "entry_price": 0.656128,
    "shares": 7.734375,
    "shares_requested": 7.734375,
    "cost_usdc": 5.07474,
    "cost_requested_usdc": 4.95,
    "ctf_balance_after_open": 7.734375,
    "pusd_balance_after_open": 43.512461,
    "settle_wait_sec": 2.21,
    "balance_unconfirmed": false,
    "open_order_id": "0x27e1751cbab27ac379bea58bab356b290d38bfafc8554c05c9d5b4adfcdd3282",
    "open_tx": "0x7d27e0912ac3dfcab11e09431d25e67a379fbf4a4f1ef241fefb2da4ae3d91ad"
  },
  "stop_loss_price": null,
  "close_debug": [
    {
      "ts": "2026-06-20T16:59:56.746446Z",
      "attempt": 1,
      "order_type": "FAK",
      "status": "matched",
      "close_skipped": ""
    }
  ],
  "close_raw": "{\"close_skipped\": \"\", \"order_post_result\": {\"errorMsg\": \"\", \"orderID\": \"0x7bc4d2dcda4c3114589f66d4f4b41233a4f70a6a2a24aac0497337760aa101ea\", \"takingAmount\": \"1.9325\", \"makingAmount\": \"7.73\", \"status\": \"matched\", \"transactionsHashes\": [\"0x6ffea7857a0851159be04556cb6749a8335e96e0717653f86f3bae47d266ba2b\"], \"success\": true}, \"market_slug\": \"btc-updown-5m-1781974500\", \"token_id\": \"90504097626051988700974056847272307702067376671571400449793956983842490792150\", \"side\": \"SELL\", \"price\": 0.01, \"size\": 7.73, \"neg_risk\": false, \"execute\": true}\n\n",
  "closed": {
    "close_reason": "time_exit_5s_before_end",
    "closed_at": "2026-06-20T17:00:07.519324Z",
    "close_success": true,
    "close_status": "matched",
    "close_order_id": "0x7bc4d2dcda4c3114589f66d4f4b41233a4f70a6a2a24aac0497337760aa101ea",
    "close_tx": "0x6ffea7857a0851159be04556cb6749a8335e96e0717653f86f3bae47d266ba2b",
    "close_shares": 0.0,
    "close_shares_requested": 7.73,
    "close_usdc": 0.0,
    "close_usdc_requested": 1.9325,
    "ctf_remaining": 17.861516,
    "pusd_balance_after_close": 40.099579,
    "position_closed_on_chain": false,
    "close_settle_wait_sec": 10.77,
    "close_skipped": ""
  },
  "realized_cashflow_pnl_usdc": null,
  "finished_at": "2026-06-20T17:00:07.519365Z",
  "result": "done"
}
