{
  "started_at": "2026-06-20T19:41:11.983462Z",
  "params": {
    "profile": "conservative",
    "threshold": 0.58,
    "max_entry_price": 0.85,
    "stake_usd": 7.51,
    "stop_loss_pct": 0.0,
    "exit_before_sec": 5,
    "min_entry_seconds_left": 60,
    "entry_timeout_min": 5,
    "poll_sec": 2.0,
    "close_retry_max": 30,
    "close_retry_delay_sec": 2.0,
    "execute": true
  },
  "attempts": [
    {
      "ts": "2026-06-20T19:41:12.368853Z",
      "slug": "sol-updown-5m-1781984400",
      "status": "heartbeat",
      "gamma_up": 0.515,
      "gamma_down": 0.485,
      "clob_up_ask": 0.55,
      "clob_down_ask": 0.46,
      "seconds_left": 227.9723780155182,
      "min_spread": 0.010000000000000009
    },
    {
      "ts": "2026-06-20T19:41:12.368867Z",
      "slug": "sol-updown-5m-1781984400",
      "status": "skip_price_outside_band",
      "threshold": 0.58,
      "max_entry_price": 0.85,
      "clob_up_ask": 0.55,
      "clob_down_ask": 0.46,
      "seconds_left": 227.9723780155182
    },
    {
      "ts": "2026-06-20T19:41:14.803605Z",
      "slug": "sol-updown-5m-1781984400",
      "status": "heartbeat",
      "gamma_up": 0.515,
      "gamma_down": 0.485,
      "clob_up_ask": 0.55,
      "clob_down_ask": 0.46,
      "seconds_left": 225.52749705314636,
      "min_spread": 0.010000000000000009
    },
    {
      "ts": "2026-06-20T19:41:14.803632Z",
      "slug": "sol-updown-5m-1781984400",
      "status": "skip_price_outside_band",
      "threshold": 0.58,
      "max_entry_price": 0.85,
      "clob_up_ask": 0.55,
      "clob_down_ask": 0.46,
      "seconds_left": 225.52749705314636
    },
    {
      "ts": "2026-06-20T19:41:17.218970Z",
      "slug": "sol-updown-5m-1781984400",
      "status": "heartbeat",
      "gamma_up": 0.515,
      "gamma_down": 0.485,
      "clob_up_ask": 0.55,
      "clob_down_ask": 0.46,
      "seconds_left": 223.13333702087402,
      "min_spread": 0.010000000000000009
    },
    {
      "ts": "2026-06-20T19:41:17.219004Z",
      "slug": "sol-updown-5m-1781984400",
      "status": "skip_price_outside_band",
      "threshold": 0.58,
      "max_entry_price": 0.85,
      "clob_up_ask": 0.55,
      "clob_down_ask": 0.46,
      "seconds_left": 223.13333702087402
    },
    {
      "ts": "2026-06-20T19:41:19.668541Z",
      "slug": "sol-updown-5m-1781984400",
      "status": "heartbeat",
      "gamma_up": 0.515,
      "gamma_down": 0.485,
      "clob_up_ask": 0.55,
      "clob_down_ask": 0.46,
      "seconds_left": 220.7258381843567,
      "min_spread": 0.010000000000000009
    },
    {
      "ts": "2026-06-20T19:41:19.668551Z",
      "slug": "sol-updown-5m-1781984400",
      "status": "skip_price_outside_band",
      "threshold": 0.58,
      "max_entry_price": 0.85,
      "clob_up_ask": 0.55,
      "clob_down_ask": 0.46,
      "seconds_left": 220.7258381843567
    },
    {
      "ts": "2026-06-20T19:41:22.148262Z",
      "slug": "sol-updown-5m-1781984400",
      "status": "heartbeat",
      "gamma_up": 0.515,
      "gamma_down": 0.485,
      "clob_up_ask": 0.55,
      "clob_down_ask": 0.46,
      "seconds_left": 218.183336019516,
      "min_spread": 0.010000000000000009
    },
    {
      "ts": "2026-06-20T19:41:22.148285Z",
      "slug": "sol-updown-5m-1781984400",
      "status": "skip_price_outside_band",
      "threshold": 0.58,
      "max_entry_price": 0.85,
      "clob_up_ask": 0.55,
      "clob_down_ask": 0.46,
      "seconds_left": 218.183336019516
    },
    {
      "ts": "2026-06-20T19:41:24.553122Z",
      "slug": "sol-updown-5m-1781984400",
      "status": "heartbeat",
      "gamma_up": 0.515,
      "gamma_down": 0.485,
      "clob_up_ask": 0.54,
      "clob_down_ask": 0.47,
      "seconds_left": 215.79223608970642,
      "min_spread": 0.009999999999999953
    },
    {
      "ts": "2026-06-20T19:41:24.553130Z",
      "slug": "sol-updown-5m-1781984400",
      "status": "skip_price_outside_band",
      "threshold": 0.58,
      "max_entry_price": 0.85,
      "clob_up_ask": 0.54,
      "clob_down_ask": 0.47,
      "seconds_left": 215.79223608970642
    },
    {
      "ts": "2026-06-20T19:41:27.008511Z",
      "slug": "sol-updown-5m-1781984400",
      "status": "heartbeat",
      "gamma_up": 0.515,
      "gamma_down": 0.485,
      "clob_up_ask": 0.54,
      "clob_down_ask": 0.47,
      "seconds_left": 213.3959197998047,
      "min_spread": 0.009999999999999953
    },
    {
      "ts": "2026-06-20T19:41:27.008529Z",
      "slug": "sol-updown-5m-1781984400",
      "status": "skip_price_outside_band",
      "threshold": 0.58,
      "max_entry_price": 0.85,
      "clob_up_ask": 0.54,
      "clob_down_ask": 0.47,
      "seconds_left": 213.3959197998047
    },
    {
      "ts": "2026-06-20T19:41:29.486301Z",
      "slug": "sol-updown-5m-1781984400",
      "status": "heartbeat",
      "gamma_up": 0.515,
      "gamma_down": 0.485,
      "clob_up_ask": 0.54,
      "clob_down_ask": 0.47,
      "seconds_left": 210.84910702705383,
      "min_spread": 0.009999999999999953
    },
    {
      "ts": "2026-06-20T19:41:29.486316Z",
      "slug": "sol-updown-5m-1781984400",
      "status": "skip_price_outside_band",
      "threshold": 0.58,
      "max_entry_price": 0.85,
      "clob_up_ask": 0.54,
      "clob_down_ask": 0.47,
      "seconds_left": 210.84910702705383
    },
    {
      "ts": "2026-06-20T19:41:31.893320Z",
      "slug": "sol-updown-5m-1781984400",
      "status": "heartbeat",
      "gamma_up": 0.515,
      "gamma_down": 0.485,
      "clob_up_ask": 0.54,
      "clob_down_ask": 0.47,
      "seconds_left": 208.45103096961975,
      "min_spread": 0.009999999999999953
    },
    {
      "ts": "2026-06-20T19:41:31.893347Z",
      "slug": "sol-updown-5m-1781984400",
      "status": "skip_price_outside_band",
      "threshold": 0.58,
      "max_entry_price": 0.85,
      "clob_up_ask": 0.54,
      "clob_down_ask": 0.47,
      "seconds_left": 208.45103096961975
    },
    {
      "ts": "2026-06-20T19:41:34.348650Z",
      "slug": "sol-updown-5m-1781984400",
      "status": "heartbeat",
      "gamma_up": 0.515,
      "gamma_down": 0.485,
      "clob_up_ask": 0.53,
      "clob_down_ask": 0.48,
      "seconds_left": 206.0390179157257,
      "min_spread": 0.010000000000000009
    },
    {
      "ts": "2026-06-20T19:41:34.348664Z",
      "slug": "sol-updown-5m-1781984400",
      "status": "skip_price_outside_band",
      "threshold": 0.58,
      "max_entry_price": 0.85,
      "clob_up_ask": 0.53,
      "clob_down_ask": 0.48,
      "seconds_left": 206.0390179157257
    },
    {
      "ts": "2026-06-20T19:41:36.815894Z",
      "slug": "sol-updown-5m-1781984400",
      "status": "heartbeat",
      "gamma_up": 0.515,
      "gamma_down": 0.485,
      "clob_up_ask": 0.53,
      "clob_down_ask": 0.48,
      "seconds_left": 203.51060700416565,
      "min_spread": 0.010000000000000009
    },
    {
      "ts": "2026-06-20T19:41:36.815925Z",
      "slug": "sol-updown-5m-1781984400",
      "status": "skip_price_outside_band",
      "threshold": 0.58,
      "max_entry_price": 0.85,
      "clob_up_ask": 0.53,
      "clob_down_ask": 0.48,
      "seconds_left": 203.51060700416565
    },
    {
      "ts": "2026-06-20T19:41:39.262129Z",
      "slug": "sol-updown-5m-1781984400",
      "status": "heartbeat",
      "gamma_up": 0.515,
      "gamma_down": 0.485,
      "clob_up_ask": 0.53,
      "clob_down_ask": 0.48,
      "seconds_left": 201.12113213539124,
      "min_spread": 0.010000000000000009
    },
    {
      "ts": "2026-06-20T19:41:39.262163Z",
      "slug": "sol-updown-5m-1781984400",
      "status": "skip_price_outside_band",
      "threshold": 0.58,
      "max_entry_price": 0.85,
      "clob_up_ask": 0.53,
      "clob_down_ask": 0.48,
      "seconds_left": 201.12113213539124
    },
    {
      "ts": "2026-06-20T19:41:41.688845Z",
      "slug": "sol-updown-5m-1781984400",
      "status": "heartbeat",
      "gamma_up": 0.515,
      "gamma_down": 0.485,
      "clob_up_ask": 0.53,
      "clob_down_ask": 0.47,
      "seconds_left": 198.68552494049072,
      "min_spread": 0.009999999999999953
    },
    {
      "ts": "2026-06-20T19:41:41.688888Z",
      "slug": "sol-updown-5m-1781984400",
      "status": "skip_price_outside_band",
      "threshold": 0.58,
      "max_entry_price": 0.85,
      "clob_up_ask": 0.53,
      "clob_down_ask": 0.47,
      "seconds_left": 198.68552494049072
    },
    {
      "ts": "2026-06-20T19:41:44.174608Z",
      "slug": "sol-updown-5m-1781984400",
      "status": "heartbeat",
      "gamma_up": 0.515,
      "gamma_down": 0.485,
      "clob_up_ask": 0.55,
      "clob_down_ask": 0.46,
      "seconds_left": 196.16311812400818,
      "min_spread": 0.010000000000000009
    },
    {
      "ts": "2026-06-20T19:41:44.174634Z",
      "slug": "sol-updown-5m-1781984400",
      "status": "skip_price_outside_band",
      "threshold": 0.58,
      "max_entry_price": 0.85,
      "clob_up_ask": 0.55,
      "clob_down_ask": 0.46,
      "seconds_left": 196.16311812400818
    },
    {
      "ts": "2026-06-20T19:41:46.582568Z",
      "slug": "sol-updown-5m-1781984400",
      "status": "heartbeat",
      "gamma_up": 0.515,
      "gamma_down": 0.485,
      "clob_up_ask": 0.55,
      "clob_down_ask": 0.46,
      "seconds_left": 193.7660632133484,
      "min_spread": 0.010000000000000009
    },
    {
      "ts": "2026-06-20T19:41:46.582595Z",
      "slug": "sol-updown-5m-1781984400",
      "status": "skip_price_outside_band",
      "threshold": 0.58,
      "max_entry_price": 0.85,
      "clob_up_ask": 0.55,
      "clob_down_ask": 0.46,
      "seconds_left": 193.7660632133484
    },
    {
      "ts": "2026-06-20T19:41:49.029669Z",
      "slug": "sol-updown-5m-1781984400",
      "status": "heartbeat",
      "gamma_up": 0.515,
      "gamma_down": 0.485,
      "clob_up_ask": 0.56,
      "clob_down_ask": 0.45,
      "seconds_left": 191.3538098335266,
      "min_spread": 0.010000000000000009
    },
    {
      "ts": "2026-06-20T19:41:49.029700Z",
      "slug": "sol-updown-5m-1781984400",
      "status": "skip_price_outside_band",
      "threshold": 0.58,
      "max_entry_price": 0.85,
      "clob_up_ask": 0.56,
      "clob_down_ask": 0.45,
      "seconds_left": 191.3538098335266
    },
    {
      "ts": "2026-06-20T19:41:51.511973Z",
      "slug": "sol-updown-5m-1781984400",
      "status": "heartbeat",
      "gamma_up": 0.515,
      "gamma_down": 0.485,
      "clob_up_ask": 0.56,
      "clob_down_ask": 0.45,
      "seconds_left": 188.833172082901,
      "min_spread": 0.010000000000000009
    },
    {
      "ts": "2026-06-20T19:41:51.511985Z",
      "slug": "sol-updown-5m-1781984400",
      "status": "skip_price_outside_band",
      "threshold": 0.58,
      "max_entry_price": 0.85,
      "clob_up_ask": 0.56,
      "clob_down_ask": 0.45,
      "seconds_left": 188.833172082901
    },
    {
      "ts": "2026-06-20T19:41:53.912515Z",
      "slug": "sol-updown-5m-1781984400",
      "status": "heartbeat",
      "gamma_up": 0.515,
      "gamma_down": 0.485,
      "clob_up_ask": 0.56,
      "clob_down_ask": 0.45,
      "seconds_left": 186.4295039176941,
      "min_spread": 0.010000000000000009
    },
    {
      "ts": "2026-06-20T19:41:53.912548Z",
      "slug": "sol-updown-5m-1781984400",
      "status": "skip_price_outside_band",
      "threshold": 0.58,
      "max_entry_price": 0.85,
      "clob_up_ask": 0.56,
      "clob_down_ask": 0.45,
      "seconds_left": 186.4295039176941
    },
    {
      "ts": "2026-06-20T19:41:56.368779Z",
      "slug": "sol-updown-5m-1781984400",
      "status": "heartbeat",
      "gamma_up": 0.515,
      "gamma_down": 0.485,
      "clob_up_ask": 0.56,
      "clob_down_ask": 0.45,
      "seconds_left": 184.03929495811462,
      "min_spread": 0.010000000000000009
    },
    {
      "ts": "2026-06-20T19:41:56.368792Z",
      "slug": "sol-updown-5m-1781984400",
      "status": "skip_price_outside_band",
      "threshold": 0.58,
      "max_entry_price": 0.85,
      "clob_up_ask": 0.56,
      "clob_down_ask": 0.45,
      "seconds_left": 184.03929495811462
    },
    {
      "ts": "2026-06-20T19:41:59.006323Z",
      "slug": "sol-updown-5m-1781984400",
      "status": "heartbeat",
      "gamma_up": 0.515,
      "gamma_down": 0.485,
      "clob_up_ask": 0.56,
      "clob_down_ask": 0.45,
      "seconds_left": 181.4844081401825,
      "min_spread": 0.010000000000000009
    },
    {
      "ts": "2026-06-20T19:41:59.006353Z",
      "slug": "sol-updown-5m-1781984400",
      "status": "skip_price_outside_band",
      "threshold": 0.58,
      "max_entry_price": 0.85,
      "clob_up_ask": 0.56,
      "clob_down_ask": 0.45,
      "seconds_left": 181.4844081401825
    },
    {
      "ts": "2026-06-20T19:42:01.453451Z",
      "slug": "sol-updown-5m-1781984400",
      "status": "heartbeat",
      "gamma_up": 0.515,
      "gamma_down": 0.485,
      "clob_up_ask": 0.6,
      "clob_down_ask": 0.41,
      "seconds_left": 178.8805320262909,
      "min_spread": 0.009999999999999953
    }
  ],
  "balance_errors": [],
  "open_raw": "{\"order_post_result\": {\"errorMsg\": \"\", \"orderID\": \"0xd3aec2a05a95664cfec4823c466eaf36c3cf27695d7d22dd2151d9cca2d90ebf\", \"takingAmount\": \"11.524097\", \"makingAmount\": \"6.929999\", \"status\": \"matched\", \"transactionsHashes\": [\"0xfcb8ccd995f21e59f264d00bfec2efb1106c35639bb44d6baacc95d19830d649\"], \"success\": true}, \"entry_price\": 0.6013485481769201, \"market_slug\": \"sol-updown-5m-1781984400\", \"token_id\": \"27649780025539036954016404904884862257689606353970553027906743655136873930738\", \"side\": \"UP\", \"best_bid\": 0.01, \"best_ask\": 0.99, \"price\": 0.99, \"size\": 7.0, \"budget_usd\": 7.51, \"min_order_size\": 5.0, \"neg_risk\": false, \"execute\": true}\n\n",
  "opened": {
    "opened_at": "2026-06-20T19:42:05.291587Z",
    "market_slug": "sol-updown-5m-1781984400",
    "market_end_iso": "2026-06-20T19:45:00Z",
    "side": "UP",
    "token_id": "27649780025539036954016404904884862257689606353970553027906743655136873930738",
    "entry_price": 0.6181290386569985,
    "shares": 11.524097,
    "shares_requested": 11.524097,
    "cost_usdc": 7.123379,
    "cost_requested_usdc": 6.929999,
    "ctf_balance_after_open": 11.524097,
    "pusd_balance_after_open": 18.907664,
    "settle_wait_sec": 1.59,
    "balance_unconfirmed": false,
    "open_order_id": "0xd3aec2a05a95664cfec4823c466eaf36c3cf27695d7d22dd2151d9cca2d90ebf",
    "open_tx": "0xfcb8ccd995f21e59f264d00bfec2efb1106c35639bb44d6baacc95d19830d649"
  },
  "stop_loss_price": null,
  "close_debug": [
    {
      "ts": "2026-06-20T19:45:30.670200Z",
      "mode": "hold_to_settlement",
      "redeem_wait_sec": 28.86,
      "ctf_remaining": 0.0
    }
  ],
  "closed": {
    "close_reason": "held_to_settlement",
    "closed_at": "2026-06-20T19:45:30.670181Z",
    "close_success": true,
    "close_status": "redeemed",
    "close_order_id": null,
    "close_tx": null,
    "close_shares": 11.524097,
    "close_shares_requested": 11.524097,
    "close_usdc": 11.524097,
    "close_usdc_requested": 0.0,
    "ctf_remaining": 0.0,
    "pusd_balance_after_close": 30.431761,
    "position_closed_on_chain": true,
    "close_settle_wait_sec": 28.86,
    "close_skipped": ""
  },
  "realized_cashflow_pnl_usdc": 4.400718,
  "finished_at": "2026-06-20T19:45:30.670206Z",
  "result": "done"
}
