{
  "started_at": "2026-06-20T21:26:41.172442Z",
  "params": {
    "profile": "conservative",
    "threshold": 0.62,
    "max_entry_price": 0.75,
    "stake_usd": 5.0,
    "stop_loss_pct": 0.0,
    "exit_before_sec": 5,
    "min_entry_seconds_left": 60,
    "entry_timeout_min": 5,
    "poll_sec": 2.0,
    "close_retry_max": 30,
    "close_retry_delay_sec": 2.0,
    "execute": true
  },
  "attempts": [
    {
      "ts": "2026-06-20T21:26:41.662985Z",
      "slug": "btc-updown-5m-1781990700",
      "status": "heartbeat",
      "gamma_up": 0.495,
      "gamma_down": 0.505,
      "clob_up_ask": 0.31,
      "clob_down_ask": 0.7,
      "seconds_left": 198.7787058353424,
      "min_spread": 0.010000000000000009
    }
  ],
  "balance_errors": [],
  "open_raw": "{\"order_post_result\": {\"errorMsg\": \"\", \"orderID\": \"0x4f51368f24678ba28c51f8f60a08a87803abed7f09a355604c7d132bde337d77\", \"takingAmount\": \"7.071426\", \"makingAmount\": \"4.949998\", \"status\": \"matched\", \"transactionsHashes\": [\"0xf02900f9cfde9402da5851099c15edd418496efb7171e4fe6c816e72a38e2f68\"], \"success\": true}, \"entry_price\": 0.6999999717171614, \"market_slug\": \"btc-updown-5m-1781990700\", \"token_id\": \"18429899240407022077899802700806049995654462498930803376654694144496665614869\", \"side\": \"DOWN\", \"best_bid\": 0.01, \"best_ask\": 0.99, \"price\": 0.99, \"size\": 5.0, \"budget_usd\": 5.0, \"min_order_size\": 5.0, \"neg_risk\": false, \"execute\": true}\n\n",
  "opened": {
    "opened_at": "2026-06-20T21:26:45.302653Z",
    "market_slug": "btc-updown-5m-1781990700",
    "market_end_iso": "2026-06-20T21:30:00Z",
    "side": "DOWN",
    "token_id": "18429899240407022077899802700806049995654462498930803376654694144496665614869",
    "entry_price": 0.7146985629206896,
    "shares": 7.071426,
    "shares_requested": 7.071426,
    "cost_usdc": 5.053938,
    "cost_requested_usdc": 4.949998,
    "ctf_balance_after_open": 7.071426,
    "pusd_balance_after_open": 28.706122,
    "settle_wait_sec": 1.58,
    "balance_unconfirmed": false,
    "open_order_id": "0x4f51368f24678ba28c51f8f60a08a87803abed7f09a355604c7d132bde337d77",
    "open_tx": "0xf02900f9cfde9402da5851099c15edd418496efb7171e4fe6c816e72a38e2f68"
  },
  "stop_loss_price": null,
  "close_debug": [
    {
      "ts": "2026-06-20T21:30:02.010065Z",
      "mode": "hold_to_settlement",
      "redeem_wait_sec": 0.19,
      "ctf_remaining": 0.001426
    }
  ],
  "closed": {
    "close_reason": "held_to_settlement",
    "closed_at": "2026-06-20T21:30:02.010027Z",
    "close_success": true,
    "close_status": "redeemed",
    "close_order_id": null,
    "close_tx": null,
    "close_shares": 7.07,
    "close_shares_requested": 7.071426,
    "close_usdc": 4.99063,
    "close_usdc_requested": 0.0,
    "ctf_remaining": 0.001426,
    "pusd_balance_after_close": 33.696752,
    "position_closed_on_chain": true,
    "close_settle_wait_sec": 0.19,
    "close_skipped": ""
  },
  "realized_cashflow_pnl_usdc": -0.063308,
  "finished_at": "2026-06-20T21:30:02.010073Z",
  "result": "done"
}
