{
  "started_at": "2026-06-20T21:30:09.151349Z",
  "params": {
    "profile": "conservative",
    "threshold": 0.62,
    "max_entry_price": 0.75,
    "stake_usd": 5.0,
    "stop_loss_pct": 0.0,
    "exit_before_sec": 5,
    "min_entry_seconds_left": 60,
    "entry_timeout_min": 5,
    "poll_sec": 2.0,
    "close_retry_max": 30,
    "close_retry_delay_sec": 2.0,
    "execute": true
  },
  "attempts": [
    {
      "ts": "2026-06-20T21:30:09.612315Z",
      "slug": "eth-updown-5m-1781991000",
      "status": "heartbeat",
      "gamma_up": 0.505,
      "gamma_down": 0.495,
      "clob_up_ask": 0.6,
      "clob_down_ask": 0.41,
      "seconds_left": 290.80630707740784,
      "min_spread": 0.009999999999999953
    },
    {
      "ts": "2026-06-20T21:30:09.612343Z",
      "slug": "eth-updown-5m-1781991000",
      "status": "skip_price_outside_band",
      "threshold": 0.62,
      "max_entry_price": 0.75,
      "clob_up_ask": 0.6,
      "clob_down_ask": 0.41,
      "seconds_left": 290.80630707740784
    },
    {
      "ts": "2026-06-20T21:30:12.073315Z",
      "slug": "eth-updown-5m-1781991000",
      "status": "heartbeat",
      "gamma_up": 0.505,
      "gamma_down": 0.495,
      "clob_up_ask": 0.6,
      "clob_down_ask": 0.41,
      "seconds_left": 288.3414771556854,
      "min_spread": 0.010000000000000009
    },
    {
      "ts": "2026-06-20T21:30:12.073326Z",
      "slug": "eth-updown-5m-1781991000",
      "status": "skip_price_outside_band",
      "threshold": 0.62,
      "max_entry_price": 0.75,
      "clob_up_ask": 0.6,
      "clob_down_ask": 0.41,
      "seconds_left": 288.3414771556854
    },
    {
      "ts": "2026-06-20T21:30:14.525380Z",
      "slug": "eth-updown-5m-1781991000",
      "status": "heartbeat",
      "gamma_up": 0.505,
      "gamma_down": 0.495,
      "clob_up_ask": 0.6,
      "clob_down_ask": 0.41,
      "seconds_left": 285.8011751174927,
      "min_spread": 0.009999999999999953
    },
    {
      "ts": "2026-06-20T21:30:14.525398Z",
      "slug": "eth-updown-5m-1781991000",
      "status": "skip_price_outside_band",
      "threshold": 0.62,
      "max_entry_price": 0.75,
      "clob_up_ask": 0.6,
      "clob_down_ask": 0.41,
      "seconds_left": 285.8011751174927
    },
    {
      "ts": "2026-06-20T21:30:16.994601Z",
      "slug": "eth-updown-5m-1781991000",
      "status": "heartbeat",
      "gamma_up": 0.505,
      "gamma_down": 0.495,
      "clob_up_ask": 0.61,
      "clob_down_ask": 0.4,
      "seconds_left": 283.42289090156555,
      "min_spread": 0.010000000000000009
    },
    {
      "ts": "2026-06-20T21:30:16.994610Z",
      "slug": "eth-updown-5m-1781991000",
      "status": "skip_price_outside_band",
      "threshold": 0.62,
      "max_entry_price": 0.75,
      "clob_up_ask": 0.61,
      "clob_down_ask": 0.4,
      "seconds_left": 283.42289090156555
    },
    {
      "ts": "2026-06-20T21:30:19.410090Z",
      "slug": "eth-updown-5m-1781991000",
      "status": "heartbeat",
      "gamma_up": 0.505,
      "gamma_down": 0.495,
      "clob_up_ask": 0.61,
      "clob_down_ask": 0.4,
      "seconds_left": 280.94029211997986,
      "min_spread": 0.010000000000000009
    },
    {
      "ts": "2026-06-20T21:30:19.410106Z",
      "slug": "eth-updown-5m-1781991000",
      "status": "skip_price_outside_band",
      "threshold": 0.62,
      "max_entry_price": 0.75,
      "clob_up_ask": 0.61,
      "clob_down_ask": 0.4,
      "seconds_left": 280.94029211997986
    },
    {
      "ts": "2026-06-20T21:30:21.884929Z",
      "slug": "eth-updown-5m-1781991000",
      "status": "heartbeat",
      "gamma_up": 0.505,
      "gamma_down": 0.495,
      "clob_up_ask": 0.61,
      "clob_down_ask": 0.4,
      "seconds_left": 278.43829703330994,
      "min_spread": 0.010000000000000009
    },
    {
      "ts": "2026-06-20T21:30:21.884960Z",
      "slug": "eth-updown-5m-1781991000",
      "status": "skip_price_outside_band",
      "threshold": 0.62,
      "max_entry_price": 0.75,
      "clob_up_ask": 0.61,
      "clob_down_ask": 0.4,
      "seconds_left": 278.43829703330994
    },
    {
      "ts": "2026-06-20T21:30:24.297834Z",
      "slug": "eth-updown-5m-1781991000",
      "status": "heartbeat",
      "gamma_up": 0.505,
      "gamma_down": 0.495,
      "clob_up_ask": 0.61,
      "clob_down_ask": 0.4,
      "seconds_left": 276.04819202423096,
      "min_spread": 0.010000000000000009
    },
    {
      "ts": "2026-06-20T21:30:24.297852Z",
      "slug": "eth-updown-5m-1781991000",
      "status": "skip_price_outside_band",
      "threshold": 0.62,
      "max_entry_price": 0.75,
      "clob_up_ask": 0.61,
      "clob_down_ask": 0.4,
      "seconds_left": 276.04819202423096
    },
    {
      "ts": "2026-06-20T21:30:26.753114Z",
      "slug": "eth-updown-5m-1781991000",
      "status": "heartbeat",
      "gamma_up": 0.505,
      "gamma_down": 0.495,
      "clob_up_ask": 0.63,
      "clob_down_ask": 0.38,
      "seconds_left": 273.6379408836365,
      "min_spread": 0.010000000000000009
    }
  ],
  "balance_errors": [],
  "open_raw": "{\"order_post_result\": {\"errorMsg\": \"\", \"orderID\": \"0x4f71c0ca7eab83c5a23de0d8b167c6024e2613f2eeb7ec23f4948bc77aad68a7\", \"takingAmount\": \"7.85714\", \"makingAmount\": \"4.949998\", \"status\": \"matched\", \"transactionsHashes\": [\"0x20d38b480dfb50e707e74bd249a8de8ea3723f884f52a29a08824b80e55c1f6f\"], \"success\": true}, \"entry_price\": 0.6299999745454452, \"market_slug\": \"eth-updown-5m-1781991000\", \"token_id\": \"78510137570247239244638386181854363474516408539760878369644071453577800518993\", \"side\": \"UP\", \"best_bid\": 0.01, \"best_ask\": 0.99, \"price\": 0.99, \"size\": 5.0, \"budget_usd\": 5.0, \"min_order_size\": 5.0, \"neg_risk\": false, \"execute\": true}\n\n",
  "opened": {
    "opened_at": "2026-06-20T21:30:30.423957Z",
    "market_slug": "eth-updown-5m-1781991000",
    "market_end_iso": "2026-06-20T21:35:00Z",
    "side": "UP",
    "token_id": "78510137570247239244638386181854363474516408539760878369644071453577800518993",
    "entry_price": 0.6463163441150342,
    "shares": 7.85714,
    "shares_requested": 7.85714,
    "cost_usdc": 5.078198,
    "cost_requested_usdc": 4.949998,
    "ctf_balance_after_open": 7.85714,
    "pusd_balance_after_open": 28.618554,
    "settle_wait_sec": 1.51,
    "balance_unconfirmed": false,
    "open_order_id": "0x4f71c0ca7eab83c5a23de0d8b167c6024e2613f2eeb7ec23f4948bc77aad68a7",
    "open_tx": "0x20d38b480dfb50e707e74bd249a8de8ea3723f884f52a29a08824b80e55c1f6f"
  },
  "stop_loss_price": null,
  "close_debug": [
    {
      "ts": "2026-06-20T21:35:32.183492Z",
      "mode": "hold_to_settlement",
      "redeem_wait_sec": 31.1,
      "ctf_remaining": 0.0
    }
  ],
  "closed": {
    "close_reason": "held_to_settlement",
    "closed_at": "2026-06-20T21:35:32.183462Z",
    "close_success": true,
    "close_status": "redeemed",
    "close_order_id": null,
    "close_tx": null,
    "close_shares": 7.85714,
    "close_shares_requested": 7.85714,
    "close_usdc": 7.85714,
    "close_usdc_requested": 0.0,
    "ctf_remaining": 0.0,
    "pusd_balance_after_close": 36.475694,
    "position_closed_on_chain": true,
    "close_settle_wait_sec": 31.1,
    "close_skipped": ""
  },
  "realized_cashflow_pnl_usdc": 2.778942,
  "finished_at": "2026-06-20T21:35:32.183505Z",
  "result": "done"
}
