{
  "started_at": "2026-06-20T21:55:38.381866Z",
  "params": {
    "profile": "conservative",
    "threshold": 0.62,
    "max_entry_price": 0.75,
    "stake_usd": 5.0,
    "stop_loss_pct": 0.0,
    "exit_before_sec": 5,
    "min_entry_seconds_left": 60,
    "entry_timeout_min": 5,
    "poll_sec": 2.0,
    "close_retry_max": 30,
    "close_retry_delay_sec": 2.0,
    "execute": true
  },
  "attempts": [
    {
      "ts": "2026-06-20T21:55:38.833712Z",
      "slug": "btc-updown-5m-1781992500",
      "status": "heartbeat",
      "gamma_up": 0.48,
      "gamma_down": 0.52,
      "clob_up_ask": 0.52,
      "clob_down_ask": 0.49,
      "seconds_left": 261.5767879486084,
      "min_spread": 0.010000000000000009
    },
    {
      "ts": "2026-06-20T21:55:38.833734Z",
      "slug": "btc-updown-5m-1781992500",
      "status": "skip_price_outside_band",
      "threshold": 0.62,
      "max_entry_price": 0.75,
      "clob_up_ask": 0.52,
      "clob_down_ask": 0.49,
      "seconds_left": 261.5767879486084
    },
    {
      "ts": "2026-06-20T21:55:41.311123Z",
      "slug": "btc-updown-5m-1781992500",
      "status": "heartbeat",
      "gamma_up": 0.48,
      "gamma_down": 0.52,
      "clob_up_ask": 0.52,
      "clob_down_ask": 0.49,
      "seconds_left": 259.02281188964844,
      "min_spread": 0.010000000000000009
    },
    {
      "ts": "2026-06-20T21:55:41.311153Z",
      "slug": "btc-updown-5m-1781992500",
      "status": "skip_price_outside_band",
      "threshold": 0.62,
      "max_entry_price": 0.75,
      "clob_up_ask": 0.52,
      "clob_down_ask": 0.49,
      "seconds_left": 259.02281188964844
    },
    {
      "ts": "2026-06-20T21:55:43.737009Z",
      "slug": "btc-updown-5m-1781992500",
      "status": "heartbeat",
      "gamma_up": 0.48,
      "gamma_down": 0.52,
      "clob_up_ask": 0.52,
      "clob_down_ask": 0.49,
      "seconds_left": 256.63403391838074,
      "min_spread": 0.010000000000000009
    },
    {
      "ts": "2026-06-20T21:55:43.737041Z",
      "slug": "btc-updown-5m-1781992500",
      "status": "skip_price_outside_band",
      "threshold": 0.62,
      "max_entry_price": 0.75,
      "clob_up_ask": 0.52,
      "clob_down_ask": 0.49,
      "seconds_left": 256.63403391838074
    },
    {
      "ts": "2026-06-20T21:55:46.169755Z",
      "slug": "btc-updown-5m-1781992500",
      "status": "heartbeat",
      "gamma_up": 0.48,
      "gamma_down": 0.52,
      "clob_up_ask": 0.53,
      "clob_down_ask": 0.48,
      "seconds_left": 254.21021795272827,
      "min_spread": 0.010000000000000009
    },
    {
      "ts": "2026-06-20T21:55:46.169773Z",
      "slug": "btc-updown-5m-1781992500",
      "status": "skip_price_outside_band",
      "threshold": 0.62,
      "max_entry_price": 0.75,
      "clob_up_ask": 0.53,
      "clob_down_ask": 0.48,
      "seconds_left": 254.21021795272827
    },
    {
      "ts": "2026-06-20T21:55:48.657918Z",
      "slug": "btc-updown-5m-1781992500",
      "status": "heartbeat",
      "gamma_up": 0.48,
      "gamma_down": 0.52,
      "clob_up_ask": 0.53,
      "clob_down_ask": 0.48,
      "seconds_left": 251.68924689292908,
      "min_spread": 0.010000000000000009
    },
    {
      "ts": "2026-06-20T21:55:48.657935Z",
      "slug": "btc-updown-5m-1781992500",
      "status": "skip_price_outside_band",
      "threshold": 0.62,
      "max_entry_price": 0.75,
      "clob_up_ask": 0.53,
      "clob_down_ask": 0.48,
      "seconds_left": 251.68924689292908
    },
    {
      "ts": "2026-06-20T21:55:51.049445Z",
      "slug": "btc-updown-5m-1781992500",
      "status": "heartbeat",
      "gamma_up": 0.48,
      "gamma_down": 0.52,
      "clob_up_ask": 0.52,
      "clob_down_ask": 0.49,
      "seconds_left": 249.2930030822754,
      "min_spread": 0.010000000000000009
    },
    {
      "ts": "2026-06-20T21:55:51.049458Z",
      "slug": "btc-updown-5m-1781992500",
      "status": "skip_price_outside_band",
      "threshold": 0.62,
      "max_entry_price": 0.75,
      "clob_up_ask": 0.52,
      "clob_down_ask": 0.49,
      "seconds_left": 249.2930030822754
    },
    {
      "ts": "2026-06-20T21:55:53.554358Z",
      "slug": "btc-updown-5m-1781992500",
      "status": "heartbeat",
      "gamma_up": 0.48,
      "gamma_down": 0.52,
      "clob_up_ask": 0.52,
      "clob_down_ask": 0.49,
      "seconds_left": 246.8830771446228,
      "min_spread": 0.010000000000000009
    },
    {
      "ts": "2026-06-20T21:55:53.554400Z",
      "slug": "btc-updown-5m-1781992500",
      "status": "skip_price_outside_band",
      "threshold": 0.62,
      "max_entry_price": 0.75,
      "clob_up_ask": 0.52,
      "clob_down_ask": 0.49,
      "seconds_left": 246.8830771446228
    },
    {
      "ts": "2026-06-20T21:55:55.981613Z",
      "slug": "btc-updown-5m-1781992500",
      "status": "heartbeat",
      "gamma_up": 0.48,
      "gamma_down": 0.52,
      "clob_up_ask": 0.52,
      "clob_down_ask": 0.49,
      "seconds_left": 244.34730195999146,
      "min_spread": 0.010000000000000009
    },
    {
      "ts": "2026-06-20T21:55:55.981637Z",
      "slug": "btc-updown-5m-1781992500",
      "status": "skip_price_outside_band",
      "threshold": 0.62,
      "max_entry_price": 0.75,
      "clob_up_ask": 0.52,
      "clob_down_ask": 0.49,
      "seconds_left": 244.34730195999146
    },
    {
      "ts": "2026-06-20T21:55:58.407464Z",
      "slug": "btc-updown-5m-1781992500",
      "status": "heartbeat",
      "gamma_up": 0.48,
      "gamma_down": 0.52,
      "clob_up_ask": 0.52,
      "clob_down_ask": 0.49,
      "seconds_left": 241.9756200313568,
      "min_spread": 0.010000000000000009
    },
    {
      "ts": "2026-06-20T21:55:58.407472Z",
      "slug": "btc-updown-5m-1781992500",
      "status": "skip_price_outside_band",
      "threshold": 0.62,
      "max_entry_price": 0.75,
      "clob_up_ask": 0.52,
      "clob_down_ask": 0.49,
      "seconds_left": 241.9756200313568
    },
    {
      "ts": "2026-06-20T21:56:00.848994Z",
      "slug": "btc-updown-5m-1781992500",
      "status": "heartbeat",
      "gamma_up": 0.48,
      "gamma_down": 0.52,
      "clob_up_ask": 0.52,
      "clob_down_ask": 0.49,
      "seconds_left": 239.5333170890808,
      "min_spread": 0.010000000000000009
    },
    {
      "ts": "2026-06-20T21:56:00.849008Z",
      "slug": "btc-updown-5m-1781992500",
      "status": "skip_price_outside_band",
      "threshold": 0.62,
      "max_entry_price": 0.75,
      "clob_up_ask": 0.52,
      "clob_down_ask": 0.49,
      "seconds_left": 239.5333170890808
    },
    {
      "ts": "2026-06-20T21:56:03.338625Z",
      "slug": "btc-updown-5m-1781992500",
      "status": "heartbeat",
      "gamma_up": 0.48,
      "gamma_down": 0.52,
      "clob_up_ask": 0.51,
      "clob_down_ask": 0.5,
      "seconds_left": 237.00277090072632,
      "min_spread": 0.010000000000000009
    },
    {
      "ts": "2026-06-20T21:56:03.338658Z",
      "slug": "btc-updown-5m-1781992500",
      "status": "skip_price_outside_band",
      "threshold": 0.62,
      "max_entry_price": 0.75,
      "clob_up_ask": 0.51,
      "clob_down_ask": 0.5,
      "seconds_left": 237.00277090072632
    },
    {
      "ts": "2026-06-20T21:56:05.745802Z",
      "slug": "btc-updown-5m-1781992500",
      "status": "heartbeat",
      "gamma_up": 0.48,
      "gamma_down": 0.52,
      "clob_up_ask": 0.52,
      "clob_down_ask": 0.5,
      "seconds_left": 234.60340094566345,
      "min_spread": 0.010000000000000009
    },
    {
      "ts": "2026-06-20T21:56:05.745827Z",
      "slug": "btc-updown-5m-1781992500",
      "status": "skip_price_outside_band",
      "threshold": 0.62,
      "max_entry_price": 0.75,
      "clob_up_ask": 0.52,
      "clob_down_ask": 0.5,
      "seconds_left": 234.60340094566345
    },
    {
      "ts": "2026-06-20T21:56:08.189443Z",
      "slug": "btc-updown-5m-1781992500",
      "status": "heartbeat",
      "gamma_up": 0.48,
      "gamma_down": 0.52,
      "clob_up_ask": 0.52,
      "clob_down_ask": 0.49,
      "seconds_left": 232.19855999946594,
      "min_spread": 0.010000000000000009
    },
    {
      "ts": "2026-06-20T21:56:08.189454Z",
      "slug": "btc-updown-5m-1781992500",
      "status": "skip_price_outside_band",
      "threshold": 0.62,
      "max_entry_price": 0.75,
      "clob_up_ask": 0.52,
      "clob_down_ask": 0.49,
      "seconds_left": 232.19855999946594
    },
    {
      "ts": "2026-06-20T21:56:10.666413Z",
      "slug": "btc-updown-5m-1781992500",
      "status": "heartbeat",
      "gamma_up": 0.48,
      "gamma_down": 0.52,
      "clob_up_ask": 0.41,
      "clob_down_ask": 0.6,
      "seconds_left": 229.67176294326782,
      "min_spread": 0.009999999999999953
    },
    {
      "ts": "2026-06-20T21:56:10.666428Z",
      "slug": "btc-updown-5m-1781992500",
      "status": "skip_price_outside_band",
      "threshold": 0.62,
      "max_entry_price": 0.75,
      "clob_up_ask": 0.41,
      "clob_down_ask": 0.6,
      "seconds_left": 229.67176294326782
    },
    {
      "ts": "2026-06-20T21:56:13.080281Z",
      "slug": "btc-updown-5m-1781992500",
      "status": "heartbeat",
      "gamma_up": 0.48,
      "gamma_down": 0.52,
      "clob_up_ask": 0.42,
      "clob_down_ask": 0.59,
      "seconds_left": 227.27341604232788,
      "min_spread": 0.010000000000000009
    },
    {
      "ts": "2026-06-20T21:56:13.080319Z",
      "slug": "btc-updown-5m-1781992500",
      "status": "skip_price_outside_band",
      "threshold": 0.62,
      "max_entry_price": 0.75,
      "clob_up_ask": 0.42,
      "clob_down_ask": 0.59,
      "seconds_left": 227.27341604232788
    },
    {
      "ts": "2026-06-20T21:56:15.531290Z",
      "slug": "btc-updown-5m-1781992500",
      "status": "heartbeat",
      "gamma_up": 0.48,
      "gamma_down": 0.52,
      "clob_up_ask": 0.43,
      "clob_down_ask": 0.58,
      "seconds_left": 224.85401391983032,
      "min_spread": 0.010000000000000009
    },
    {
      "ts": "2026-06-20T21:56:15.531946Z",
      "slug": "btc-updown-5m-1781992500",
      "status": "skip_price_outside_band",
      "threshold": 0.62,
      "max_entry_price": 0.75,
      "clob_up_ask": 0.43,
      "clob_down_ask": 0.58,
      "seconds_left": 224.85401391983032
    },
    {
      "ts": "2026-06-20T21:56:17.993731Z",
      "slug": "btc-updown-5m-1781992500",
      "status": "heartbeat",
      "gamma_up": 0.48,
      "gamma_down": 0.52,
      "clob_up_ask": 0.43,
      "clob_down_ask": 0.58,
      "seconds_left": 222.33527898788452,
      "min_spread": 0.010000000000000009
    },
    {
      "ts": "2026-06-20T21:56:17.993745Z",
      "slug": "btc-updown-5m-1781992500",
      "status": "skip_price_outside_band",
      "threshold": 0.62,
      "max_entry_price": 0.75,
      "clob_up_ask": 0.43,
      "clob_down_ask": 0.58,
      "seconds_left": 222.33527898788452
    },
    {
      "ts": "2026-06-20T21:56:20.415455Z",
      "slug": "btc-updown-5m-1781992500",
      "status": "heartbeat",
      "gamma_up": 0.48,
      "gamma_down": 0.52,
      "clob_up_ask": 0.41,
      "clob_down_ask": 0.6,
      "seconds_left": 219.95118117332458,
      "min_spread": 0.009999999999999953
    },
    {
      "ts": "2026-06-20T21:56:20.415465Z",
      "slug": "btc-updown-5m-1781992500",
      "status": "skip_price_outside_band",
      "threshold": 0.62,
      "max_entry_price": 0.75,
      "clob_up_ask": 0.41,
      "clob_down_ask": 0.6,
      "seconds_left": 219.95118117332458
    },
    {
      "ts": "2026-06-20T21:56:22.868909Z",
      "slug": "btc-updown-5m-1781992500",
      "status": "heartbeat",
      "gamma_up": 0.48,
      "gamma_down": 0.52,
      "clob_up_ask": 0.38,
      "clob_down_ask": 0.63,
      "seconds_left": 217.5279049873352,
      "min_spread": 0.010000000000000009
    }
  ],
  "balance_errors": [],
  "open_raw": "{\"order_post_result\": {\"errorMsg\": \"\", \"orderID\": \"0x8e044aa715ed8614b43fc252359f9dacb8af29e87bb865d507adcfd9e4d378c3\", \"takingAmount\": \"7.85714\", \"makingAmount\": \"4.949998\", \"status\": \"matched\", \"transactionsHashes\": [\"0x5ac8fe1252c799ccd867b714b3f2f7332e392e774f1c2fd1d0f30a1ba2e06c71\"], \"success\": true}, \"entry_price\": 0.6299999745454452, \"market_slug\": \"btc-updown-5m-1781992500\", \"token_id\": \"73280386036594786945496819019323503266529110941530242897109690976792618261939\", \"side\": \"DOWN\", \"best_bid\": 0.01, \"best_ask\": 0.99, \"price\": 0.99, \"size\": 5.0, \"budget_usd\": 5.0, \"min_order_size\": 5.0, \"neg_risk\": false, \"execute\": true}\n\n",
  "opened": {
    "opened_at": "2026-06-20T21:56:26.340829Z",
    "market_slug": "btc-updown-5m-1781992500",
    "market_end_iso": "2026-06-20T22:00:00Z",
    "side": "DOWN",
    "token_id": "73280386036594786945496819019323503266529110941530242897109690976792618261939",
    "entry_price": 0.6463163441150342,
    "shares": 7.85714,
    "shares_requested": 7.85714,
    "cost_usdc": 5.078198,
    "cost_requested_usdc": 4.949998,
    "ctf_balance_after_open": 7.85714,
    "pusd_balance_after_open": 33.741763,
    "settle_wait_sec": 1.61,
    "balance_unconfirmed": false,
    "open_order_id": "0x8e044aa715ed8614b43fc252359f9dacb8af29e87bb865d507adcfd9e4d378c3",
    "open_tx": "0x5ac8fe1252c799ccd867b714b3f2f7332e392e774f1c2fd1d0f30a1ba2e06c71"
  },
  "stop_loss_price": null,
  "close_debug": [
    {
      "ts": "2026-06-20T22:00:34.523168Z",
      "mode": "hold_to_settlement",
      "redeem_wait_sec": 33.52,
      "ctf_remaining": 0.0
    }
  ],
  "closed": {
    "close_reason": "held_to_settlement",
    "closed_at": "2026-06-20T22:00:34.523143Z",
    "close_success": true,
    "close_status": "redeemed",
    "close_order_id": null,
    "close_tx": null,
    "close_shares": 7.85714,
    "close_shares_requested": 7.85714,
    "close_usdc": 7.85714,
    "close_usdc_requested": 0.0,
    "ctf_remaining": 0.0,
    "pusd_balance_after_close": 41.598903,
    "position_closed_on_chain": true,
    "close_settle_wait_sec": 33.52,
    "close_skipped": ""
  },
  "realized_cashflow_pnl_usdc": 2.778942,
  "finished_at": "2026-06-20T22:00:34.523173Z",
  "result": "done"
}
