{
  "started_at": "2026-06-20T19:13:23.330502Z",
  "params": {
    "profile": "conservative",
    "threshold": 0.58,
    "max_entry_price": 0.85,
    "stake_usd": 5.0,
    "stop_loss_pct": 0.0,
    "exit_before_sec": 5,
    "min_entry_seconds_left": 60,
    "entry_timeout_min": 5,
    "poll_sec": 2.0,
    "close_retry_max": 30,
    "close_retry_delay_sec": 2.0,
    "execute": true
  },
  "attempts": [
    {
      "ts": "2026-06-20T19:13:23.730106Z",
      "slug": "btc-updown-5m-1781982600",
      "status": "heartbeat",
      "gamma_up": 0.505,
      "gamma_down": 0.495,
      "clob_up_ask": 0.49,
      "clob_down_ask": 0.52,
      "seconds_left": 96.62582921981812,
      "min_spread": 0.010000000000000009
    },
    {
      "ts": "2026-06-20T19:13:23.730120Z",
      "slug": "btc-updown-5m-1781982600",
      "status": "skip_price_outside_band",
      "threshold": 0.58,
      "max_entry_price": 0.85,
      "clob_up_ask": 0.49,
      "clob_down_ask": 0.52,
      "seconds_left": 96.62582921981812
    },
    {
      "ts": "2026-06-20T19:13:26.127624Z",
      "slug": "btc-updown-5m-1781982600",
      "status": "heartbeat",
      "gamma_up": 0.505,
      "gamma_down": 0.495,
      "clob_up_ask": 0.48,
      "clob_down_ask": 0.53,
      "seconds_left": 94.2094349861145,
      "min_spread": 0.010000000000000009
    },
    {
      "ts": "2026-06-20T19:13:26.127639Z",
      "slug": "btc-updown-5m-1781982600",
      "status": "skip_price_outside_band",
      "threshold": 0.58,
      "max_entry_price": 0.85,
      "clob_up_ask": 0.48,
      "clob_down_ask": 0.53,
      "seconds_left": 94.2094349861145
    },
    {
      "ts": "2026-06-20T19:13:28.601315Z",
      "slug": "btc-updown-5m-1781982600",
      "status": "heartbeat",
      "gamma_up": 0.505,
      "gamma_down": 0.495,
      "clob_up_ask": 0.4,
      "clob_down_ask": 0.61,
      "seconds_left": 91.73570990562439,
      "min_spread": 0.010000000000000009
    }
  ],
  "balance_errors": [],
  "open_raw": "{\"order_post_result\": {\"errorMsg\": \"\", \"orderID\": \"0x6c56189f9e6ed12dbabc69dc65ce916d95e8208d579090b3f692def5fde02d93\", \"takingAmount\": \"8.114753\", \"makingAmount\": \"4.949999\", \"status\": \"matched\", \"transactionsHashes\": [\"0xd821ffd1a1aa56ae6e75e833ba21a9fc47f11472af0c24aab4255b1fc10d1236\"], \"success\": true}, \"entry_price\": 0.6099999593333278, \"market_slug\": \"btc-updown-5m-1781982600\", \"token_id\": \"37739969282595266106070576377795593430297087241872653275830780491797094878228\", \"side\": \"DOWN\", \"best_bid\": 0.01, \"best_ask\": 0.99, \"price\": 0.99, \"size\": 5.0, \"budget_usd\": 5.0, \"min_order_size\": 5.0, \"neg_risk\": false, \"execute\": true}\n\n",
  "opened": {
    "opened_at": "2026-06-20T19:13:32.081155Z",
    "market_slug": "btc-updown-5m-1781982600",
    "market_end_iso": "2026-06-20T19:15:00Z",
    "side": "DOWN",
    "token_id": "37739969282595266106070576377795593430297087241872653275830780491797094878228",
    "entry_price": 0.626652345425671,
    "shares": 8.114753,
    "shares_requested": 8.114753,
    "cost_usdc": 5.085129,
    "cost_requested_usdc": 4.949999,
    "ctf_balance_after_open": 16.364753,
    "pusd_balance_after_open": 21.459959,
    "settle_wait_sec": 1.53,
    "balance_unconfirmed": false,
    "open_order_id": "0x6c56189f9e6ed12dbabc69dc65ce916d95e8208d579090b3f692def5fde02d93",
    "open_tx": "0xd821ffd1a1aa56ae6e75e833ba21a9fc47f11472af0c24aab4255b1fc10d1236"
  },
  "stop_loss_price": null,
  "close_debug": [
    {
      "ts": "2026-06-20T19:16:31.193934Z",
      "mode": "hold_to_settlement",
      "redeem_wait_sec": 90.73,
      "ctf_remaining": 16.364753
    }
  ],
  "closed": {
    "close_reason": "held_to_settlement",
    "closed_at": "2026-06-20T19:16:31.193909Z",
    "close_success": false,
    "close_status": "worthless",
    "close_order_id": null,
    "close_tx": null,
    "close_shares": 0.0,
    "close_shares_requested": 8.114753,
    "close_usdc": 0.0,
    "close_usdc_requested": 0.0,
    "ctf_remaining": 16.364753,
    "pusd_balance_after_close": 21.459959,
    "position_closed_on_chain": false,
    "close_settle_wait_sec": 90.73,
    "close_skipped": ""
  },
  "realized_cashflow_pnl_usdc": -5.085129,
  "finished_at": "2026-06-20T19:16:31.193951Z",
  "result": "done"
}
