{
  "started_at": "2026-06-20T21:21:13.000971Z",
  "params": {
    "profile": "conservative",
    "threshold": 0.62,
    "max_entry_price": 0.75,
    "stake_usd": 5.0,
    "stop_loss_pct": 0.0,
    "exit_before_sec": 5,
    "min_entry_seconds_left": 60,
    "entry_timeout_min": 5,
    "poll_sec": 2.0,
    "close_retry_max": 30,
    "close_retry_delay_sec": 2.0,
    "execute": true
  },
  "attempts": [
    {
      "ts": "2026-06-20T21:21:13.464010Z",
      "slug": "doge-updown-5m-1781990400",
      "status": "heartbeat",
      "gamma_up": 0.5,
      "gamma_down": 0.5,
      "clob_up_ask": 0.54,
      "clob_down_ask": 0.52,
      "seconds_left": 226.86769199371338,
      "min_spread": 0.06
    },
    {
      "ts": "2026-06-20T21:21:13.464026Z",
      "slug": "doge-updown-5m-1781990400",
      "status": "skip_price_outside_band",
      "threshold": 0.62,
      "max_entry_price": 0.75,
      "clob_up_ask": 0.54,
      "clob_down_ask": 0.52,
      "seconds_left": 226.86769199371338
    },
    {
      "ts": "2026-06-20T21:21:15.905985Z",
      "slug": "doge-updown-5m-1781990400",
      "status": "heartbeat",
      "gamma_up": 0.5,
      "gamma_down": 0.5,
      "clob_up_ask": 0.55,
      "clob_down_ask": 0.53,
      "seconds_left": 224.47075605392456,
      "min_spread": 0.07000000000000006
    },
    {
      "ts": "2026-06-20T21:21:15.906008Z",
      "slug": "doge-updown-5m-1781990400",
      "status": "skip_price_outside_band",
      "threshold": 0.62,
      "max_entry_price": 0.75,
      "clob_up_ask": 0.55,
      "clob_down_ask": 0.53,
      "seconds_left": 224.47075605392456
    },
    {
      "ts": "2026-06-20T21:21:18.354785Z",
      "slug": "doge-updown-5m-1781990400",
      "status": "heartbeat",
      "gamma_up": 0.5,
      "gamma_down": 0.5,
      "clob_up_ask": 0.55,
      "clob_down_ask": 0.54,
      "seconds_left": 222.04954600334167,
      "min_spread": 0.09000000000000002
    },
    {
      "ts": "2026-06-20T21:21:18.354798Z",
      "slug": "doge-updown-5m-1781990400",
      "status": "skip_price_outside_band",
      "threshold": 0.62,
      "max_entry_price": 0.75,
      "clob_up_ask": 0.55,
      "clob_down_ask": 0.54,
      "seconds_left": 222.04954600334167
    },
    {
      "ts": "2026-06-20T21:21:20.825859Z",
      "slug": "doge-updown-5m-1781990400",
      "status": "heartbeat",
      "gamma_up": 0.5,
      "gamma_down": 0.5,
      "clob_up_ask": 0.55,
      "clob_down_ask": 0.54,
      "seconds_left": 219.50038695335388,
      "min_spread": 0.09000000000000002
    },
    {
      "ts": "2026-06-20T21:21:20.825868Z",
      "slug": "doge-updown-5m-1781990400",
      "status": "skip_price_outside_band",
      "threshold": 0.62,
      "max_entry_price": 0.75,
      "clob_up_ask": 0.55,
      "clob_down_ask": 0.54,
      "seconds_left": 219.50038695335388
    },
    {
      "ts": "2026-06-20T21:21:23.239102Z",
      "slug": "doge-updown-5m-1781990400",
      "status": "heartbeat",
      "gamma_up": 0.5,
      "gamma_down": 0.5,
      "clob_up_ask": 0.55,
      "clob_down_ask": 0.54,
      "seconds_left": 217.11744689941406,
      "min_spread": 0.09000000000000002
    },
    {
      "ts": "2026-06-20T21:21:23.239122Z",
      "slug": "doge-updown-5m-1781990400",
      "status": "skip_price_outside_band",
      "threshold": 0.62,
      "max_entry_price": 0.75,
      "clob_up_ask": 0.55,
      "clob_down_ask": 0.54,
      "seconds_left": 217.11744689941406
    },
    {
      "ts": "2026-06-20T21:21:25.695990Z",
      "slug": "doge-updown-5m-1781990400",
      "status": "heartbeat",
      "gamma_up": 0.5,
      "gamma_down": 0.5,
      "clob_up_ask": 0.56,
      "clob_down_ask": 0.55,
      "seconds_left": 214.6965320110321,
      "min_spread": 0.11000000000000004
    },
    {
      "ts": "2026-06-20T21:21:25.696014Z",
      "slug": "doge-updown-5m-1781990400",
      "status": "skip_price_outside_band",
      "threshold": 0.62,
      "max_entry_price": 0.75,
      "clob_up_ask": 0.56,
      "clob_down_ask": 0.55,
      "seconds_left": 214.6965320110321
    },
    {
      "ts": "2026-06-20T21:21:28.156591Z",
      "slug": "doge-updown-5m-1781990400",
      "status": "heartbeat",
      "gamma_up": 0.5,
      "gamma_down": 0.5,
      "clob_up_ask": 0.56,
      "clob_down_ask": 0.5,
      "seconds_left": 212.17754793167114,
      "min_spread": 0.06
    },
    {
      "ts": "2026-06-20T21:21:28.156606Z",
      "slug": "doge-updown-5m-1781990400",
      "status": "skip_price_outside_band",
      "threshold": 0.62,
      "max_entry_price": 0.75,
      "clob_up_ask": 0.56,
      "clob_down_ask": 0.5,
      "seconds_left": 212.17754793167114
    },
    {
      "ts": "2026-06-20T21:21:30.582252Z",
      "slug": "doge-updown-5m-1781990400",
      "status": "heartbeat",
      "gamma_up": 0.5,
      "gamma_down": 0.5,
      "clob_up_ask": 0.56,
      "clob_down_ask": 0.61,
      "seconds_left": 209.7790331840515,
      "min_spread": 0.16999999999999998
    },
    {
      "ts": "2026-06-20T21:21:30.582285Z",
      "slug": "doge-updown-5m-1781990400",
      "status": "skip_price_outside_band",
      "threshold": 0.62,
      "max_entry_price": 0.75,
      "clob_up_ask": 0.56,
      "clob_down_ask": 0.61,
      "seconds_left": 209.7790331840515
    },
    {
      "ts": "2026-06-20T21:21:33.036391Z",
      "slug": "doge-updown-5m-1781990400",
      "status": "heartbeat",
      "gamma_up": 0.5,
      "gamma_down": 0.5,
      "clob_up_ask": 0.56,
      "clob_down_ask": 0.55,
      "seconds_left": 207.36113500595093,
      "min_spread": 0.11000000000000004
    },
    {
      "ts": "2026-06-20T21:21:33.036411Z",
      "slug": "doge-updown-5m-1781990400",
      "status": "skip_price_outside_band",
      "threshold": 0.62,
      "max_entry_price": 0.75,
      "clob_up_ask": 0.56,
      "clob_down_ask": 0.55,
      "seconds_left": 207.36113500595093
    },
    {
      "ts": "2026-06-20T21:21:35.500206Z",
      "slug": "doge-updown-5m-1781990400",
      "status": "heartbeat",
      "gamma_up": 0.5,
      "gamma_down": 0.5,
      "clob_up_ask": 0.57,
      "clob_down_ask": 0.49,
      "seconds_left": 204.8318431377411,
      "min_spread": 0.05999999999999994
    },
    {
      "ts": "2026-06-20T21:21:35.500230Z",
      "slug": "doge-updown-5m-1781990400",
      "status": "skip_price_outside_band",
      "threshold": 0.62,
      "max_entry_price": 0.75,
      "clob_up_ask": 0.57,
      "clob_down_ask": 0.49,
      "seconds_left": 204.8318431377411
    },
    {
      "ts": "2026-06-20T21:21:37.922080Z",
      "slug": "doge-updown-5m-1781990400",
      "status": "heartbeat",
      "gamma_up": 0.5,
      "gamma_down": 0.5,
      "clob_up_ask": 0.57,
      "clob_down_ask": 0.49,
      "seconds_left": 202.45790314674377,
      "min_spread": 0.05999999999999994
    },
    {
      "ts": "2026-06-20T21:21:37.922115Z",
      "slug": "doge-updown-5m-1781990400",
      "status": "skip_price_outside_band",
      "threshold": 0.62,
      "max_entry_price": 0.75,
      "clob_up_ask": 0.57,
      "clob_down_ask": 0.49,
      "seconds_left": 202.45790314674377
    },
    {
      "ts": "2026-06-20T21:21:40.375981Z",
      "slug": "doge-updown-5m-1781990400",
      "status": "heartbeat",
      "gamma_up": 0.5,
      "gamma_down": 0.5,
      "clob_up_ask": 0.53,
      "clob_down_ask": 0.55,
      "seconds_left": 200.02439403533936,
      "min_spread": 0.08000000000000007
    },
    {
      "ts": "2026-06-20T21:21:40.376006Z",
      "slug": "doge-updown-5m-1781990400",
      "status": "skip_price_outside_band",
      "threshold": 0.62,
      "max_entry_price": 0.75,
      "clob_up_ask": 0.53,
      "clob_down_ask": 0.55,
      "seconds_left": 200.02439403533936
    },
    {
      "ts": "2026-06-20T21:21:42.845570Z",
      "slug": "doge-updown-5m-1781990400",
      "status": "heartbeat",
      "gamma_up": 0.5,
      "gamma_down": 0.5,
      "clob_up_ask": 0.53,
      "clob_down_ask": 0.56,
      "seconds_left": 197.48017621040344,
      "min_spread": 0.09000000000000002
    },
    {
      "ts": "2026-06-20T21:21:42.845586Z",
      "slug": "doge-updown-5m-1781990400",
      "status": "skip_price_outside_band",
      "threshold": 0.62,
      "max_entry_price": 0.75,
      "clob_up_ask": 0.53,
      "clob_down_ask": 0.56,
      "seconds_left": 197.48017621040344
    },
    {
      "ts": "2026-06-20T21:21:45.263920Z",
      "slug": "doge-updown-5m-1781990400",
      "status": "heartbeat",
      "gamma_up": 0.5,
      "gamma_down": 0.5,
      "clob_up_ask": 0.53,
      "clob_down_ask": 0.56,
      "seconds_left": 195.09602999687195,
      "min_spread": 0.09000000000000002
    },
    {
      "ts": "2026-06-20T21:21:45.263940Z",
      "slug": "doge-updown-5m-1781990400",
      "status": "skip_price_outside_band",
      "threshold": 0.62,
      "max_entry_price": 0.75,
      "clob_up_ask": 0.53,
      "clob_down_ask": 0.56,
      "seconds_left": 195.09602999687195
    },
    {
      "ts": "2026-06-20T21:21:47.714841Z",
      "slug": "doge-updown-5m-1781990400",
      "status": "heartbeat",
      "gamma_up": 0.5,
      "gamma_down": 0.5,
      "clob_up_ask": 0.53,
      "clob_down_ask": 0.56,
      "seconds_left": 192.68728184700012,
      "min_spread": 0.09000000000000002
    },
    {
      "ts": "2026-06-20T21:21:47.714861Z",
      "slug": "doge-updown-5m-1781990400",
      "status": "skip_price_outside_band",
      "threshold": 0.62,
      "max_entry_price": 0.75,
      "clob_up_ask": 0.53,
      "clob_down_ask": 0.56,
      "seconds_left": 192.68728184700012
    },
    {
      "ts": "2026-06-20T21:21:50.185547Z",
      "slug": "doge-updown-5m-1781990400",
      "status": "heartbeat",
      "gamma_up": 0.5,
      "gamma_down": 0.5,
      "clob_up_ask": 0.53,
      "clob_down_ask": 0.56,
      "seconds_left": 190.146635055542,
      "min_spread": 0.09000000000000002
    },
    {
      "ts": "2026-06-20T21:21:50.185559Z",
      "slug": "doge-updown-5m-1781990400",
      "status": "skip_price_outside_band",
      "threshold": 0.62,
      "max_entry_price": 0.75,
      "clob_up_ask": 0.53,
      "clob_down_ask": 0.56,
      "seconds_left": 190.146635055542
    },
    {
      "ts": "2026-06-20T21:21:52.597129Z",
      "slug": "doge-updown-5m-1781990400",
      "status": "heartbeat",
      "gamma_up": 0.5,
      "gamma_down": 0.5,
      "clob_up_ask": 0.53,
      "clob_down_ask": 0.55,
      "seconds_left": 187.7583348751068,
      "min_spread": 0.08000000000000002
    },
    {
      "ts": "2026-06-20T21:21:52.597149Z",
      "slug": "doge-updown-5m-1781990400",
      "status": "skip_price_outside_band",
      "threshold": 0.62,
      "max_entry_price": 0.75,
      "clob_up_ask": 0.53,
      "clob_down_ask": 0.55,
      "seconds_left": 187.7583348751068
    },
    {
      "ts": "2026-06-20T21:21:55.056057Z",
      "slug": "doge-updown-5m-1781990400",
      "status": "heartbeat",
      "gamma_up": 0.5,
      "gamma_down": 0.5,
      "clob_up_ask": 0.41,
      "clob_down_ask": 0.69,
      "seconds_left": 185.34330916404724,
      "min_spread": 0.09999999999999998
    }
  ],
  "balance_errors": [],
  "open_raw": "{\"order_post_result\": {\"errorMsg\": \"\", \"orderID\": \"0x1cc36f750f2b8b387c275d7e24b3a9d8573e394fb8d3d277f367cbbba9cb5d2e\", \"takingAmount\": \"7.173912\", \"makingAmount\": \"4.949999\", \"status\": \"matched\", \"transactionsHashes\": [\"0x9e2af1213b6efce18f3487f442cb72f552b250afc28d9f8c49a589522f792e00\"], \"success\": true}, \"entry_price\": 0.6899999609696913, \"market_slug\": \"doge-updown-5m-1781990400\", \"token_id\": \"87639334232942039285465746626907503451024000363232424021162081819665290709383\", \"side\": \"DOWN\", \"best_bid\": 0.01, \"best_ask\": 0.99, \"price\": 0.99, \"size\": 5.0, \"budget_usd\": 5.0, \"min_order_size\": 5.0, \"neg_risk\": false, \"execute\": true}\n\n",
  "opened": {
    "opened_at": "2026-06-20T21:21:58.725537Z",
    "market_slug": "doge-updown-5m-1781990400",
    "market_end_iso": "2026-06-20T21:25:00Z",
    "side": "DOWN",
    "token_id": "87639334232942039285465746626907503451024000363232424021162081819665290709383",
    "entry_price": 0.7049722661777842,
    "shares": 7.173912,
    "shares_requested": 7.173912,
    "cost_usdc": 5.057409,
    "cost_requested_usdc": 4.949999,
    "ctf_balance_after_open": 7.173912,
    "pusd_balance_after_open": 33.76006,
    "settle_wait_sec": 1.53,
    "balance_unconfirmed": false,
    "open_order_id": "0x1cc36f750f2b8b387c275d7e24b3a9d8573e394fb8d3d277f367cbbba9cb5d2e",
    "open_tx": "0x9e2af1213b6efce18f3487f442cb72f552b250afc28d9f8c49a589522f792e00"
  },
  "stop_loss_price": null,
  "close_debug": [
    {
      "ts": "2026-06-20T21:26:31.680719Z",
      "mode": "hold_to_settlement",
      "redeem_wait_sec": 90.41,
      "ctf_remaining": 7.173912
    }
  ],
  "closed": {
    "close_reason": "held_to_settlement",
    "closed_at": "2026-06-20T21:26:31.680693Z",
    "close_success": false,
    "close_status": "worthless",
    "close_order_id": null,
    "close_tx": null,
    "close_shares": 0.0,
    "close_shares_requested": 7.173912,
    "close_usdc": 0.0,
    "close_usdc_requested": 0.0,
    "ctf_remaining": 7.173912,
    "pusd_balance_after_close": 33.76006,
    "position_closed_on_chain": false,
    "close_settle_wait_sec": 90.41,
    "close_skipped": ""
  },
  "realized_cashflow_pnl_usdc": -5.057409,
  "finished_at": "2026-06-20T21:26:31.680727Z",
  "result": "done"
}
