{
  "started_at": "2026-06-20T21:05:43.967702Z",
  "params": {
    "profile": "conservative",
    "threshold": 0.62,
    "max_entry_price": 0.75,
    "stake_usd": 5.0,
    "stop_loss_pct": 0.0,
    "exit_before_sec": 5,
    "min_entry_seconds_left": 60,
    "entry_timeout_min": 5,
    "poll_sec": 2.0,
    "close_retry_max": 30,
    "close_retry_delay_sec": 2.0,
    "execute": true
  },
  "attempts": [
    {
      "ts": "2026-06-20T21:05:44.361491Z",
      "slug": "eth-updown-5m-1781989500",
      "status": "heartbeat",
      "gamma_up": 0.48,
      "gamma_down": 0.52,
      "clob_up_ask": 0.5,
      "clob_down_ask": 0.51,
      "seconds_left": 255.99348497390747,
      "min_spread": 0.010000000000000009
    },
    {
      "ts": "2026-06-20T21:05:44.361515Z",
      "slug": "eth-updown-5m-1781989500",
      "status": "skip_price_outside_band",
      "threshold": 0.62,
      "max_entry_price": 0.75,
      "clob_up_ask": 0.5,
      "clob_down_ask": 0.51,
      "seconds_left": 255.99348497390747
    },
    {
      "ts": "2026-06-20T21:05:46.755346Z",
      "slug": "eth-updown-5m-1781989500",
      "status": "heartbeat",
      "gamma_up": 0.48,
      "gamma_down": 0.52,
      "clob_up_ask": 0.5,
      "clob_down_ask": 0.51,
      "seconds_left": 253.57883286476135,
      "min_spread": 0.010000000000000009
    },
    {
      "ts": "2026-06-20T21:05:46.755394Z",
      "slug": "eth-updown-5m-1781989500",
      "status": "skip_price_outside_band",
      "threshold": 0.62,
      "max_entry_price": 0.75,
      "clob_up_ask": 0.5,
      "clob_down_ask": 0.51,
      "seconds_left": 253.57883286476135
    },
    {
      "ts": "2026-06-20T21:05:49.201073Z",
      "slug": "eth-updown-5m-1781989500",
      "status": "heartbeat",
      "gamma_up": 0.48,
      "gamma_down": 0.52,
      "clob_up_ask": 0.49,
      "clob_down_ask": 0.52,
      "seconds_left": 251.12499499320984,
      "min_spread": 0.010000000000000009
    },
    {
      "ts": "2026-06-20T21:05:49.201090Z",
      "slug": "eth-updown-5m-1781989500",
      "status": "skip_price_outside_band",
      "threshold": 0.62,
      "max_entry_price": 0.75,
      "clob_up_ask": 0.49,
      "clob_down_ask": 0.52,
      "seconds_left": 251.12499499320984
    },
    {
      "ts": "2026-06-20T21:05:51.648986Z",
      "slug": "eth-updown-5m-1781989500",
      "status": "heartbeat",
      "gamma_up": 0.48,
      "gamma_down": 0.52,
      "clob_up_ask": 0.48,
      "clob_down_ask": 0.53,
      "seconds_left": 248.74239897727966,
      "min_spread": 0.010000000000000009
    },
    {
      "ts": "2026-06-20T21:05:51.649011Z",
      "slug": "eth-updown-5m-1781989500",
      "status": "skip_price_outside_band",
      "threshold": 0.62,
      "max_entry_price": 0.75,
      "clob_up_ask": 0.48,
      "clob_down_ask": 0.53,
      "seconds_left": 248.74239897727966
    },
    {
      "ts": "2026-06-20T21:05:54.082351Z",
      "slug": "eth-updown-5m-1781989500",
      "status": "heartbeat",
      "gamma_up": 0.48,
      "gamma_down": 0.52,
      "clob_up_ask": 0.48,
      "clob_down_ask": 0.53,
      "seconds_left": 246.28055500984192,
      "min_spread": 0.010000000000000009
    },
    {
      "ts": "2026-06-20T21:05:54.082378Z",
      "slug": "eth-updown-5m-1781989500",
      "status": "skip_price_outside_band",
      "threshold": 0.62,
      "max_entry_price": 0.75,
      "clob_up_ask": 0.48,
      "clob_down_ask": 0.53,
      "seconds_left": 246.28055500984192
    },
    {
      "ts": "2026-06-20T21:05:56.549452Z",
      "slug": "eth-updown-5m-1781989500",
      "status": "heartbeat",
      "gamma_up": 0.48,
      "gamma_down": 0.52,
      "clob_up_ask": 0.48,
      "clob_down_ask": 0.53,
      "seconds_left": 243.78280401229858,
      "min_spread": 0.010000000000000009
    },
    {
      "ts": "2026-06-20T21:05:56.549463Z",
      "slug": "eth-updown-5m-1781989500",
      "status": "skip_price_outside_band",
      "threshold": 0.62,
      "max_entry_price": 0.75,
      "clob_up_ask": 0.48,
      "clob_down_ask": 0.53,
      "seconds_left": 243.78280401229858
    },
    {
      "ts": "2026-06-20T21:05:58.968478Z",
      "slug": "eth-updown-5m-1781989500",
      "status": "heartbeat",
      "gamma_up": 0.48,
      "gamma_down": 0.52,
      "clob_up_ask": 0.48,
      "clob_down_ask": 0.53,
      "seconds_left": 241.39141082763672,
      "min_spread": 0.010000000000000009
    },
    {
      "ts": "2026-06-20T21:05:58.968508Z",
      "slug": "eth-updown-5m-1781989500",
      "status": "skip_price_outside_band",
      "threshold": 0.62,
      "max_entry_price": 0.75,
      "clob_up_ask": 0.48,
      "clob_down_ask": 0.53,
      "seconds_left": 241.39141082763672
    },
    {
      "ts": "2026-06-20T21:06:01.434966Z",
      "slug": "eth-updown-5m-1781989500",
      "status": "heartbeat",
      "gamma_up": 0.48,
      "gamma_down": 0.52,
      "clob_up_ask": 0.48,
      "clob_down_ask": 0.53,
      "seconds_left": 238.98983192443848,
      "min_spread": 0.010000000000000009
    },
    {
      "ts": "2026-06-20T21:06:01.434982Z",
      "slug": "eth-updown-5m-1781989500",
      "status": "skip_price_outside_band",
      "threshold": 0.62,
      "max_entry_price": 0.75,
      "clob_up_ask": 0.48,
      "clob_down_ask": 0.53,
      "seconds_left": 238.98983192443848
    },
    {
      "ts": "2026-06-20T21:06:03.893673Z",
      "slug": "eth-updown-5m-1781989500",
      "status": "heartbeat",
      "gamma_up": 0.48,
      "gamma_down": 0.52,
      "clob_up_ask": 0.48,
      "clob_down_ask": 0.55,
      "seconds_left": 236.43137884140015,
      "min_spread": 0.010000000000000009
    },
    {
      "ts": "2026-06-20T21:06:03.893690Z",
      "slug": "eth-updown-5m-1781989500",
      "status": "skip_price_outside_band",
      "threshold": 0.62,
      "max_entry_price": 0.75,
      "clob_up_ask": 0.48,
      "clob_down_ask": 0.55,
      "seconds_left": 236.43137884140015
    },
    {
      "ts": "2026-06-20T21:06:06.310482Z",
      "slug": "eth-updown-5m-1781989500",
      "status": "heartbeat",
      "gamma_up": 0.48,
      "gamma_down": 0.52,
      "clob_up_ask": 0.46,
      "clob_down_ask": 0.55,
      "seconds_left": 234.05360507965088,
      "min_spread": 0.010000000000000009
    },
    {
      "ts": "2026-06-20T21:06:06.310499Z",
      "slug": "eth-updown-5m-1781989500",
      "status": "skip_price_outside_band",
      "threshold": 0.62,
      "max_entry_price": 0.75,
      "clob_up_ask": 0.46,
      "clob_down_ask": 0.55,
      "seconds_left": 234.05360507965088
    },
    {
      "ts": "2026-06-20T21:06:08.764198Z",
      "slug": "eth-updown-5m-1781989500",
      "status": "heartbeat",
      "gamma_up": 0.48,
      "gamma_down": 0.52,
      "clob_up_ask": 0.46,
      "clob_down_ask": 0.55,
      "seconds_left": 231.63022112846375,
      "min_spread": 0.010000000000000009
    },
    {
      "ts": "2026-06-20T21:06:08.764211Z",
      "slug": "eth-updown-5m-1781989500",
      "status": "skip_price_outside_band",
      "threshold": 0.62,
      "max_entry_price": 0.75,
      "clob_up_ask": 0.46,
      "clob_down_ask": 0.55,
      "seconds_left": 231.63022112846375
    },
    {
      "ts": "2026-06-20T21:06:11.233963Z",
      "slug": "eth-updown-5m-1781989500",
      "status": "heartbeat",
      "gamma_up": 0.48,
      "gamma_down": 0.52,
      "clob_up_ask": 0.45,
      "clob_down_ask": 0.56,
      "seconds_left": 229.10477900505066,
      "min_spread": 0.010000000000000009
    },
    {
      "ts": "2026-06-20T21:06:11.233981Z",
      "slug": "eth-updown-5m-1781989500",
      "status": "skip_price_outside_band",
      "threshold": 0.62,
      "max_entry_price": 0.75,
      "clob_up_ask": 0.45,
      "clob_down_ask": 0.56,
      "seconds_left": 229.10477900505066
    },
    {
      "ts": "2026-06-20T21:06:13.655725Z",
      "slug": "eth-updown-5m-1781989500",
      "status": "heartbeat",
      "gamma_up": 0.48,
      "gamma_down": 0.52,
      "clob_up_ask": 0.45,
      "clob_down_ask": 0.56,
      "seconds_left": 226.71664214134216,
      "min_spread": 0.010000000000000009
    },
    {
      "ts": "2026-06-20T21:06:13.655739Z",
      "slug": "eth-updown-5m-1781989500",
      "status": "skip_price_outside_band",
      "threshold": 0.62,
      "max_entry_price": 0.75,
      "clob_up_ask": 0.45,
      "clob_down_ask": 0.56,
      "seconds_left": 226.71664214134216
    },
    {
      "ts": "2026-06-20T21:06:16.101905Z",
      "slug": "eth-updown-5m-1781989500",
      "status": "heartbeat",
      "gamma_up": 0.48,
      "gamma_down": 0.52,
      "clob_up_ask": 0.44,
      "clob_down_ask": 0.57,
      "seconds_left": 224.2994589805603,
      "min_spread": 0.009999999999999898
    },
    {
      "ts": "2026-06-20T21:06:16.101921Z",
      "slug": "eth-updown-5m-1781989500",
      "status": "skip_price_outside_band",
      "threshold": 0.62,
      "max_entry_price": 0.75,
      "clob_up_ask": 0.44,
      "clob_down_ask": 0.57,
      "seconds_left": 224.2994589805603
    },
    {
      "ts": "2026-06-20T21:06:18.589025Z",
      "slug": "eth-updown-5m-1781989500",
      "status": "heartbeat",
      "gamma_up": 0.48,
      "gamma_down": 0.52,
      "clob_up_ask": 0.44,
      "clob_down_ask": 0.57,
      "seconds_left": 221.7633559703827,
      "min_spread": 0.009999999999999898
    },
    {
      "ts": "2026-06-20T21:06:18.589046Z",
      "slug": "eth-updown-5m-1781989500",
      "status": "skip_price_outside_band",
      "threshold": 0.62,
      "max_entry_price": 0.75,
      "clob_up_ask": 0.44,
      "clob_down_ask": 0.57,
      "seconds_left": 221.7633559703827
    },
    {
      "ts": "2026-06-20T21:06:20.984312Z",
      "slug": "eth-updown-5m-1781989500",
      "status": "heartbeat",
      "gamma_up": 0.48,
      "gamma_down": 0.52,
      "clob_up_ask": 0.44,
      "clob_down_ask": 0.57,
      "seconds_left": 219.36326813697815,
      "min_spread": 0.009999999999999898
    },
    {
      "ts": "2026-06-20T21:06:20.984328Z",
      "slug": "eth-updown-5m-1781989500",
      "status": "skip_price_outside_band",
      "threshold": 0.62,
      "max_entry_price": 0.75,
      "clob_up_ask": 0.44,
      "clob_down_ask": 0.57,
      "seconds_left": 219.36326813697815
    },
    {
      "ts": "2026-06-20T21:06:23.442356Z",
      "slug": "eth-updown-5m-1781989500",
      "status": "heartbeat",
      "gamma_up": 0.48,
      "gamma_down": 0.52,
      "clob_up_ask": 0.44,
      "clob_down_ask": 0.57,
      "seconds_left": 216.9610800743103,
      "min_spread": 0.009999999999999898
    },
    {
      "ts": "2026-06-20T21:06:23.442368Z",
      "slug": "eth-updown-5m-1781989500",
      "status": "skip_price_outside_band",
      "threshold": 0.62,
      "max_entry_price": 0.75,
      "clob_up_ask": 0.44,
      "clob_down_ask": 0.57,
      "seconds_left": 216.9610800743103
    },
    {
      "ts": "2026-06-20T21:06:25.917013Z",
      "slug": "eth-updown-5m-1781989500",
      "status": "heartbeat",
      "gamma_up": 0.48,
      "gamma_down": 0.52,
      "clob_up_ask": 0.38,
      "clob_down_ask": 0.63,
      "seconds_left": 214.4218008518219,
      "min_spread": 0.010000000000000009
    }
  ],
  "balance_errors": [],
  "open_raw": "{\"order_post_result\": {\"errorMsg\": \"\", \"orderID\": \"0xfe78d73bdaba5d60102ef4986edc9a21bea43f939f1976c5d5334c0a75b517a4\", \"takingAmount\": \"7.807074\", \"makingAmount\": \"4.949998\", \"status\": \"matched\", \"transactionsHashes\": [\"0xfb584829f107493abe6825b7e465beebbfc0088d86908f4bb1f88f387f5ebfb1\"], \"success\": true}, \"entry_price\": 0.6340401026043816, \"market_slug\": \"eth-updown-5m-1781989500\", \"token_id\": \"6978977681214568627244403868272787727489044570484805073934072321241190216114\", \"side\": \"DOWN\", \"best_bid\": 0.01, \"best_ask\": 0.99, \"price\": 0.99, \"size\": 5.0, \"budget_usd\": 5.0, \"min_order_size\": 5.0, \"neg_risk\": false, \"execute\": true}\n\n",
  "opened": {
    "opened_at": "2026-06-20T21:06:28.847078Z",
    "market_slug": "eth-updown-5m-1781989500",
    "market_end_iso": "2026-06-20T21:10:00Z",
    "side": "DOWN",
    "token_id": "6978977681214568627244403868272787727489044570484805073934072321241190216114",
    "entry_price": 0.6502817829061183,
    "shares": 7.807074,
    "shares_requested": 7.807074,
    "cost_usdc": 5.076798,
    "cost_requested_usdc": 4.949998,
    "ctf_balance_after_open": 7.807074,
    "pusd_balance_after_open": 32.841099,
    "settle_wait_sec": 0.88,
    "balance_unconfirmed": false,
    "open_order_id": "0xfe78d73bdaba5d60102ef4986edc9a21bea43f939f1976c5d5334c0a75b517a4",
    "open_tx": "0xfb584829f107493abe6825b7e465beebbfc0088d86908f4bb1f88f387f5ebfb1"
  },
  "stop_loss_price": null,
  "close_debug": [
    {
      "ts": "2026-06-20T21:11:32.119629Z",
      "mode": "hold_to_settlement",
      "redeem_wait_sec": 90.66,
      "ctf_remaining": 7.807074
    }
  ],
  "closed": {
    "close_reason": "held_to_settlement",
    "closed_at": "2026-06-20T21:11:32.119615Z",
    "close_success": false,
    "close_status": "worthless",
    "close_order_id": null,
    "close_tx": null,
    "close_shares": 0.0,
    "close_shares_requested": 7.807074,
    "close_usdc": 0.0,
    "close_usdc_requested": 0.0,
    "ctf_remaining": 7.807074,
    "pusd_balance_after_close": 32.841099,
    "position_closed_on_chain": false,
    "close_settle_wait_sec": 90.66,
    "close_skipped": ""
  },
  "realized_cashflow_pnl_usdc": -5.076798,
  "finished_at": "2026-06-20T21:11:32.119635Z",
  "result": "done"
}
