{
  "started_at": "2026-06-20T15:45:36.252491Z",
  "params": {
    "profile": "conservative",
    "threshold": 0.62,
    "stake_usd": 5.0,
    "stop_loss_pct": 0.25,
    "exit_before_sec": 20,
    "min_entry_seconds_left": 60,
    "entry_timeout_min": 5,
    "poll_sec": 2.0,
    "close_retry_max": 30,
    "close_retry_delay_sec": 2.0,
    "execute": true
  },
  "attempts": [
    {
      "ts": "2026-06-20T15:45:36.752752Z",
      "slug": "btc-updown-5m-1781970300",
      "status": "heartbeat",
      "gamma_up": 0.495,
      "gamma_down": 0.505,
      "clob_up_ask": 0.69,
      "clob_down_ask": 0.32,
      "seconds_left": 263.7057228088379,
      "min_spread": 0.009999999999999898
    }
  ],
  "balance_errors": [],
  "open_raw": "{\"order_post_result\": {\"errorMsg\": \"\", \"orderID\": \"0xd4978e86ec4ad6448c26c56995496b5d968f45dd727291eba07931846fde8a7b\", \"takingAmount\": \"7.173912\", \"makingAmount\": \"4.949999\", \"status\": \"matched\", \"transactionsHashes\": [\"0xf02bf3139b209ae6a130173d8f96f116d61c21eb35c382bc24b19d111a381d5d\"], \"success\": true}, \"entry_price\": 0.6899999609696913, \"market_slug\": \"btc-updown-5m-1781970300\", \"token_id\": \"11883686110853704426041415979021107752297254351334333241324382215880971678736\", \"side\": \"UP\", \"best_bid\": 0.01, \"best_ask\": 0.99, \"price\": 0.99, \"size\": 5.0, \"budget_usd\": 5.0, \"min_order_size\": 5.0, \"neg_risk\": false, \"execute\": true}\n\n",
  "opened": {
    "opened_at": "2026-06-20T15:45:38.879579Z",
    "market_slug": "btc-updown-5m-1781970300",
    "market_end_iso": "2026-06-20T15:50:00Z",
    "side": "UP",
    "token_id": "11883686110853704426041415979021107752297254351334333241324382215880971678736",
    "entry_price": 0.6899999609696913,
    "shares": 6.518536,
    "shares_requested": 7.173912,
    "cost_usdc": 0.0,
    "cost_requested_usdc": 4.949999,
    "ctf_balance_after_open": 6.518536,
    "pusd_balance_after_open": 29.559935,
    "settle_wait_sec": 0.17,
    "balance_unconfirmed": false,
    "open_order_id": "0xd4978e86ec4ad6448c26c56995496b5d968f45dd727291eba07931846fde8a7b",
    "open_tx": "0xf02bf3139b209ae6a130173d8f96f116d61c21eb35c382bc24b19d111a381d5d"
  },
  "stop_loss_price": 0.5174999707272685,
  "last_side_price": 0.495,
  "last_check_at": "2026-06-20T15:45:38.933237Z",
  "close_debug": [
    {
      "ts": "2026-06-20T15:45:40.306037Z",
      "attempt": 1,
      "order_type": "FAK",
      "status": "matched",
      "close_skipped": ""
    }
  ],
  "close_raw": "{\"close_skipped\": \"\", \"order_post_result\": {\"errorMsg\": \"\", \"orderID\": \"0xba8e6dd2ca037d96f5f45fcba344574de72bd2472c691b8f6c983350f010a1d8\", \"takingAmount\": \"4.2966\", \"makingAmount\": \"6.51\", \"status\": \"matched\", \"transactionsHashes\": [\"0x0d80ecd6305746cf9878b7a1c5676e7a8bc0055d0e8c328948aeeacb2c894bd0\"], \"success\": true}, \"market_slug\": \"btc-updown-5m-1781970300\", \"token_id\": \"11883686110853704426041415979021107752297254351334333241324382215880971678736\", \"side\": \"SELL\", \"price\": 0.01, \"size\": 6.51, \"neg_risk\": false, \"execute\": true}\n\n",
  "closed": {
    "close_reason": "stop_loss_25pct",
    "closed_at": "2026-06-20T15:45:40.635108Z",
    "close_success": true,
    "close_status": "matched",
    "close_order_id": "0xba8e6dd2ca037d96f5f45fcba344574de72bd2472c691b8f6c983350f010a1d8",
    "close_tx": "0x0d80ecd6305746cf9878b7a1c5676e7a8bc0055d0e8c328948aeeacb2c894bd0",
    "close_shares": 0.0,
    "close_shares_requested": 6.51,
    "close_usdc": 0.0,
    "close_usdc_requested": 4.2966,
    "ctf_remaining": 13.692448,
    "pusd_balance_after_close": 24.502526,
    "position_closed_on_chain": false,
    "close_skipped": ""
  },
  "realized_cashflow_pnl_usdc": null,
  "finished_at": "2026-06-20T15:45:40.635125Z",
  "result": "done"
}
