{
  "started_at": "2026-06-20T19:45:40.095511Z",
  "params": {
    "profile": "conservative",
    "threshold": 0.58,
    "max_entry_price": 0.85,
    "stake_usd": 7.98,
    "stop_loss_pct": 0.0,
    "exit_before_sec": 5,
    "min_entry_seconds_left": 60,
    "entry_timeout_min": 5,
    "poll_sec": 2.0,
    "close_retry_max": 30,
    "close_retry_delay_sec": 2.0,
    "execute": true
  },
  "attempts": [
    {
      "ts": "2026-06-20T19:45:40.573155Z",
      "slug": "xrp-updown-5m-1781984700",
      "status": "heartbeat",
      "gamma_up": 0.5,
      "gamma_down": 0.5,
      "clob_up_ask": 0.57,
      "clob_down_ask": 0.44,
      "seconds_left": 259.86051416397095,
      "min_spread": 0.019999999999999907
    },
    {
      "ts": "2026-06-20T19:45:40.573171Z",
      "slug": "xrp-updown-5m-1781984700",
      "status": "skip_price_outside_band",
      "threshold": 0.58,
      "max_entry_price": 0.85,
      "clob_up_ask": 0.57,
      "clob_down_ask": 0.44,
      "seconds_left": 259.86051416397095
    },
    {
      "ts": "2026-06-20T19:45:43.034809Z",
      "slug": "xrp-updown-5m-1781984700",
      "status": "heartbeat",
      "gamma_up": 0.5,
      "gamma_down": 0.5,
      "clob_up_ask": 0.57,
      "clob_down_ask": 0.44,
      "seconds_left": 257.37841606140137,
      "min_spread": 0.009999999999999898
    },
    {
      "ts": "2026-06-20T19:45:43.034820Z",
      "slug": "xrp-updown-5m-1781984700",
      "status": "skip_price_outside_band",
      "threshold": 0.58,
      "max_entry_price": 0.85,
      "clob_up_ask": 0.57,
      "clob_down_ask": 0.44,
      "seconds_left": 257.37841606140137
    },
    {
      "ts": "2026-06-20T19:45:45.484292Z",
      "slug": "xrp-updown-5m-1781984700",
      "status": "heartbeat",
      "gamma_up": 0.5,
      "gamma_down": 0.5,
      "clob_up_ask": 0.5,
      "clob_down_ask": 0.51,
      "seconds_left": 254.9033420085907,
      "min_spread": 0.010000000000000009
    },
    {
      "ts": "2026-06-20T19:45:45.484323Z",
      "slug": "xrp-updown-5m-1781984700",
      "status": "skip_price_outside_band",
      "threshold": 0.58,
      "max_entry_price": 0.85,
      "clob_up_ask": 0.5,
      "clob_down_ask": 0.51,
      "seconds_left": 254.9033420085907
    },
    {
      "ts": "2026-06-20T19:45:47.949303Z",
      "slug": "xrp-updown-5m-1781984700",
      "status": "heartbeat",
      "gamma_up": 0.5,
      "gamma_down": 0.5,
      "clob_up_ask": 0.46,
      "clob_down_ask": 0.56,
      "seconds_left": 252.38602018356323,
      "min_spread": 0.020000000000000018
    },
    {
      "ts": "2026-06-20T19:45:47.949328Z",
      "slug": "xrp-updown-5m-1781984700",
      "status": "skip_price_outside_band",
      "threshold": 0.58,
      "max_entry_price": 0.85,
      "clob_up_ask": 0.46,
      "clob_down_ask": 0.56,
      "seconds_left": 252.38602018356323
    },
    {
      "ts": "2026-06-20T19:45:50.370575Z",
      "slug": "xrp-updown-5m-1781984700",
      "status": "heartbeat",
      "gamma_up": 0.5,
      "gamma_down": 0.5,
      "clob_up_ask": 0.46,
      "clob_down_ask": 0.57,
      "seconds_left": 249.99345111846924,
      "min_spread": 0.029999999999999916
    },
    {
      "ts": "2026-06-20T19:45:50.370611Z",
      "slug": "xrp-updown-5m-1781984700",
      "status": "skip_price_outside_band",
      "threshold": 0.58,
      "max_entry_price": 0.85,
      "clob_up_ask": 0.46,
      "clob_down_ask": 0.57,
      "seconds_left": 249.99345111846924
    },
    {
      "ts": "2026-06-20T19:45:52.823542Z",
      "slug": "xrp-updown-5m-1781984700",
      "status": "heartbeat",
      "gamma_up": 0.5,
      "gamma_down": 0.5,
      "clob_up_ask": 0.46,
      "clob_down_ask": 0.55,
      "seconds_left": 247.57442212104797,
      "min_spread": 0.010000000000000009
    },
    {
      "ts": "2026-06-20T19:45:52.823556Z",
      "slug": "xrp-updown-5m-1781984700",
      "status": "skip_price_outside_band",
      "threshold": 0.58,
      "max_entry_price": 0.85,
      "clob_up_ask": 0.46,
      "clob_down_ask": 0.55,
      "seconds_left": 247.57442212104797
    },
    {
      "ts": "2026-06-20T19:45:55.296310Z",
      "slug": "xrp-updown-5m-1781984700",
      "status": "heartbeat",
      "gamma_up": 0.5,
      "gamma_down": 0.5,
      "clob_up_ask": 0.46,
      "clob_down_ask": 0.55,
      "seconds_left": 245.0379819869995,
      "min_spread": 0.010000000000000009
    },
    {
      "ts": "2026-06-20T19:45:55.296329Z",
      "slug": "xrp-updown-5m-1781984700",
      "status": "skip_price_outside_band",
      "threshold": 0.58,
      "max_entry_price": 0.85,
      "clob_up_ask": 0.46,
      "clob_down_ask": 0.55,
      "seconds_left": 245.0379819869995
    },
    {
      "ts": "2026-06-20T19:45:57.703014Z",
      "slug": "xrp-updown-5m-1781984700",
      "status": "heartbeat",
      "gamma_up": 0.5,
      "gamma_down": 0.5,
      "clob_up_ask": 0.47,
      "clob_down_ask": 0.54,
      "seconds_left": 242.63488006591797,
      "min_spread": 0.009999999999999953
    },
    {
      "ts": "2026-06-20T19:45:57.703048Z",
      "slug": "xrp-updown-5m-1781984700",
      "status": "skip_price_outside_band",
      "threshold": 0.58,
      "max_entry_price": 0.85,
      "clob_up_ask": 0.47,
      "clob_down_ask": 0.54,
      "seconds_left": 242.63488006591797
    },
    {
      "ts": "2026-06-20T19:46:00.162871Z",
      "slug": "xrp-updown-5m-1781984700",
      "status": "heartbeat",
      "gamma_up": 0.5,
      "gamma_down": 0.5,
      "clob_up_ask": 0.47,
      "clob_down_ask": 0.54,
      "seconds_left": 240.22622990608215,
      "min_spread": 0.009999999999999953
    },
    {
      "ts": "2026-06-20T19:46:00.162904Z",
      "slug": "xrp-updown-5m-1781984700",
      "status": "skip_price_outside_band",
      "threshold": 0.58,
      "max_entry_price": 0.85,
      "clob_up_ask": 0.47,
      "clob_down_ask": 0.54,
      "seconds_left": 240.22622990608215
    },
    {
      "ts": "2026-06-20T19:46:02.633297Z",
      "slug": "xrp-updown-5m-1781984700",
      "status": "heartbeat",
      "gamma_up": 0.5,
      "gamma_down": 0.5,
      "clob_up_ask": 0.47,
      "clob_down_ask": 0.54,
      "seconds_left": 237.69719696044922,
      "min_spread": 0.009999999999999953
    },
    {
      "ts": "2026-06-20T19:46:02.633312Z",
      "slug": "xrp-updown-5m-1781984700",
      "status": "skip_price_outside_band",
      "threshold": 0.58,
      "max_entry_price": 0.85,
      "clob_up_ask": 0.47,
      "clob_down_ask": 0.54,
      "seconds_left": 237.69719696044922
    },
    {
      "ts": "2026-06-20T19:46:05.106595Z",
      "slug": "xrp-updown-5m-1781984700",
      "status": "heartbeat",
      "gamma_up": 0.5,
      "gamma_down": 0.5,
      "clob_up_ask": 0.48,
      "clob_down_ask": 0.53,
      "seconds_left": 235.2997817993164,
      "min_spread": 0.010000000000000009
    },
    {
      "ts": "2026-06-20T19:46:05.106615Z",
      "slug": "xrp-updown-5m-1781984700",
      "status": "skip_price_outside_band",
      "threshold": 0.58,
      "max_entry_price": 0.85,
      "clob_up_ask": 0.48,
      "clob_down_ask": 0.53,
      "seconds_left": 235.2997817993164
    },
    {
      "ts": "2026-06-20T19:46:07.550573Z",
      "slug": "xrp-updown-5m-1781984700",
      "status": "heartbeat",
      "gamma_up": 0.5,
      "gamma_down": 0.5,
      "clob_up_ask": 0.48,
      "clob_down_ask": 0.54,
      "seconds_left": 232.8277189731598,
      "min_spread": 0.010000000000000009
    },
    {
      "ts": "2026-06-20T19:46:07.550601Z",
      "slug": "xrp-updown-5m-1781984700",
      "status": "skip_price_outside_band",
      "threshold": 0.58,
      "max_entry_price": 0.85,
      "clob_up_ask": 0.48,
      "clob_down_ask": 0.54,
      "seconds_left": 232.8277189731598
    },
    {
      "ts": "2026-06-20T19:46:09.975221Z",
      "slug": "xrp-updown-5m-1781984700",
      "status": "heartbeat",
      "gamma_up": 0.5,
      "gamma_down": 0.5,
      "clob_up_ask": 0.48,
      "clob_down_ask": 0.53,
      "seconds_left": 230.3576090335846,
      "min_spread": 0.010000000000000009
    },
    {
      "ts": "2026-06-20T19:46:09.975266Z",
      "slug": "xrp-updown-5m-1781984700",
      "status": "skip_price_outside_band",
      "threshold": 0.58,
      "max_entry_price": 0.85,
      "clob_up_ask": 0.48,
      "clob_down_ask": 0.53,
      "seconds_left": 230.3576090335846
    },
    {
      "ts": "2026-06-20T19:46:12.390524Z",
      "slug": "xrp-updown-5m-1781984700",
      "status": "heartbeat",
      "gamma_up": 0.5,
      "gamma_down": 0.5,
      "clob_up_ask": 0.48,
      "clob_down_ask": 0.53,
      "seconds_left": 227.96034693717957,
      "min_spread": 0.010000000000000009
    },
    {
      "ts": "2026-06-20T19:46:12.390560Z",
      "slug": "xrp-updown-5m-1781984700",
      "status": "skip_price_outside_band",
      "threshold": 0.58,
      "max_entry_price": 0.85,
      "clob_up_ask": 0.48,
      "clob_down_ask": 0.53,
      "seconds_left": 227.96034693717957
    },
    {
      "ts": "2026-06-20T19:46:14.844977Z",
      "slug": "xrp-updown-5m-1781984700",
      "status": "heartbeat",
      "gamma_up": 0.5,
      "gamma_down": 0.5,
      "clob_up_ask": 0.49,
      "clob_down_ask": 0.52,
      "seconds_left": 225.55147290229797,
      "min_spread": 0.010000000000000009
    },
    {
      "ts": "2026-06-20T19:46:14.845006Z",
      "slug": "xrp-updown-5m-1781984700",
      "status": "skip_price_outside_band",
      "threshold": 0.58,
      "max_entry_price": 0.85,
      "clob_up_ask": 0.49,
      "clob_down_ask": 0.52,
      "seconds_left": 225.55147290229797
    },
    {
      "ts": "2026-06-20T19:46:17.317815Z",
      "slug": "xrp-updown-5m-1781984700",
      "status": "heartbeat",
      "gamma_up": 0.5,
      "gamma_down": 0.5,
      "clob_up_ask": 0.55,
      "clob_down_ask": 0.46,
      "seconds_left": 223.01078701019287,
      "min_spread": 0.010000000000000009
    },
    {
      "ts": "2026-06-20T19:46:17.317848Z",
      "slug": "xrp-updown-5m-1781984700",
      "status": "skip_price_outside_band",
      "threshold": 0.58,
      "max_entry_price": 0.85,
      "clob_up_ask": 0.55,
      "clob_down_ask": 0.46,
      "seconds_left": 223.01078701019287
    },
    {
      "ts": "2026-06-20T19:46:19.731430Z",
      "slug": "xrp-updown-5m-1781984700",
      "status": "heartbeat",
      "gamma_up": 0.5,
      "gamma_down": 0.5,
      "clob_up_ask": 0.55,
      "clob_down_ask": 0.46,
      "seconds_left": 220.64431595802307,
      "min_spread": 0.010000000000000009
    },
    {
      "ts": "2026-06-20T19:46:19.731463Z",
      "slug": "xrp-updown-5m-1781984700",
      "status": "skip_price_outside_band",
      "threshold": 0.58,
      "max_entry_price": 0.85,
      "clob_up_ask": 0.55,
      "clob_down_ask": 0.46,
      "seconds_left": 220.64431595802307
    },
    {
      "ts": "2026-06-20T19:46:22.184279Z",
      "slug": "xrp-updown-5m-1781984700",
      "status": "heartbeat",
      "gamma_up": 0.5,
      "gamma_down": 0.5,
      "clob_up_ask": 0.55,
      "clob_down_ask": 0.46,
      "seconds_left": 218.19981598854065,
      "min_spread": 0.010000000000000009
    },
    {
      "ts": "2026-06-20T19:46:22.184310Z",
      "slug": "xrp-updown-5m-1781984700",
      "status": "skip_price_outside_band",
      "threshold": 0.58,
      "max_entry_price": 0.85,
      "clob_up_ask": 0.55,
      "clob_down_ask": 0.46,
      "seconds_left": 218.19981598854065
    },
    {
      "ts": "2026-06-20T19:46:24.662640Z",
      "slug": "xrp-updown-5m-1781984700",
      "status": "heartbeat",
      "gamma_up": 0.5,
      "gamma_down": 0.5,
      "clob_up_ask": 0.55,
      "clob_down_ask": 0.46,
      "seconds_left": 215.67249417304993,
      "min_spread": 0.010000000000000009
    },
    {
      "ts": "2026-06-20T19:46:24.662677Z",
      "slug": "xrp-updown-5m-1781984700",
      "status": "skip_price_outside_band",
      "threshold": 0.58,
      "max_entry_price": 0.85,
      "clob_up_ask": 0.55,
      "clob_down_ask": 0.46,
      "seconds_left": 215.67249417304993
    },
    {
      "ts": "2026-06-20T19:46:27.087676Z",
      "slug": "xrp-updown-5m-1781984700",
      "status": "heartbeat",
      "gamma_up": 0.5,
      "gamma_down": 0.5,
      "clob_up_ask": 0.55,
      "clob_down_ask": 0.46,
      "seconds_left": 213.25792598724365,
      "min_spread": 0.010000000000000009
    },
    {
      "ts": "2026-06-20T19:46:27.087697Z",
      "slug": "xrp-updown-5m-1781984700",
      "status": "skip_price_outside_band",
      "threshold": 0.58,
      "max_entry_price": 0.85,
      "clob_up_ask": 0.55,
      "clob_down_ask": 0.46,
      "seconds_left": 213.25792598724365
    },
    {
      "ts": "2026-06-20T19:46:29.524333Z",
      "slug": "xrp-updown-5m-1781984700",
      "status": "heartbeat",
      "gamma_up": 0.5,
      "gamma_down": 0.5,
      "clob_up_ask": 0.55,
      "clob_down_ask": 0.46,
      "seconds_left": 210.85166096687317,
      "min_spread": 0.010000000000000009
    },
    {
      "ts": "2026-06-20T19:46:29.524344Z",
      "slug": "xrp-updown-5m-1781984700",
      "status": "skip_price_outside_band",
      "threshold": 0.58,
      "max_entry_price": 0.85,
      "clob_up_ask": 0.55,
      "clob_down_ask": 0.46,
      "seconds_left": 210.85166096687317
    },
    {
      "ts": "2026-06-20T19:46:32.006967Z",
      "slug": "xrp-updown-5m-1781984700",
      "status": "heartbeat",
      "gamma_up": 0.5,
      "gamma_down": 0.5,
      "clob_up_ask": 0.55,
      "clob_down_ask": 0.46,
      "seconds_left": 208.34364295005798,
      "min_spread": 0.010000000000000009
    },
    {
      "ts": "2026-06-20T19:46:32.006977Z",
      "slug": "xrp-updown-5m-1781984700",
      "status": "skip_price_outside_band",
      "threshold": 0.58,
      "max_entry_price": 0.85,
      "clob_up_ask": 0.55,
      "clob_down_ask": 0.46,
      "seconds_left": 208.34364295005798
    },
    {
      "ts": "2026-06-20T19:46:34.407255Z",
      "slug": "xrp-updown-5m-1781984700",
      "status": "heartbeat",
      "gamma_up": 0.5,
      "gamma_down": 0.5,
      "clob_up_ask": 0.55,
      "clob_down_ask": 0.46,
      "seconds_left": 205.94510102272034,
      "min_spread": 0.010000000000000009
    },
    {
      "ts": "2026-06-20T19:46:34.407267Z",
      "slug": "xrp-updown-5m-1781984700",
      "status": "skip_price_outside_band",
      "threshold": 0.58,
      "max_entry_price": 0.85,
      "clob_up_ask": 0.55,
      "clob_down_ask": 0.46,
      "seconds_left": 205.94510102272034
    },
    {
      "ts": "2026-06-20T19:46:36.864545Z",
      "slug": "xrp-updown-5m-1781984700",
      "status": "heartbeat",
      "gamma_up": 0.5,
      "gamma_down": 0.5,
      "clob_up_ask": 0.53,
      "clob_down_ask": 0.49,
      "seconds_left": 203.54057502746582,
      "min_spread": 0.020000000000000018
    },
    {
      "ts": "2026-06-20T19:46:36.864557Z",
      "slug": "xrp-updown-5m-1781984700",
      "status": "skip_price_outside_band",
      "threshold": 0.58,
      "max_entry_price": 0.85,
      "clob_up_ask": 0.53,
      "clob_down_ask": 0.49,
      "seconds_left": 203.54057502746582
    },
    {
      "ts": "2026-06-20T19:46:39.328341Z",
      "slug": "xrp-updown-5m-1781984700",
      "status": "heartbeat",
      "gamma_up": 0.5,
      "gamma_down": 0.5,
      "clob_up_ask": 0.53,
      "clob_down_ask": 0.5,
      "seconds_left": 201.00631093978882,
      "min_spread": 0.030000000000000027
    },
    {
      "ts": "2026-06-20T19:46:39.328356Z",
      "slug": "xrp-updown-5m-1781984700",
      "status": "skip_price_outside_band",
      "threshold": 0.58,
      "max_entry_price": 0.85,
      "clob_up_ask": 0.53,
      "clob_down_ask": 0.5,
      "seconds_left": 201.00631093978882
    },
    {
      "ts": "2026-06-20T19:46:41.745963Z",
      "slug": "xrp-updown-5m-1781984700",
      "status": "heartbeat",
      "gamma_up": 0.5,
      "gamma_down": 0.5,
      "clob_up_ask": 0.53,
      "clob_down_ask": 0.5,
      "seconds_left": 198.62411284446716,
      "min_spread": 0.030000000000000027
    },
    {
      "ts": "2026-06-20T19:46:41.745978Z",
      "slug": "xrp-updown-5m-1781984700",
      "status": "skip_price_outside_band",
      "threshold": 0.58,
      "max_entry_price": 0.85,
      "clob_up_ask": 0.53,
      "clob_down_ask": 0.5,
      "seconds_left": 198.62411284446716
    },
    {
      "ts": "2026-06-20T19:46:44.204457Z",
      "slug": "xrp-updown-5m-1781984700",
      "status": "heartbeat",
      "gamma_up": 0.5,
      "gamma_down": 0.5,
      "clob_up_ask": 0.54,
      "clob_down_ask": 0.47,
      "seconds_left": 196.20105695724487,
      "min_spread": 0.009999999999999953
    },
    {
      "ts": "2026-06-20T19:46:44.204475Z",
      "slug": "xrp-updown-5m-1781984700",
      "status": "skip_price_outside_band",
      "threshold": 0.58,
      "max_entry_price": 0.85,
      "clob_up_ask": 0.54,
      "clob_down_ask": 0.47,
      "seconds_left": 196.20105695724487
    },
    {
      "ts": "2026-06-20T19:46:46.696772Z",
      "slug": "xrp-updown-5m-1781984700",
      "status": "heartbeat",
      "gamma_up": 0.5,
      "gamma_down": 0.5,
      "clob_up_ask": 0.54,
      "clob_down_ask": 0.47,
      "seconds_left": 193.66314697265625,
      "min_spread": 0.009999999999999953
    },
    {
      "ts": "2026-06-20T19:46:46.696786Z",
      "slug": "xrp-updown-5m-1781984700",
      "status": "skip_price_outside_band",
      "threshold": 0.58,
      "max_entry_price": 0.85,
      "clob_up_ask": 0.54,
      "clob_down_ask": 0.47,
      "seconds_left": 193.66314697265625
    },
    {
      "ts": "2026-06-20T19:46:49.088305Z",
      "slug": "xrp-updown-5m-1781984700",
      "status": "heartbeat",
      "gamma_up": 0.5,
      "gamma_down": 0.5,
      "clob_up_ask": 0.55,
      "clob_down_ask": 0.46,
      "seconds_left": 191.25464010238647,
      "min_spread": 0.010000000000000009
    },
    {
      "ts": "2026-06-20T19:46:49.088317Z",
      "slug": "xrp-updown-5m-1781984700",
      "status": "skip_price_outside_band",
      "threshold": 0.58,
      "max_entry_price": 0.85,
      "clob_up_ask": 0.55,
      "clob_down_ask": 0.46,
      "seconds_left": 191.25464010238647
    },
    {
      "ts": "2026-06-20T19:46:51.544539Z",
      "slug": "xrp-updown-5m-1781984700",
      "status": "heartbeat",
      "gamma_up": 0.5,
      "gamma_down": 0.5,
      "clob_up_ask": 0.54,
      "clob_down_ask": 0.47,
      "seconds_left": 188.86711716651917,
      "min_spread": 0.009999999999999953
    },
    {
      "ts": "2026-06-20T19:46:51.544554Z",
      "slug": "xrp-updown-5m-1781984700",
      "status": "skip_price_outside_band",
      "threshold": 0.58,
      "max_entry_price": 0.85,
      "clob_up_ask": 0.54,
      "clob_down_ask": 0.47,
      "seconds_left": 188.86711716651917
    },
    {
      "ts": "2026-06-20T19:46:54.006602Z",
      "slug": "xrp-updown-5m-1781984700",
      "status": "heartbeat",
      "gamma_up": 0.5,
      "gamma_down": 0.5,
      "clob_up_ask": 0.55,
      "clob_down_ask": 0.47,
      "seconds_left": 186.3201448917389,
      "min_spread": 0.019999999999999962
    },
    {
      "ts": "2026-06-20T19:46:54.006613Z",
      "slug": "xrp-updown-5m-1781984700",
      "status": "skip_price_outside_band",
      "threshold": 0.58,
      "max_entry_price": 0.85,
      "clob_up_ask": 0.55,
      "clob_down_ask": 0.47,
      "seconds_left": 186.3201448917389
    },
    {
      "ts": "2026-06-20T19:46:56.428694Z",
      "slug": "xrp-updown-5m-1781984700",
      "status": "heartbeat",
      "gamma_up": 0.5,
      "gamma_down": 0.5,
      "clob_up_ask": 0.44,
      "clob_down_ask": 0.59,
      "seconds_left": 183.93910598754883,
      "min_spread": 0.010000000000000009
    }
  ],
  "balance_errors": [],
  "open_raw": "{\"order_post_result\": {\"errorMsg\": \"\", \"orderID\": \"0x1b9a0381f84f0c0211306292d003b0adeafa26abe8a9a0dfeba514675061dedb\", \"takingAmount\": \"13.423726\", \"makingAmount\": \"7.919998\", \"status\": \"matched\", \"transactionsHashes\": [\"0x91bc5013e5634ceed06b6fa3a299d0716baf5d9b3a5cbd64590e4e853f7db199\"], \"success\": true}, \"entry_price\": 0.5899999746717118, \"market_slug\": \"xrp-updown-5m-1781984700\", \"token_id\": \"64560903497924331183583623765837697124977932846375941081652519017327366267688\", \"side\": \"DOWN\", \"best_bid\": 0.01, \"best_ask\": 0.99, \"price\": 0.99, \"size\": 8.0, \"budget_usd\": 7.98, \"min_order_size\": 5.0, \"neg_risk\": false, \"execute\": true}\n\n",
  "opened": {
    "opened_at": "2026-06-20T19:47:00.782542Z",
    "market_slug": "xrp-updown-5m-1781984700",
    "market_end_iso": "2026-06-20T19:50:00Z",
    "side": "DOWN",
    "token_id": "64560903497924331183583623765837697124977932846375941081652519017327366267688",
    "entry_price": 0.6069326802409405,
    "shares": 13.423726,
    "shares_requested": 13.423726,
    "cost_usdc": 8.147298,
    "cost_requested_usdc": 7.919998,
    "ctf_balance_after_open": 13.423726,
    "pusd_balance_after_open": 22.284463,
    "settle_wait_sec": 2.2,
    "balance_unconfirmed": false,
    "open_order_id": "0x1b9a0381f84f0c0211306292d003b0adeafa26abe8a9a0dfeba514675061dedb",
    "open_tx": "0x91bc5013e5634ceed06b6fa3a299d0716baf5d9b3a5cbd64590e4e853f7db199"
  },
  "stop_loss_price": null,
  "close_debug": [
    {
      "ts": "2026-06-20T19:51:03.079042Z",
      "mode": "hold_to_settlement",
      "redeem_wait_sec": 61.73,
      "ctf_remaining": 0.0
    }
  ],
  "closed": {
    "close_reason": "held_to_settlement",
    "closed_at": "2026-06-20T19:51:03.079034Z",
    "close_success": true,
    "close_status": "redeemed",
    "close_order_id": null,
    "close_tx": null,
    "close_shares": 13.423726,
    "close_shares_requested": 13.423726,
    "close_usdc": 13.423726,
    "close_usdc_requested": 0.0,
    "ctf_remaining": 0.0,
    "pusd_balance_after_close": 35.708189,
    "position_closed_on_chain": true,
    "close_settle_wait_sec": 61.73,
    "close_skipped": ""
  },
  "realized_cashflow_pnl_usdc": 5.276428,
  "finished_at": "2026-06-20T19:51:03.079045Z",
  "result": "done"
}
